<?xml version="1.0" encoding="UTF-8" standalone="yes"?>
<ns2:test-suite start="1516249357752" stop="1516250440723" version="1.5.4" xmlns:ns2="urn:model.allure.qatools.yandex.ru">
    <name>Surefire suite : Surefire test</name>
    <title>Surefire suite : Surefire test</title>
    <test-cases>
        <test-case start="1516249358147" stop="1516249377542" status="passed">
            <name>TestCase01_02</name>
            <steps/>
            <attachments/>
            <labels>
                <label name="testSuite" value="Surefire suite"/>
                <label name="testGroup" value="Surefire test"/>
                <label name="testClass" value="core.TubiTVTest"/>
                <label name="testMethod" value="TestCase01_02"/>
                <label name="host" value="MacBook-Pro-3.local"/>
                <label name="thread" value="35635@MacBook-Pro-3.local.main(1)"/>
            </labels>
        </test-case>
        <test-case start="1516249377551" stop="1516249402584" status="broken">
            <name>TestCase01_02_1</name>
            <failure>
                <message>IndexOutOfBoundsException: Index: 1, Size: 1</message>
                <stack-trace>java.lang.IndexOutOfBoundsException: Index: 1, Size: 1
	at java.util.ArrayList.rangeCheck(ArrayList.java:653)
	at java.util.ArrayList.get(ArrayList.java:429)
	at core.Testcase1_02_1.TestCase1_02_1(Testcase1_02_1.java:55)
	at core.TubiTVTest.TestCase01_02_1(TubiTVTest.java:41)
	at sun.reflect.NativeMethodAccessorImpl.invoke0(Native Method)
	at sun.reflect.NativeMethodAccessorImpl.invoke(NativeMethodAccessorImpl.java:62)
	at sun.reflect.DelegatingMethodAccessorImpl.invoke(DelegatingMethodAccessorImpl.java:43)
	at java.lang.reflect.Method.invoke(Method.java:498)
	at org.testng.internal.MethodInvocationHelper.invokeMethod(MethodInvocationHelper.java:108)
	at org.testng.internal.Invoker.invokeMethod(Invoker.java:661)
	at org.testng.internal.Invoker.invokeTestMethod(Invoker.java:869)
	at org.testng.internal.Invoker.invokeTestMethods(Invoker.java:1193)
	at org.testng.internal.TestMethodWorker.invokeTestMethods(TestMethodWorker.java:126)
	at org.testng.internal.TestMethodWorker.run(TestMethodWorker.java:109)
	at org.testng.TestRunner.privateRun(TestRunner.java:744)
	at org.testng.TestRunner.run(TestRunner.java:602)
	at org.testng.SuiteRunner.runTest(SuiteRunner.java:380)
	at org.testng.SuiteRunner.runSequentially(SuiteRunner.java:375)
	at org.testng.SuiteRunner.privateRun(SuiteRunner.java:340)
	at org.testng.SuiteRunner.run(SuiteRunner.java:289)
	at org.testng.SuiteRunnerWorker.runSuite(SuiteRunnerWorker.java:52)
	at org.testng.SuiteRunnerWorker.run(SuiteRunnerWorker.java:86)
	at org.testng.TestNG.runSuitesSequentially(TestNG.java:1301)
	at org.testng.TestNG.runSuitesLocally(TestNG.java:1226)
	at org.testng.TestNG.runSuites(TestNG.java:1144)
	at org.testng.TestNG.run(TestNG.java:1115)
	at org.apache.maven.surefire.testng.TestNGExecutor.run(TestNGExecutor.java:135)
	at org.apache.maven.surefire.testng.TestNGDirectoryTestSuite.executeSingleClass(TestNGDirectoryTestSuite.java:112)
	at org.apache.maven.surefire.testng.TestNGDirectoryTestSuite.execute(TestNGDirectoryTestSuite.java:99)
	at org.apache.maven.surefire.testng.TestNGProvider.invoke(TestNGProvider.java:146)
	at org.apache.maven.surefire.booter.ForkedBooter.invokeProviderInSameClassLoader(ForkedBooter.java:386)
	at org.apache.maven.surefire.booter.ForkedBooter.runSuitesInProcess(ForkedBooter.java:323)
	at org.apache.maven.surefire.booter.ForkedBooter.main(ForkedBooter.java:143)
</stack-trace>
            </failure>
            <steps/>
            <attachments/>
            <labels>
                <label name="testSuite" value="Surefire suite"/>
                <label name="testGroup" value="Surefire test"/>
                <label name="testClass" value="core.TubiTVTest"/>
                <label name="testMethod" value="TestCase01_02_1"/>
                <label name="host" value="MacBook-Pro-3.local"/>
                <label name="thread" value="35635@MacBook-Pro-3.local.main(1)"/>
            </labels>
        </test-case>
        <test-case start="1516249402586" stop="1516249414542" status="passed">
            <name>TestCase01_03</name>
            <steps/>
            <attachments/>
            <labels>
                <label name="testSuite" value="Surefire suite"/>
                <label name="testGroup" value="Surefire test"/>
                <label name="testClass" value="core.TubiTVTest"/>
                <label name="testMethod" value="TestCase01_03"/>
                <label name="host" value="MacBook-Pro-3.local"/>
                <label name="thread" value="35635@MacBook-Pro-3.local.main(1)"/>
            </labels>
        </test-case>
        <test-case start="1516249414546" stop="1516249425226" status="passed">
            <name>TestCase01_04</name>
            <steps/>
            <attachments/>
            <labels>
                <label name="testSuite" value="Surefire suite"/>
                <label name="testGroup" value="Surefire test"/>
                <label name="testClass" value="core.TubiTVTest"/>
                <label name="testMethod" value="TestCase01_04"/>
                <label name="host" value="MacBook-Pro-3.local"/>
                <label name="thread" value="35635@MacBook-Pro-3.local.main(1)"/>
            </labels>
        </test-case>
        <test-case start="1516249425234" stop="1516249444347" status="passed">
            <name>TestCase01_05</name>
            <steps/>
            <attachments/>
            <labels>
                <label name="testSuite" value="Surefire suite"/>
                <label name="testGroup" value="Surefire test"/>
                <label name="testClass" value="core.TubiTVTest"/>
                <label name="testMethod" value="TestCase01_05"/>
                <label name="host" value="MacBook-Pro-3.local"/>
                <label name="thread" value="35635@MacBook-Pro-3.local.main(1)"/>
            </labels>
        </test-case>
        <test-case start="1516249444357" stop="1516249463836" status="passed">
            <name>TestCase01_06</name>
            <steps/>
            <attachments/>
            <labels>
                <label name="testSuite" value="Surefire suite"/>
                <label name="testGroup" value="Surefire test"/>
                <label name="testClass" value="core.TubiTVTest"/>
                <label name="testMethod" value="TestCase01_06"/>
                <label name="host" value="MacBook-Pro-3.local"/>
                <label name="thread" value="35635@MacBook-Pro-3.local.main(1)"/>
            </labels>
        </test-case>
        <test-case start="1516249463841" stop="1516249478773" status="passed">
            <name>TestCase01_07</name>
            <steps/>
            <attachments/>
            <labels>
                <label name="testSuite" value="Surefire suite"/>
                <label name="testGroup" value="Surefire test"/>
                <label name="testClass" value="core.TubiTVTest"/>
                <label name="testMethod" value="TestCase01_07"/>
                <label name="host" value="MacBook-Pro-3.local"/>
                <label name="thread" value="35635@MacBook-Pro-3.local.main(1)"/>
            </labels>
        </test-case>
        <test-case start="1516249478776" stop="1516249492938" status="passed">
            <name>TestCase01_08</name>
            <steps/>
            <attachments/>
            <labels>
                <label name="testSuite" value="Surefire suite"/>
                <label name="testGroup" value="Surefire test"/>
                <label name="testClass" value="core.TubiTVTest"/>
                <label name="testMethod" value="TestCase01_08"/>
                <label name="host" value="MacBook-Pro-3.local"/>
                <label name="thread" value="35635@MacBook-Pro-3.local.main(1)"/>
            </labels>
        </test-case>
        <test-case start="1516249492941" stop="1516249507810" status="passed">
            <name>TestCase01_09</name>
            <steps/>
            <attachments/>
            <labels>
                <label name="testSuite" value="Surefire suite"/>
                <label name="testGroup" value="Surefire test"/>
                <label name="testClass" value="core.TubiTVTest"/>
                <label name="testMethod" value="TestCase01_09"/>
                <label name="host" value="MacBook-Pro-3.local"/>
                <label name="thread" value="35635@MacBook-Pro-3.local.main(1)"/>
            </labels>
        </test-case>
        <test-case start="1516249507813" stop="1516249523157" status="passed">
            <name>TestCase01_10</name>
            <steps/>
            <attachments/>
            <labels>
                <label name="testSuite" value="Surefire suite"/>
                <label name="testGroup" value="Surefire test"/>
                <label name="testClass" value="core.TubiTVTest"/>
                <label name="testMethod" value="TestCase01_10"/>
                <label name="host" value="MacBook-Pro-3.local"/>
                <label name="thread" value="35635@MacBook-Pro-3.local.main(1)"/>
            </labels>
        </test-case>
        <test-case start="1516249523161" stop="1516249537525" status="passed">
            <name>TestCase01_11</name>
            <steps/>
            <attachments/>
            <labels>
                <label name="testSuite" value="Surefire suite"/>
                <label name="testGroup" value="Surefire test"/>
                <label name="testClass" value="core.TubiTVTest"/>
                <label name="testMethod" value="TestCase01_11"/>
                <label name="host" value="MacBook-Pro-3.local"/>
                <label name="thread" value="35635@MacBook-Pro-3.local.main(1)"/>
            </labels>
        </test-case>
        <test-case start="1516249537528" stop="1516249554516" status="passed">
            <name>TestCase01_12</name>
            <steps/>
            <attachments/>
            <labels>
                <label name="testSuite" value="Surefire suite"/>
                <label name="testGroup" value="Surefire test"/>
                <label name="testClass" value="core.TubiTVTest"/>
                <label name="testMethod" value="TestCase01_12"/>
                <label name="host" value="MacBook-Pro-3.local"/>
                <label name="thread" value="35635@MacBook-Pro-3.local.main(1)"/>
            </labels>
        </test-case>
        <test-case start="1516249554521" stop="1516249569424" status="passed">
            <name>TestCase01_13</name>
            <steps/>
            <attachments/>
            <labels>
                <label name="testSuite" value="Surefire suite"/>
                <label name="testGroup" value="Surefire test"/>
                <label name="testClass" value="core.TubiTVTest"/>
                <label name="testMethod" value="TestCase01_13"/>
                <label name="host" value="MacBook-Pro-3.local"/>
                <label name="thread" value="35635@MacBook-Pro-3.local.main(1)"/>
            </labels>
        </test-case>
        <test-case start="1516249569426" stop="1516249584114" status="passed">
            <name>TestCase01_14</name>
            <steps/>
            <attachments/>
            <labels>
                <label name="testSuite" value="Surefire suite"/>
                <label name="testGroup" value="Surefire test"/>
                <label name="testClass" value="core.TubiTVTest"/>
                <label name="testMethod" value="TestCase01_14"/>
                <label name="host" value="MacBook-Pro-3.local"/>
                <label name="thread" value="35635@MacBook-Pro-3.local.main(1)"/>
            </labels>
        </test-case>
        <test-case start="1516249584118" stop="1516249598880" status="passed">
            <name>TestCase01_15</name>
            <steps/>
            <attachments/>
            <labels>
                <label name="testSuite" value="Surefire suite"/>
                <label name="testGroup" value="Surefire test"/>
                <label name="testClass" value="core.TubiTVTest"/>
                <label name="testMethod" value="TestCase01_15"/>
                <label name="host" value="MacBook-Pro-3.local"/>
                <label name="thread" value="35635@MacBook-Pro-3.local.main(1)"/>
            </labels>
        </test-case>
        <test-case start="1516249598882" stop="1516249613091" status="passed">
            <name>TestCase01_16</name>
            <steps/>
            <attachments/>
            <labels>
                <label name="testSuite" value="Surefire suite"/>
                <label name="testGroup" value="Surefire test"/>
                <label name="testClass" value="core.TubiTVTest"/>
                <label name="testMethod" value="TestCase01_16"/>
                <label name="host" value="MacBook-Pro-3.local"/>
                <label name="thread" value="35635@MacBook-Pro-3.local.main(1)"/>
            </labels>
        </test-case>
        <test-case start="1516249613095" stop="1516249639672" status="passed">
            <name>TestCase01_17</name>
            <steps/>
            <attachments/>
            <labels>
                <label name="testSuite" value="Surefire suite"/>
                <label name="testGroup" value="Surefire test"/>
                <label name="testClass" value="core.TubiTVTest"/>
                <label name="testMethod" value="TestCase01_17"/>
                <label name="host" value="MacBook-Pro-3.local"/>
                <label name="thread" value="35635@MacBook-Pro-3.local.main(1)"/>
            </labels>
        </test-case>
        <test-case start="1516249639675" stop="1516249654401" status="passed">
            <name>TestCase01_18</name>
            <steps/>
            <attachments/>
            <labels>
                <label name="testSuite" value="Surefire suite"/>
                <label name="testGroup" value="Surefire test"/>
                <label name="testClass" value="core.TubiTVTest"/>
                <label name="testMethod" value="TestCase01_18"/>
                <label name="host" value="MacBook-Pro-3.local"/>
                <label name="thread" value="35635@MacBook-Pro-3.local.main(1)"/>
            </labels>
        </test-case>
        <test-case start="1516249654404" stop="1516249668907" status="passed">
            <name>TestCase01_19</name>
            <steps/>
            <attachments/>
            <labels>
                <label name="testSuite" value="Surefire suite"/>
                <label name="testGroup" value="Surefire test"/>
                <label name="testClass" value="core.TubiTVTest"/>
                <label name="testMethod" value="TestCase01_19"/>
                <label name="host" value="MacBook-Pro-3.local"/>
                <label name="thread" value="35635@MacBook-Pro-3.local.main(1)"/>
            </labels>
        </test-case>
        <test-case start="1516249668909" stop="1516249682519" status="failed">
            <name>TestCase01_20</name>
            <failure>
                <message>AssertionError: 
Expected: "You must be 13 years or older"
     but: was "Email has already been used. Please Login or Reset your password"</message>
                <stack-trace>java.lang.AssertionError: 
Expected: "You must be 13 years or older"
     but: was "Email has already been used. Please Login or Reset your password"
	at org.hamcrest.MatcherAssert.assertThat(MatcherAssert.java:18)
	at org.hamcrest.MatcherAssert.assertThat(MatcherAssert.java:6)
	at core.TubiTVTest.TestCase01_20(TubiTVTest.java:108)
	at sun.reflect.NativeMethodAccessorImpl.invoke0(Native Method)
	at sun.reflect.NativeMethodAccessorImpl.invoke(NativeMethodAccessorImpl.java:62)
	at sun.reflect.DelegatingMethodAccessorImpl.invoke(DelegatingMethodAccessorImpl.java:43)
	at java.lang.reflect.Method.invoke(Method.java:498)
	at org.testng.internal.MethodInvocationHelper.invokeMethod(MethodInvocationHelper.java:108)
	at org.testng.internal.Invoker.invokeMethod(Invoker.java:661)
	at org.testng.internal.Invoker.invokeTestMethod(Invoker.java:869)
	at org.testng.internal.Invoker.invokeTestMethods(Invoker.java:1193)
	at org.testng.internal.TestMethodWorker.invokeTestMethods(TestMethodWorker.java:126)
	at org.testng.internal.TestMethodWorker.run(TestMethodWorker.java:109)
	at org.testng.TestRunner.privateRun(TestRunner.java:744)
	at org.testng.TestRunner.run(TestRunner.java:602)
	at org.testng.SuiteRunner.runTest(SuiteRunner.java:380)
	at org.testng.SuiteRunner.runSequentially(SuiteRunner.java:375)
	at org.testng.SuiteRunner.privateRun(SuiteRunner.java:340)
	at org.testng.SuiteRunner.run(SuiteRunner.java:289)
	at org.testng.SuiteRunnerWorker.runSuite(SuiteRunnerWorker.java:52)
	at org.testng.SuiteRunnerWorker.run(SuiteRunnerWorker.java:86)
	at org.testng.TestNG.runSuitesSequentially(TestNG.java:1301)
	at org.testng.TestNG.runSuitesLocally(TestNG.java:1226)
	at org.testng.TestNG.runSuites(TestNG.java:1144)
	at org.testng.TestNG.run(TestNG.java:1115)
	at org.apache.maven.surefire.testng.TestNGExecutor.run(TestNGExecutor.java:135)
	at org.apache.maven.surefire.testng.TestNGDirectoryTestSuite.executeSingleClass(TestNGDirectoryTestSuite.java:112)
	at org.apache.maven.surefire.testng.TestNGDirectoryTestSuite.execute(TestNGDirectoryTestSuite.java:99)
	at org.apache.maven.surefire.testng.TestNGProvider.invoke(TestNGProvider.java:146)
	at org.apache.maven.surefire.booter.ForkedBooter.invokeProviderInSameClassLoader(ForkedBooter.java:386)
	at org.apache.maven.surefire.booter.ForkedBooter.runSuitesInProcess(ForkedBooter.java:323)
	at org.apache.maven.surefire.booter.ForkedBooter.main(ForkedBooter.java:143)
</stack-trace>
            </failure>
            <steps/>
            <attachments/>
            <labels>
                <label name="testSuite" value="Surefire suite"/>
                <label name="testGroup" value="Surefire test"/>
                <label name="testClass" value="core.TubiTVTest"/>
                <label name="testMethod" value="TestCase01_20"/>
                <label name="host" value="MacBook-Pro-3.local"/>
                <label name="thread" value="35635@MacBook-Pro-3.local.main(1)"/>
            </labels>
        </test-case>
        <test-case start="1516249682521" stop="1516249704598" status="passed">
            <name>TestCase01_21</name>
            <steps/>
            <attachments/>
            <labels>
                <label name="testSuite" value="Surefire suite"/>
                <label name="testGroup" value="Surefire test"/>
                <label name="testClass" value="core.TubiTVTest"/>
                <label name="testMethod" value="TestCase01_21"/>
                <label name="host" value="MacBook-Pro-3.local"/>
                <label name="thread" value="35635@MacBook-Pro-3.local.main(1)"/>
            </labels>
        </test-case>
        <test-case start="1516249704601" stop="1516249728948" status="passed">
            <name>TestCase01_22</name>
            <steps/>
            <attachments/>
            <labels>
                <label name="testSuite" value="Surefire suite"/>
                <label name="testGroup" value="Surefire test"/>
                <label name="testClass" value="core.TubiTVTest"/>
                <label name="testMethod" value="TestCase01_22"/>
                <label name="host" value="MacBook-Pro-3.local"/>
                <label name="thread" value="35635@MacBook-Pro-3.local.main(1)"/>
            </labels>
        </test-case>
        <test-case start="1516249728953" stop="1516249742358" status="passed">
            <name>TestCase02_01</name>
            <steps/>
            <attachments/>
            <labels>
                <label name="testSuite" value="Surefire suite"/>
                <label name="testGroup" value="Surefire test"/>
                <label name="testClass" value="core.TubiTVTest"/>
                <label name="testMethod" value="TestCase02_01"/>
                <label name="host" value="MacBook-Pro-3.local"/>
                <label name="thread" value="35635@MacBook-Pro-3.local.main(1)"/>
            </labels>
        </test-case>
        <test-case start="1516249742361" stop="1516249751887" status="passed">
            <name>TestCase02_02</name>
            <steps/>
            <attachments/>
            <labels>
                <label name="testSuite" value="Surefire suite"/>
                <label name="testGroup" value="Surefire test"/>
                <label name="testClass" value="core.TubiTVTest"/>
                <label name="testMethod" value="TestCase02_02"/>
                <label name="host" value="MacBook-Pro-3.local"/>
                <label name="thread" value="35635@MacBook-Pro-3.local.main(1)"/>
            </labels>
        </test-case>
        <test-case start="1516249751889" stop="1516249761288" status="passed">
            <name>TestCase02_03</name>
            <steps/>
            <attachments/>
            <labels>
                <label name="testSuite" value="Surefire suite"/>
                <label name="testGroup" value="Surefire test"/>
                <label name="testClass" value="core.TubiTVTest"/>
                <label name="testMethod" value="TestCase02_03"/>
                <label name="host" value="MacBook-Pro-3.local"/>
                <label name="thread" value="35635@MacBook-Pro-3.local.main(1)"/>
            </labels>
        </test-case>
        <test-case start="1516249761291" stop="1516249770728" status="passed">
            <name>TestCase02_04</name>
            <steps/>
            <attachments/>
            <labels>
                <label name="testSuite" value="Surefire suite"/>
                <label name="testGroup" value="Surefire test"/>
                <label name="testClass" value="core.TubiTVTest"/>
                <label name="testMethod" value="TestCase02_04"/>
                <label name="host" value="MacBook-Pro-3.local"/>
                <label name="thread" value="35635@MacBook-Pro-3.local.main(1)"/>
            </labels>
        </test-case>
        <test-case start="1516249770731" stop="1516249784687" status="failed">
            <name>TestCase02_05</name>
            <failure>
                <message>AssertionError: 
Expected: "https://tubitv.com/home"
     but: was "https://tubitv.com/login?redirect=/signup"</message>
                <stack-trace>java.lang.AssertionError: 
Expected: "https://tubitv.com/home"
     but: was "https://tubitv.com/login?redirect=/signup"
	at org.hamcrest.MatcherAssert.assertThat(MatcherAssert.java:18)
	at org.hamcrest.MatcherAssert.assertThat(MatcherAssert.java:6)
	at core.TubiTVTest.TestCase02_05(TubiTVTest.java:151)
	at sun.reflect.NativeMethodAccessorImpl.invoke0(Native Method)
	at sun.reflect.NativeMethodAccessorImpl.invoke(NativeMethodAccessorImpl.java:62)
	at sun.reflect.DelegatingMethodAccessorImpl.invoke(DelegatingMethodAccessorImpl.java:43)
	at java.lang.reflect.Method.invoke(Method.java:498)
	at org.testng.internal.MethodInvocationHelper.invokeMethod(MethodInvocationHelper.java:108)
	at org.testng.internal.Invoker.invokeMethod(Invoker.java:661)
	at org.testng.internal.Invoker.invokeTestMethod(Invoker.java:869)
	at org.testng.internal.Invoker.invokeTestMethods(Invoker.java:1193)
	at org.testng.internal.TestMethodWorker.invokeTestMethods(TestMethodWorker.java:126)
	at org.testng.internal.TestMethodWorker.run(TestMethodWorker.java:109)
	at org.testng.TestRunner.privateRun(TestRunner.java:744)
	at org.testng.TestRunner.run(TestRunner.java:602)
	at org.testng.SuiteRunner.runTest(SuiteRunner.java:380)
	at org.testng.SuiteRunner.runSequentially(SuiteRunner.java:375)
	at org.testng.SuiteRunner.privateRun(SuiteRunner.java:340)
	at org.testng.SuiteRunner.run(SuiteRunner.java:289)
	at org.testng.SuiteRunnerWorker.runSuite(SuiteRunnerWorker.java:52)
	at org.testng.SuiteRunnerWorker.run(SuiteRunnerWorker.java:86)
	at org.testng.TestNG.runSuitesSequentially(TestNG.java:1301)
	at org.testng.TestNG.runSuitesLocally(TestNG.java:1226)
	at org.testng.TestNG.runSuites(TestNG.java:1144)
	at org.testng.TestNG.run(TestNG.java:1115)
	at org.apache.maven.surefire.testng.TestNGExecutor.run(TestNGExecutor.java:135)
	at org.apache.maven.surefire.testng.TestNGDirectoryTestSuite.executeSingleClass(TestNGDirectoryTestSuite.java:112)
	at org.apache.maven.surefire.testng.TestNGDirectoryTestSuite.execute(TestNGDirectoryTestSuite.java:99)
	at org.apache.maven.surefire.testng.TestNGProvider.invoke(TestNGProvider.java:146)
	at org.apache.maven.surefire.booter.ForkedBooter.invokeProviderInSameClassLoader(ForkedBooter.java:386)
	at org.apache.maven.surefire.booter.ForkedBooter.runSuitesInProcess(ForkedBooter.java:323)
	at org.apache.maven.surefire.booter.ForkedBooter.main(ForkedBooter.java:143)
</stack-trace>
            </failure>
            <steps/>
            <attachments/>
            <labels>
                <label name="testSuite" value="Surefire suite"/>
                <label name="testGroup" value="Surefire test"/>
                <label name="testClass" value="core.TubiTVTest"/>
                <label name="testMethod" value="TestCase02_05"/>
                <label name="host" value="MacBook-Pro-3.local"/>
                <label name="thread" value="35635@MacBook-Pro-3.local.main(1)"/>
            </labels>
        </test-case>
        <test-case start="1516249784690" stop="1516249799887" status="passed">
            <name>TestCase02_06</name>
            <steps/>
            <attachments/>
            <labels>
                <label name="testSuite" value="Surefire suite"/>
                <label name="testGroup" value="Surefire test"/>
                <label name="testClass" value="core.TubiTVTest"/>
                <label name="testMethod" value="TestCase02_06"/>
                <label name="host" value="MacBook-Pro-3.local"/>
                <label name="thread" value="35635@MacBook-Pro-3.local.main(1)"/>
            </labels>
        </test-case>
        <test-case start="1516249799917" stop="1516249824181" status="passed">
            <name>TestCase02_07</name>
            <steps/>
            <attachments/>
            <labels>
                <label name="testSuite" value="Surefire suite"/>
                <label name="testGroup" value="Surefire test"/>
                <label name="testClass" value="core.TubiTVTest"/>
                <label name="testMethod" value="TestCase02_07"/>
                <label name="host" value="MacBook-Pro-3.local"/>
                <label name="thread" value="35635@MacBook-Pro-3.local.main(1)"/>
            </labels>
        </test-case>
        <test-case start="1516249824184" stop="1516249848376" status="passed">
            <name>TestCase02_08</name>
            <steps/>
            <attachments/>
            <labels>
                <label name="testSuite" value="Surefire suite"/>
                <label name="testGroup" value="Surefire test"/>
                <label name="testClass" value="core.TubiTVTest"/>
                <label name="testMethod" value="TestCase02_08"/>
                <label name="host" value="MacBook-Pro-3.local"/>
                <label name="thread" value="35635@MacBook-Pro-3.local.main(1)"/>
            </labels>
        </test-case>
        <test-case start="1516249848379" stop="1516249861021" status="passed">
            <name>TestCase03_01</name>
            <steps/>
            <attachments/>
            <labels>
                <label name="testSuite" value="Surefire suite"/>
                <label name="testGroup" value="Surefire test"/>
                <label name="testClass" value="core.TubiTVTest"/>
                <label name="testMethod" value="TestCase03_01"/>
                <label name="host" value="MacBook-Pro-3.local"/>
                <label name="thread" value="35635@MacBook-Pro-3.local.main(1)"/>
            </labels>
        </test-case>
        <test-case start="1516249861023" stop="1516249881188" status="passed">
            <name>TestCase03_02</name>
            <steps/>
            <attachments/>
            <labels>
                <label name="testSuite" value="Surefire suite"/>
                <label name="testGroup" value="Surefire test"/>
                <label name="testClass" value="core.TubiTVTest"/>
                <label name="testMethod" value="TestCase03_02"/>
                <label name="host" value="MacBook-Pro-3.local"/>
                <label name="thread" value="35635@MacBook-Pro-3.local.main(1)"/>
            </labels>
        </test-case>
        <test-case start="1516249881191" stop="1516249895242" status="failed">
            <name>TestCase03_03</name>
            <failure>
                <message>AssertionError: 
Expected: "https://tubitv.com/activate"
     but: was "https://tubitv.com/signup?redirect=/activate"</message>
                <stack-trace>java.lang.AssertionError: 
Expected: "https://tubitv.com/activate"
     but: was "https://tubitv.com/signup?redirect=/activate"
	at org.hamcrest.MatcherAssert.assertThat(MatcherAssert.java:18)
	at org.hamcrest.MatcherAssert.assertThat(MatcherAssert.java:6)
	at core.TubiTVTest.TestCase03_03(TubiTVTest.java:191)
	at sun.reflect.NativeMethodAccessorImpl.invoke0(Native Method)
	at sun.reflect.NativeMethodAccessorImpl.invoke(NativeMethodAccessorImpl.java:62)
	at sun.reflect.DelegatingMethodAccessorImpl.invoke(DelegatingMethodAccessorImpl.java:43)
	at java.lang.reflect.Method.invoke(Method.java:498)
	at org.testng.internal.MethodInvocationHelper.invokeMethod(MethodInvocationHelper.java:108)
	at org.testng.internal.Invoker.invokeMethod(Invoker.java:661)
	at org.testng.internal.Invoker.invokeTestMethod(Invoker.java:869)
	at org.testng.internal.Invoker.invokeTestMethods(Invoker.java:1193)
	at org.testng.internal.TestMethodWorker.invokeTestMethods(TestMethodWorker.java:126)
	at org.testng.internal.TestMethodWorker.run(TestMethodWorker.java:109)
	at org.testng.TestRunner.privateRun(TestRunner.java:744)
	at org.testng.TestRunner.run(TestRunner.java:602)
	at org.testng.SuiteRunner.runTest(SuiteRunner.java:380)
	at org.testng.SuiteRunner.runSequentially(SuiteRunner.java:375)
	at org.testng.SuiteRunner.privateRun(SuiteRunner.java:340)
	at org.testng.SuiteRunner.run(SuiteRunner.java:289)
	at org.testng.SuiteRunnerWorker.runSuite(SuiteRunnerWorker.java:52)
	at org.testng.SuiteRunnerWorker.run(SuiteRunnerWorker.java:86)
	at org.testng.TestNG.runSuitesSequentially(TestNG.java:1301)
	at org.testng.TestNG.runSuitesLocally(TestNG.java:1226)
	at org.testng.TestNG.runSuites(TestNG.java:1144)
	at org.testng.TestNG.run(TestNG.java:1115)
	at org.apache.maven.surefire.testng.TestNGExecutor.run(TestNGExecutor.java:135)
	at org.apache.maven.surefire.testng.TestNGDirectoryTestSuite.executeSingleClass(TestNGDirectoryTestSuite.java:112)
	at org.apache.maven.surefire.testng.TestNGDirectoryTestSuite.execute(TestNGDirectoryTestSuite.java:99)
	at org.apache.maven.surefire.testng.TestNGProvider.invoke(TestNGProvider.java:146)
	at org.apache.maven.surefire.booter.ForkedBooter.invokeProviderInSameClassLoader(ForkedBooter.java:386)
	at org.apache.maven.surefire.booter.ForkedBooter.runSuitesInProcess(ForkedBooter.java:323)
	at org.apache.maven.surefire.booter.ForkedBooter.main(ForkedBooter.java:143)
</stack-trace>
            </failure>
            <steps/>
            <attachments/>
            <labels>
                <label name="testSuite" value="Surefire suite"/>
                <label name="testGroup" value="Surefire test"/>
                <label name="testClass" value="core.TubiTVTest"/>
                <label name="testMethod" value="TestCase03_03"/>
                <label name="host" value="MacBook-Pro-3.local"/>
                <label name="thread" value="35635@MacBook-Pro-3.local.main(1)"/>
            </labels>
        </test-case>
        <test-case start="1516249895245" stop="1516249908688" status="passed">
            <name>TestCase03_04</name>
            <steps/>
            <attachments/>
            <labels>
                <label name="testSuite" value="Surefire suite"/>
                <label name="testGroup" value="Surefire test"/>
                <label name="testClass" value="core.TubiTVTest"/>
                <label name="testMethod" value="TestCase03_04"/>
                <label name="host" value="MacBook-Pro-3.local"/>
                <label name="thread" value="35635@MacBook-Pro-3.local.main(1)"/>
            </labels>
        </test-case>
        <test-case start="1516249908690" stop="1516249924857" status="passed">
            <name>TestCase03_05</name>
            <steps/>
            <attachments/>
            <labels>
                <label name="testSuite" value="Surefire suite"/>
                <label name="testGroup" value="Surefire test"/>
                <label name="testClass" value="core.TubiTVTest"/>
                <label name="testMethod" value="TestCase03_05"/>
                <label name="host" value="MacBook-Pro-3.local"/>
                <label name="thread" value="35635@MacBook-Pro-3.local.main(1)"/>
            </labels>
        </test-case>
        <test-case start="1516249924860" stop="1516249940518" status="passed">
            <name>TestCase03_05_1</name>
            <steps/>
            <attachments/>
            <labels>
                <label name="testSuite" value="Surefire suite"/>
                <label name="testGroup" value="Surefire test"/>
                <label name="testClass" value="core.TubiTVTest"/>
                <label name="testMethod" value="TestCase03_05_1"/>
                <label name="host" value="MacBook-Pro-3.local"/>
                <label name="thread" value="35635@MacBook-Pro-3.local.main(1)"/>
            </labels>
        </test-case>
        <test-case start="1516249940522" stop="1516249953859" status="passed">
            <name>TestCase03_06</name>
            <steps/>
            <attachments/>
            <labels>
                <label name="testSuite" value="Surefire suite"/>
                <label name="testGroup" value="Surefire test"/>
                <label name="testClass" value="core.TubiTVTest"/>
                <label name="testMethod" value="TestCase03_06"/>
                <label name="host" value="MacBook-Pro-3.local"/>
                <label name="thread" value="35635@MacBook-Pro-3.local.main(1)"/>
            </labels>
        </test-case>
        <test-case start="1516249953863" stop="1516249966996" status="passed">
            <name>TestCase03_07</name>
            <steps/>
            <attachments/>
            <labels>
                <label name="testSuite" value="Surefire suite"/>
                <label name="testGroup" value="Surefire test"/>
                <label name="testClass" value="core.TubiTVTest"/>
                <label name="testMethod" value="TestCase03_07"/>
                <label name="host" value="MacBook-Pro-3.local"/>
                <label name="thread" value="35635@MacBook-Pro-3.local.main(1)"/>
            </labels>
        </test-case>
        <test-case start="1516249967000" stop="1516249978820" status="passed">
            <name>TestCase05_01</name>
            <steps/>
            <attachments/>
            <labels>
                <label name="testSuite" value="Surefire suite"/>
                <label name="testGroup" value="Surefire test"/>
                <label name="testClass" value="core.TubiTVTest"/>
                <label name="testMethod" value="TestCase05_01"/>
                <label name="host" value="MacBook-Pro-3.local"/>
                <label name="thread" value="35635@MacBook-Pro-3.local.main(1)"/>
            </labels>
        </test-case>
        <test-case start="1516249978824" stop="1516249991575" status="passed">
            <name>TestCase05_02</name>
            <steps/>
            <attachments/>
            <labels>
                <label name="testSuite" value="Surefire suite"/>
                <label name="testGroup" value="Surefire test"/>
                <label name="testClass" value="core.TubiTVTest"/>
                <label name="testMethod" value="TestCase05_02"/>
                <label name="host" value="MacBook-Pro-3.local"/>
                <label name="thread" value="35635@MacBook-Pro-3.local.main(1)"/>
            </labels>
        </test-case>
        <test-case start="1516249991578" stop="1516250004437" status="passed">
            <name>TestCase05_02_1</name>
            <steps/>
            <attachments/>
            <labels>
                <label name="testSuite" value="Surefire suite"/>
                <label name="testGroup" value="Surefire test"/>
                <label name="testClass" value="core.TubiTVTest"/>
                <label name="testMethod" value="TestCase05_02_1"/>
                <label name="host" value="MacBook-Pro-3.local"/>
                <label name="thread" value="35635@MacBook-Pro-3.local.main(1)"/>
            </labels>
        </test-case>
        <test-case start="1516250004440" stop="1516250031785" status="broken">
            <name>TestCase05_02_2</name>
            <failure>
                <message>TimeoutException: Expected condition failed: waiting for presence of element located by: By.xpath: //h1[@class='_2I1Kknp0lk'] (tried for 15 second(s) with 500 MILLISECONDS interval)</message>
                <stack-trace>org.openqa.selenium.TimeoutException: Expected condition failed: waiting for presence of element located by: By.xpath: //h1[@class='_2I1Kknp0lk'] (tried for 15 second(s) with 500 MILLISECONDS interval)
	at org.openqa.selenium.support.ui.WebDriverWait.timeoutException(WebDriverWait.java:82)
	at org.openqa.selenium.support.ui.FluentWait.until(FluentWait.java:231)
	at core.Main.testg(Main.java:63)
	at core.Testcase05_02_2.TestCase05_02_2(Testcase05_02_2.java:25)
	at core.TubiTVTest.TestCase05_02_2(TubiTVTest.java:242)
	at sun.reflect.NativeMethodAccessorImpl.invoke0(Native Method)
	at sun.reflect.NativeMethodAccessorImpl.invoke(NativeMethodAccessorImpl.java:62)
	at sun.reflect.DelegatingMethodAccessorImpl.invoke(DelegatingMethodAccessorImpl.java:43)
	at java.lang.reflect.Method.invoke(Method.java:498)
	at org.testng.internal.MethodInvocationHelper.invokeMethod(MethodInvocationHelper.java:108)
	at org.testng.internal.Invoker.invokeMethod(Invoker.java:661)
	at org.testng.internal.Invoker.invokeTestMethod(Invoker.java:869)
	at org.testng.internal.Invoker.invokeTestMethods(Invoker.java:1193)
	at org.testng.internal.TestMethodWorker.invokeTestMethods(TestMethodWorker.java:126)
	at org.testng.internal.TestMethodWorker.run(TestMethodWorker.java:109)
	at org.testng.TestRunner.privateRun(TestRunner.java:744)
	at org.testng.TestRunner.run(TestRunner.java:602)
	at org.testng.SuiteRunner.runTest(SuiteRunner.java:380)
	at org.testng.SuiteRunner.runSequentially(SuiteRunner.java:375)
	at org.testng.SuiteRunner.privateRun(SuiteRunner.java:340)
	at org.testng.SuiteRunner.run(SuiteRunner.java:289)
	at org.testng.SuiteRunnerWorker.runSuite(SuiteRunnerWorker.java:52)
	at org.testng.SuiteRunnerWorker.run(SuiteRunnerWorker.java:86)
	at org.testng.TestNG.runSuitesSequentially(TestNG.java:1301)
	at org.testng.TestNG.runSuitesLocally(TestNG.java:1226)
	at org.testng.TestNG.runSuites(TestNG.java:1144)
	at org.testng.TestNG.run(TestNG.java:1115)
	at org.apache.maven.surefire.testng.TestNGExecutor.run(TestNGExecutor.java:135)
	at org.apache.maven.surefire.testng.TestNGDirectoryTestSuite.executeSingleClass(TestNGDirectoryTestSuite.java:112)
	at org.apache.maven.surefire.testng.TestNGDirectoryTestSuite.execute(TestNGDirectoryTestSuite.java:99)
	at org.apache.maven.surefire.testng.TestNGProvider.invoke(TestNGProvider.java:146)
	at org.apache.maven.surefire.booter.ForkedBooter.invokeProviderInSameClassLoader(ForkedBooter.java:386)
	at org.apache.maven.surefire.booter.ForkedBooter.runSuitesInProcess(ForkedBooter.java:323)
	at org.apache.maven.surefire.booter.ForkedBooter.main(ForkedBooter.java:143)
Caused by: org.openqa.selenium.NoSuchElementException: Cannot locate an element using By.xpath: //h1[@class='_2I1Kknp0lk']
For documentation on this error, please visit: http://seleniumhq.org/exceptions/no_such_element.html
Build info: version: '3.6.0', revision: '6fbf3ec767', time: '2017-09-27T15:28:36.4Z'
System info: host: 'MacBook-Pro-3.local', ip: 'fe80:0:0:0:401:608a:2476:a1d6%en0', os.name: 'Mac OS X', os.arch: 'x86_64', os.version: '10.13.1', java.version: '1.8.0_121'
Driver info: driver.version: unknown
	at org.openqa.selenium.support.ui.ExpectedConditions.lambda$findElement$0(ExpectedConditions.java:882)
	at java.util.Optional.orElseThrow(Optional.java:290)
	at org.openqa.selenium.support.ui.ExpectedConditions.findElement(ExpectedConditions.java:881)
	at org.openqa.selenium.support.ui.ExpectedConditions.access$000(ExpectedConditions.java:43)
	at org.openqa.selenium.support.ui.ExpectedConditions$6.apply(ExpectedConditions.java:182)
	at org.openqa.selenium.support.ui.ExpectedConditions$6.apply(ExpectedConditions.java:179)
	at org.openqa.selenium.support.ui.FluentWait.until(FluentWait.java:208)
	... 32 more
</stack-trace>
            </failure>
            <steps/>
            <attachments/>
            <labels>
                <label name="testSuite" value="Surefire suite"/>
                <label name="testGroup" value="Surefire test"/>
                <label name="testClass" value="core.TubiTVTest"/>
                <label name="testMethod" value="TestCase05_02_2"/>
                <label name="host" value="MacBook-Pro-3.local"/>
                <label name="thread" value="35635@MacBook-Pro-3.local.main(1)"/>
            </labels>
        </test-case>
        <test-case start="1516250031787" stop="1516250044231" status="failed">
            <name>TestCase05_03</name>
            <failure>
                <message>AssertionError: 
Expected: "Test 7"
     but: was "Born to Fly"</message>
                <stack-trace>java.lang.AssertionError: 
Expected: "Test 7"
     but: was "Born to Fly"
	at org.hamcrest.MatcherAssert.assertThat(MatcherAssert.java:18)
	at org.hamcrest.MatcherAssert.assertThat(MatcherAssert.java:6)
	at core.TubiTVTest.TestCase05_03(TubiTVTest.java:247)
	at sun.reflect.NativeMethodAccessorImpl.invoke0(Native Method)
	at sun.reflect.NativeMethodAccessorImpl.invoke(NativeMethodAccessorImpl.java:62)
	at sun.reflect.DelegatingMethodAccessorImpl.invoke(DelegatingMethodAccessorImpl.java:43)
	at java.lang.reflect.Method.invoke(Method.java:498)
	at org.testng.internal.MethodInvocationHelper.invokeMethod(MethodInvocationHelper.java:108)
	at org.testng.internal.Invoker.invokeMethod(Invoker.java:661)
	at org.testng.internal.Invoker.invokeTestMethod(Invoker.java:869)
	at org.testng.internal.Invoker.invokeTestMethods(Invoker.java:1193)
	at org.testng.internal.TestMethodWorker.invokeTestMethods(TestMethodWorker.java:126)
	at org.testng.internal.TestMethodWorker.run(TestMethodWorker.java:109)
	at org.testng.TestRunner.privateRun(TestRunner.java:744)
	at org.testng.TestRunner.run(TestRunner.java:602)
	at org.testng.SuiteRunner.runTest(SuiteRunner.java:380)
	at org.testng.SuiteRunner.runSequentially(SuiteRunner.java:375)
	at org.testng.SuiteRunner.privateRun(SuiteRunner.java:340)
	at org.testng.SuiteRunner.run(SuiteRunner.java:289)
	at org.testng.SuiteRunnerWorker.runSuite(SuiteRunnerWorker.java:52)
	at org.testng.SuiteRunnerWorker.run(SuiteRunnerWorker.java:86)
	at org.testng.TestNG.runSuitesSequentially(TestNG.java:1301)
	at org.testng.TestNG.runSuitesLocally(TestNG.java:1226)
	at org.testng.TestNG.runSuites(TestNG.java:1144)
	at org.testng.TestNG.run(TestNG.java:1115)
	at org.apache.maven.surefire.testng.TestNGExecutor.run(TestNGExecutor.java:135)
	at org.apache.maven.surefire.testng.TestNGDirectoryTestSuite.executeSingleClass(TestNGDirectoryTestSuite.java:112)
	at org.apache.maven.surefire.testng.TestNGDirectoryTestSuite.execute(TestNGDirectoryTestSuite.java:99)
	at org.apache.maven.surefire.testng.TestNGProvider.invoke(TestNGProvider.java:146)
	at org.apache.maven.surefire.booter.ForkedBooter.invokeProviderInSameClassLoader(ForkedBooter.java:386)
	at org.apache.maven.surefire.booter.ForkedBooter.runSuitesInProcess(ForkedBooter.java:323)
	at org.apache.maven.surefire.booter.ForkedBooter.main(ForkedBooter.java:143)
</stack-trace>
            </failure>
            <steps/>
            <attachments/>
            <labels>
                <label name="testSuite" value="Surefire suite"/>
                <label name="testGroup" value="Surefire test"/>
                <label name="testClass" value="core.TubiTVTest"/>
                <label name="testMethod" value="TestCase05_03"/>
                <label name="host" value="MacBook-Pro-3.local"/>
                <label name="thread" value="35635@MacBook-Pro-3.local.main(1)"/>
            </labels>
        </test-case>
        <test-case start="1516250044233" stop="1516250055964" status="passed">
            <name>TestCase05_04</name>
            <steps/>
            <attachments/>
            <labels>
                <label name="testSuite" value="Surefire suite"/>
                <label name="testGroup" value="Surefire test"/>
                <label name="testClass" value="core.TubiTVTest"/>
                <label name="testMethod" value="TestCase05_04"/>
                <label name="host" value="MacBook-Pro-3.local"/>
                <label name="thread" value="35635@MacBook-Pro-3.local.main(1)"/>
            </labels>
        </test-case>
        <test-case start="1516250055971" stop="1516250067121" status="passed">
            <name>TestCase05_05</name>
            <steps/>
            <attachments/>
            <labels>
                <label name="testSuite" value="Surefire suite"/>
                <label name="testGroup" value="Surefire test"/>
                <label name="testClass" value="core.TubiTVTest"/>
                <label name="testMethod" value="TestCase05_05"/>
                <label name="host" value="MacBook-Pro-3.local"/>
                <label name="thread" value="35635@MacBook-Pro-3.local.main(1)"/>
            </labels>
        </test-case>
        <test-case start="1516250067124" stop="1516250083470" status="passed">
            <name>TestCase05_06</name>
            <steps/>
            <attachments/>
            <labels>
                <label name="testSuite" value="Surefire suite"/>
                <label name="testGroup" value="Surefire test"/>
                <label name="testClass" value="core.TubiTVTest"/>
                <label name="testMethod" value="TestCase05_06"/>
                <label name="host" value="MacBook-Pro-3.local"/>
                <label name="thread" value="35635@MacBook-Pro-3.local.main(1)"/>
            </labels>
        </test-case>
        <test-case start="1516250083474" stop="1516250098454" status="passed">
            <name>TestCase05_07</name>
            <steps/>
            <attachments/>
            <labels>
                <label name="testSuite" value="Surefire suite"/>
                <label name="testGroup" value="Surefire test"/>
                <label name="testClass" value="core.TubiTVTest"/>
                <label name="testMethod" value="TestCase05_07"/>
                <label name="host" value="MacBook-Pro-3.local"/>
                <label name="thread" value="35635@MacBook-Pro-3.local.main(1)"/>
            </labels>
        </test-case>
        <test-case start="1516250098457" stop="1516250112735" status="broken">
            <name>TestCase05_08</name>
            <failure>
                <message>ElementNotInteractableException: 
Build info: version: '3.6.0', revision: '6fbf3ec767', time: '2017-09-27T15:28:36.4Z'
System info: host: 'MacBook-Pro-3.local', ip: 'fe80:0:0:0:401:608a:2476:a1d6%en0', os.name: 'Mac OS X', os.arch: 'x86_64', os.version: '10.13.1', java.version: '1.8.0_121'
Driver info: org.openqa.selenium.firefox.FirefoxDriver
Capabilities [{moz:profile=/var/folders/59/rv1j4l2s6lxfp0vlypzcr5c80000gp/T/rust_mozprofile.sTeCvj7SkLaR, rotatable=false, timeouts={implicit=0, pageLoad=300000, script=30000}, pageLoadStrategy=normal, moz:headless=false, platform=MAC, moz:accessibilityChecks=false, acceptInsecureCerts=true, browserVersion=57.0.4, platformVersion=17.2.0, moz:processID=36239, browserName=firefox, javascriptEnabled=true, platformName=MAC, moz:webdriverClick=false}]
Session ID: 5e3f4c3e-8710-e047-88b3-05a16778fce9</message>
                <stack-trace>org.openqa.selenium.ElementNotInteractableException: 
Build info: version: '3.6.0', revision: '6fbf3ec767', time: '2017-09-27T15:28:36.4Z'
System info: host: 'MacBook-Pro-3.local', ip: 'fe80:0:0:0:401:608a:2476:a1d6%en0', os.name: 'Mac OS X', os.arch: 'x86_64', os.version: '10.13.1', java.version: '1.8.0_121'
Driver info: org.openqa.selenium.firefox.FirefoxDriver
Capabilities [{moz:profile=/var/folders/59/rv1j4l2s6lxfp0vlypzcr5c80000gp/T/rust_mozprofile.sTeCvj7SkLaR, rotatable=false, timeouts={implicit=0, pageLoad=300000, script=30000}, pageLoadStrategy=normal, moz:headless=false, platform=MAC, moz:accessibilityChecks=false, acceptInsecureCerts=true, browserVersion=57.0.4, platformVersion=17.2.0, moz:processID=36239, browserName=firefox, javascriptEnabled=true, platformName=MAC, moz:webdriverClick=false}]
Session ID: 5e3f4c3e-8710-e047-88b3-05a16778fce9
	at sun.reflect.NativeConstructorAccessorImpl.newInstance0(Native Method)
	at sun.reflect.NativeConstructorAccessorImpl.newInstance(NativeConstructorAccessorImpl.java:62)
	at sun.reflect.DelegatingConstructorAccessorImpl.newInstance(DelegatingConstructorAccessorImpl.java:45)
	at java.lang.reflect.Constructor.newInstance(Constructor.java:423)
	at org.openqa.selenium.remote.http.W3CHttpResponseCodec.createException(W3CHttpResponseCodec.java:185)
	at org.openqa.selenium.remote.http.W3CHttpResponseCodec.decode(W3CHttpResponseCodec.java:120)
	at org.openqa.selenium.remote.http.W3CHttpResponseCodec.decode(W3CHttpResponseCodec.java:49)
	at org.openqa.selenium.remote.HttpCommandExecutor.execute(HttpCommandExecutor.java:164)
	at org.openqa.selenium.remote.service.DriverCommandExecutor.execute(DriverCommandExecutor.java:83)
	at org.openqa.selenium.remote.RemoteWebDriver.execute(RemoteWebDriver.java:586)
	at org.openqa.selenium.remote.RemoteWebElement.execute(RemoteWebElement.java:279)
	at org.openqa.selenium.remote.RemoteWebElement.click(RemoteWebElement.java:83)
	at core.Main.testc(Main.java:49)
	at core.Testcase05_08.TestCase05_08(Testcase05_08.java:23)
	at core.TubiTVTest.TestCase05_08(TubiTVTest.java:274)
	at sun.reflect.NativeMethodAccessorImpl.invoke0(Native Method)
	at sun.reflect.NativeMethodAccessorImpl.invoke(NativeMethodAccessorImpl.java:62)
	at sun.reflect.DelegatingMethodAccessorImpl.invoke(DelegatingMethodAccessorImpl.java:43)
	at java.lang.reflect.Method.invoke(Method.java:498)
	at org.testng.internal.MethodInvocationHelper.invokeMethod(MethodInvocationHelper.java:108)
	at org.testng.internal.Invoker.invokeMethod(Invoker.java:661)
	at org.testng.internal.Invoker.invokeTestMethod(Invoker.java:869)
	at org.testng.internal.Invoker.invokeTestMethods(Invoker.java:1193)
	at org.testng.internal.TestMethodWorker.invokeTestMethods(TestMethodWorker.java:126)
	at org.testng.internal.TestMethodWorker.run(TestMethodWorker.java:109)
	at org.testng.TestRunner.privateRun(TestRunner.java:744)
	at org.testng.TestRunner.run(TestRunner.java:602)
	at org.testng.SuiteRunner.runTest(SuiteRunner.java:380)
	at org.testng.SuiteRunner.runSequentially(SuiteRunner.java:375)
	at org.testng.SuiteRunner.privateRun(SuiteRunner.java:340)
	at org.testng.SuiteRunner.run(SuiteRunner.java:289)
	at org.testng.SuiteRunnerWorker.runSuite(SuiteRunnerWorker.java:52)
	at org.testng.SuiteRunnerWorker.run(SuiteRunnerWorker.java:86)
	at org.testng.TestNG.runSuitesSequentially(TestNG.java:1301)
	at org.testng.TestNG.runSuitesLocally(TestNG.java:1226)
	at org.testng.TestNG.runSuites(TestNG.java:1144)
	at org.testng.TestNG.run(TestNG.java:1115)
	at org.apache.maven.surefire.testng.TestNGExecutor.run(TestNGExecutor.java:135)
	at org.apache.maven.surefire.testng.TestNGDirectoryTestSuite.executeSingleClass(TestNGDirectoryTestSuite.java:112)
	at org.apache.maven.surefire.testng.TestNGDirectoryTestSuite.execute(TestNGDirectoryTestSuite.java:99)
	at org.apache.maven.surefire.testng.TestNGProvider.invoke(TestNGProvider.java:146)
	at org.apache.maven.surefire.booter.ForkedBooter.invokeProviderInSameClassLoader(ForkedBooter.java:386)
	at org.apache.maven.surefire.booter.ForkedBooter.runSuitesInProcess(ForkedBooter.java:323)
	at org.apache.maven.surefire.booter.ForkedBooter.main(ForkedBooter.java:143)
</stack-trace>
            </failure>
            <steps/>
            <attachments/>
            <labels>
                <label name="testSuite" value="Surefire suite"/>
                <label name="testGroup" value="Surefire test"/>
                <label name="testClass" value="core.TubiTVTest"/>
                <label name="testMethod" value="TestCase05_08"/>
                <label name="host" value="MacBook-Pro-3.local"/>
                <label name="thread" value="35635@MacBook-Pro-3.local.main(1)"/>
            </labels>
        </test-case>
        <test-case start="1516250112739" stop="1516250136382" status="passed">
            <name>TestCase05_09</name>
            <steps/>
            <attachments/>
            <labels>
                <label name="testSuite" value="Surefire suite"/>
                <label name="testGroup" value="Surefire test"/>
                <label name="testClass" value="core.TubiTVTest"/>
                <label name="testMethod" value="TestCase05_09"/>
                <label name="host" value="MacBook-Pro-3.local"/>
                <label name="thread" value="35635@MacBook-Pro-3.local.main(1)"/>
            </labels>
        </test-case>
        <test-case start="1516250136402" stop="1516250159751" status="passed">
            <name>TestCase05_10</name>
            <steps/>
            <attachments/>
            <labels>
                <label name="testSuite" value="Surefire suite"/>
                <label name="testGroup" value="Surefire test"/>
                <label name="testClass" value="core.TubiTVTest"/>
                <label name="testMethod" value="TestCase05_10"/>
                <label name="host" value="MacBook-Pro-3.local"/>
                <label name="thread" value="35635@MacBook-Pro-3.local.main(1)"/>
            </labels>
        </test-case>
        <test-case start="1516250159753" stop="1516250185159" status="passed">
            <name>TestCase06_0</name>
            <steps/>
            <attachments/>
            <labels>
                <label name="testSuite" value="Surefire suite"/>
                <label name="testGroup" value="Surefire test"/>
                <label name="testClass" value="core.TubiTVTest"/>
                <label name="testMethod" value="TestCase06_0"/>
                <label name="host" value="MacBook-Pro-3.local"/>
                <label name="thread" value="35635@MacBook-Pro-3.local.main(1)"/>
            </labels>
        </test-case>
        <test-case start="1516250185164" stop="1516250208036" status="passed">
            <name>TestCase06_01</name>
            <steps/>
            <attachments/>
            <labels>
                <label name="testSuite" value="Surefire suite"/>
                <label name="testGroup" value="Surefire test"/>
                <label name="testClass" value="core.TubiTVTest"/>
                <label name="testMethod" value="TestCase06_01"/>
                <label name="host" value="MacBook-Pro-3.local"/>
                <label name="thread" value="35635@MacBook-Pro-3.local.main(1)"/>
            </labels>
        </test-case>
        <test-case start="1516250208042" stop="1516250244176" status="passed">
            <name>TestCase06_02</name>
            <steps/>
            <attachments/>
            <labels>
                <label name="testSuite" value="Surefire suite"/>
                <label name="testGroup" value="Surefire test"/>
                <label name="testClass" value="core.TubiTVTest"/>
                <label name="testMethod" value="TestCase06_02"/>
                <label name="host" value="MacBook-Pro-3.local"/>
                <label name="thread" value="35635@MacBook-Pro-3.local.main(1)"/>
            </labels>
        </test-case>
        <test-case start="1516250244180" stop="1516250268068" status="passed">
            <name>TestCase06_03</name>
            <steps/>
            <attachments/>
            <labels>
                <label name="testSuite" value="Surefire suite"/>
                <label name="testGroup" value="Surefire test"/>
                <label name="testClass" value="core.TubiTVTest"/>
                <label name="testMethod" value="TestCase06_03"/>
                <label name="host" value="MacBook-Pro-3.local"/>
                <label name="thread" value="35635@MacBook-Pro-3.local.main(1)"/>
            </labels>
        </test-case>
        <test-case start="1516250268074" stop="1516250287653" status="passed">
            <name>TestCase06_04</name>
            <steps/>
            <attachments/>
            <labels>
                <label name="testSuite" value="Surefire suite"/>
                <label name="testGroup" value="Surefire test"/>
                <label name="testClass" value="core.TubiTVTest"/>
                <label name="testMethod" value="TestCase06_04"/>
                <label name="host" value="MacBook-Pro-3.local"/>
                <label name="thread" value="35635@MacBook-Pro-3.local.main(1)"/>
            </labels>
        </test-case>
        <test-case start="1516250287659" stop="1516250317736" status="passed">
            <name>TestCase06_05</name>
            <steps/>
            <attachments/>
            <labels>
                <label name="testSuite" value="Surefire suite"/>
                <label name="testGroup" value="Surefire test"/>
                <label name="testClass" value="core.TubiTVTest"/>
                <label name="testMethod" value="TestCase06_05"/>
                <label name="host" value="MacBook-Pro-3.local"/>
                <label name="thread" value="35635@MacBook-Pro-3.local.main(1)"/>
            </labels>
        </test-case>
        <test-case start="1516250317742" stop="1516250350093" status="passed">
            <name>TestCase06_06</name>
            <steps/>
            <attachments/>
            <labels>
                <label name="testSuite" value="Surefire suite"/>
                <label name="testGroup" value="Surefire test"/>
                <label name="testClass" value="core.TubiTVTest"/>
                <label name="testMethod" value="TestCase06_06"/>
                <label name="host" value="MacBook-Pro-3.local"/>
                <label name="thread" value="35635@MacBook-Pro-3.local.main(1)"/>
            </labels>
        </test-case>
        <test-case start="1516250350097" stop="1516250379606" status="passed">
            <name>TestCase06_07</name>
            <steps/>
            <attachments/>
            <labels>
                <label name="testSuite" value="Surefire suite"/>
                <label name="testGroup" value="Surefire test"/>
                <label name="testClass" value="core.TubiTVTest"/>
                <label name="testMethod" value="TestCase06_07"/>
                <label name="host" value="MacBook-Pro-3.local"/>
                <label name="thread" value="35635@MacBook-Pro-3.local.main(1)"/>
            </labels>
        </test-case>
        <test-case start="1516250379612" stop="1516250409674" status="passed">
            <name>TestCase06_10</name>
            <steps/>
            <attachments/>
            <labels>
                <label name="testSuite" value="Surefire suite"/>
                <label name="testGroup" value="Surefire test"/>
                <label name="testClass" value="core.TubiTVTest"/>
                <label name="testMethod" value="TestCase06_10"/>
                <label name="host" value="MacBook-Pro-3.local"/>
                <label name="thread" value="35635@MacBook-Pro-3.local.main(1)"/>
            </labels>
        </test-case>
        <test-case start="1516250409830" stop="1516250440363" status="passed">
            <name>TestCase06_11</name>
            <steps/>
            <attachments/>
            <labels>
                <label name="testSuite" value="Surefire suite"/>
                <label name="testGroup" value="Surefire test"/>
                <label name="testClass" value="core.TubiTVTest"/>
                <label name="testMethod" value="TestCase06_11"/>
                <label name="host" value="MacBook-Pro-3.local"/>
                <label name="thread" value="35635@MacBook-Pro-3.local.main(1)"/>
            </labels>
        </test-case>
    </test-cases>
    <labels>
        <label name="framework" value="TestNG"/>
        <label name="language" value="JAVA"/>
    </labels>
</ns2:test-suite>
