<html>
<head>
<title>TestNG:  Surefire test</title>
<link href="../testng.css" rel="stylesheet" type="text/css" />
<link href="../my-testng.css" rel="stylesheet" type="text/css" />

<style type="text/css">
.log { display: none;} 
.stack-trace { display: none;} 
</style>
<script type="text/javascript">
<!--
function flip(e) {
  current = e.style.display;
  if (current == 'block') {
    e.style.display = 'none';
    return 0;
  }
  else {
    e.style.display = 'block';
    return 1;
  }
}

function toggleBox(szDivId, elem, msg1, msg2)
{
  var res = -1;  if (document.getElementById) {
    res = flip(document.getElementById(szDivId));
  }
  else if (document.all) {
    // this is the way old msie versions work
    res = flip(document.all[szDivId]);
  }
  if(elem) {
    if(res == 0) elem.innerHTML = msg1; else elem.innerHTML = msg2;
  }

}

function toggleAllBoxes() {
  if (document.getElementsByTagName) {
    d = document.getElementsByTagName('div');
    for (i = 0; i < d.length; i++) {
      if (d[i].className == 'log') {
        flip(d[i]);
      }
    }
  }
}

// -->
</script>

</head>
<body>
<h2 align='center'>Surefire test</h2><table border='1' align="center">
<tr>
<td>Tests passed/Failed/Skipped:</td><td>53/7/0</td>
</tr><tr>
<td>Started on:</td><td>Wed Jan 17 20:22:37 PST 2018</td>
</tr>
<tr><td>Total time:</td><td>1082 seconds (1082736 ms)</td>
</tr><tr>
<td>Included groups:</td><td></td>
</tr><tr>
<td>Excluded groups:</td><td></td>
</tr>
</table><p/>
<small><i>(Hover the method name to see the test class name)</i></small><p/>
<table width='100%' border='1' class='invocation-failed'>
<tr><td colspan='4' align='center'><b>FAILED TESTS</b></td></tr>
<tr><td><b>Test method</b></td>
<td width="30%"><b>Exception</b></td>
<td width="10%"><b>Time (seconds)</b></td>
<td><b>Instance</b></td>
</tr>
<tr>
<td title='core.TubiTVTest.TestCase01_02_1()'><b>TestCase01_02_1</b><br>Test class: core.TubiTVTest</td>
<td><div><pre>java.lang.IndexOutOfBoundsException: Index: 1, Size: 1
	at java.util.ArrayList.rangeCheck(ArrayList.java:653)
	at java.util.ArrayList.get(ArrayList.java:429)
	at core.Testcase1_02_1.TestCase1_02_1(Testcase1_02_1.java:55)
	at core.TubiTVTest.TestCase01_02_1(TubiTVTest.java:41)
... Removed 29 stack frames</pre></div><a href='#' onClick='toggleBox("stack-trace1430509568", this, "Click to show all stack frames", "Click to hide stack frames")'>Click to show all stack frames</a>
<div class='stack-trace' id='stack-trace1430509568'><pre>java.lang.IndexOutOfBoundsException: Index: 1, Size: 1
	at java.util.ArrayList.rangeCheck(ArrayList.java:653)
	at java.util.ArrayList.get(ArrayList.java:429)
	at core.Testcase1_02_1.TestCase1_02_1(Testcase1_02_1.java:55)
	at core.TubiTVTest.TestCase01_02_1(TubiTVTest.java:41)
	at sun.reflect.NativeMethodAccessorImpl.invoke0(Native Method)
	at sun.reflect.NativeMethodAccessorImpl.invoke(NativeMethodAccessorImpl.java:62)
	at sun.reflect.DelegatingMethodAccessorImpl.invoke(DelegatingMethodAccessorImpl.java:43)
	at java.lang.reflect.Method.invoke(Method.java:498)
	at org.testng.internal.MethodInvocationHelper.invokeMethod(MethodInvocationHelper.java:108)
	at org.testng.internal.Invoker.invokeMethod(Invoker.java:661)
	at org.testng.internal.Invoker.invokeTestMethod(Invoker.java:869)
	at org.testng.internal.Invoker.invokeTestMethods(Invoker.java:1193)
	at org.testng.internal.TestMethodWorker.invokeTestMethods(TestMethodWorker.java:126)
	at org.testng.internal.TestMethodWorker.run(TestMethodWorker.java:109)
	at org.testng.TestRunner.privateRun(TestRunner.java:744)
	at org.testng.TestRunner.run(TestRunner.java:602)
	at org.testng.SuiteRunner.runTest(SuiteRunner.java:380)
	at org.testng.SuiteRunner.runSequentially(SuiteRunner.java:375)
	at org.testng.SuiteRunner.privateRun(SuiteRunner.java:340)
	at org.testng.SuiteRunner.run(SuiteRunner.java:289)
	at org.testng.SuiteRunnerWorker.runSuite(SuiteRunnerWorker.java:52)
	at org.testng.SuiteRunnerWorker.run(SuiteRunnerWorker.java:86)
	at org.testng.TestNG.runSuitesSequentially(TestNG.java:1301)
	at org.testng.TestNG.runSuitesLocally(TestNG.java:1226)
	at org.testng.TestNG.runSuites(TestNG.java:1144)
	at org.testng.TestNG.run(TestNG.java:1115)
	at org.apache.maven.surefire.testng.TestNGExecutor.run(TestNGExecutor.java:135)
	at org.apache.maven.surefire.testng.TestNGDirectoryTestSuite.executeSingleClass(TestNGDirectoryTestSuite.java:112)
	at org.apache.maven.surefire.testng.TestNGDirectoryTestSuite.execute(TestNGDirectoryTestSuite.java:99)
	at org.apache.maven.surefire.testng.TestNGProvider.invoke(TestNGProvider.java:146)
	at org.apache.maven.surefire.booter.ForkedBooter.invokeProviderInSameClassLoader(ForkedBooter.java:386)
	at org.apache.maven.surefire.booter.ForkedBooter.runSuitesInProcess(ForkedBooter.java:323)
	at org.apache.maven.surefire.booter.ForkedBooter.main(ForkedBooter.java:143)
</pre></div></td>
<td>25</td>
<td>core.TubiTVTest@4c9e38</td></tr>
<tr>
<td title='core.TubiTVTest.TestCase01_20()'><b>TestCase01_20</b><br>Test class: core.TubiTVTest</td>
<td><div><pre>java.lang.AssertionError: 
Expected: &quot;You must be 13 years or older&quot;
     but: was &quot;Email has already been used. Please Login or Reset your password&quot;
	at org.hamcrest.MatcherAssert.assertThat(MatcherAssert.java:18)
	at org.hamcrest.MatcherAssert.assertThat(MatcherAssert.java:6)
	at core.TubiTVTest.TestCase01_20(TubiTVTest.java:108)
... Removed 29 stack frames</pre></div><a href='#' onClick='toggleBox("stack-trace1036316015", this, "Click to show all stack frames", "Click to hide stack frames")'>Click to show all stack frames</a>
<div class='stack-trace' id='stack-trace1036316015'><pre>java.lang.AssertionError: 
Expected: &quot;You must be 13 years or older&quot;
     but: was &quot;Email has already been used. Please Login or Reset your password&quot;
	at org.hamcrest.MatcherAssert.assertThat(MatcherAssert.java:18)
	at org.hamcrest.MatcherAssert.assertThat(MatcherAssert.java:6)
	at core.TubiTVTest.TestCase01_20(TubiTVTest.java:108)
	at sun.reflect.NativeMethodAccessorImpl.invoke0(Native Method)
	at sun.reflect.NativeMethodAccessorImpl.invoke(NativeMethodAccessorImpl.java:62)
	at sun.reflect.DelegatingMethodAccessorImpl.invoke(DelegatingMethodAccessorImpl.java:43)
	at java.lang.reflect.Method.invoke(Method.java:498)
	at org.testng.internal.MethodInvocationHelper.invokeMethod(MethodInvocationHelper.java:108)
	at org.testng.internal.Invoker.invokeMethod(Invoker.java:661)
	at org.testng.internal.Invoker.invokeTestMethod(Invoker.java:869)
	at org.testng.internal.Invoker.invokeTestMethods(Invoker.java:1193)
	at org.testng.internal.TestMethodWorker.invokeTestMethods(TestMethodWorker.java:126)
	at org.testng.internal.TestMethodWorker.run(TestMethodWorker.java:109)
	at org.testng.TestRunner.privateRun(TestRunner.java:744)
	at org.testng.TestRunner.run(TestRunner.java:602)
	at org.testng.SuiteRunner.runTest(SuiteRunner.java:380)
	at org.testng.SuiteRunner.runSequentially(SuiteRunner.java:375)
	at org.testng.SuiteRunner.privateRun(SuiteRunner.java:340)
	at org.testng.SuiteRunner.run(SuiteRunner.java:289)
	at org.testng.SuiteRunnerWorker.runSuite(SuiteRunnerWorker.java:52)
	at org.testng.SuiteRunnerWorker.run(SuiteRunnerWorker.java:86)
	at org.testng.TestNG.runSuitesSequentially(TestNG.java:1301)
	at org.testng.TestNG.runSuitesLocally(TestNG.java:1226)
	at org.testng.TestNG.runSuites(TestNG.java:1144)
	at org.testng.TestNG.run(TestNG.java:1115)
	at org.apache.maven.surefire.testng.TestNGExecutor.run(TestNGExecutor.java:135)
	at org.apache.maven.surefire.testng.TestNGDirectoryTestSuite.executeSingleClass(TestNGDirectoryTestSuite.java:112)
	at org.apache.maven.surefire.testng.TestNGDirectoryTestSuite.execute(TestNGDirectoryTestSuite.java:99)
	at org.apache.maven.surefire.testng.TestNGProvider.invoke(TestNGProvider.java:146)
	at org.apache.maven.surefire.booter.ForkedBooter.invokeProviderInSameClassLoader(ForkedBooter.java:386)
	at org.apache.maven.surefire.booter.ForkedBooter.runSuitesInProcess(ForkedBooter.java:323)
	at org.apache.maven.surefire.booter.ForkedBooter.main(ForkedBooter.java:143)
</pre></div></td>
<td>13</td>
<td>core.TubiTVTest@4c9e38</td></tr>
<tr>
<td title='core.TubiTVTest.TestCase02_05()'><b>TestCase02_05</b><br>Test class: core.TubiTVTest</td>
<td><div><pre>java.lang.AssertionError: 
Expected: &quot;https://tubitv.com/home&quot;
     but: was &quot;https://tubitv.com/login?redirect=/signup&quot;
	at org.hamcrest.MatcherAssert.assertThat(MatcherAssert.java:18)
	at org.hamcrest.MatcherAssert.assertThat(MatcherAssert.java:6)
	at core.TubiTVTest.TestCase02_05(TubiTVTest.java:151)
... Removed 29 stack frames</pre></div><a href='#' onClick='toggleBox("stack-trace209329590", this, "Click to show all stack frames", "Click to hide stack frames")'>Click to show all stack frames</a>
<div class='stack-trace' id='stack-trace209329590'><pre>java.lang.AssertionError: 
Expected: &quot;https://tubitv.com/home&quot;
     but: was &quot;https://tubitv.com/login?redirect=/signup&quot;
	at org.hamcrest.MatcherAssert.assertThat(MatcherAssert.java:18)
	at org.hamcrest.MatcherAssert.assertThat(MatcherAssert.java:6)
	at core.TubiTVTest.TestCase02_05(TubiTVTest.java:151)
	at sun.reflect.NativeMethodAccessorImpl.invoke0(Native Method)
	at sun.reflect.NativeMethodAccessorImpl.invoke(NativeMethodAccessorImpl.java:62)
	at sun.reflect.DelegatingMethodAccessorImpl.invoke(DelegatingMethodAccessorImpl.java:43)
	at java.lang.reflect.Method.invoke(Method.java:498)
	at org.testng.internal.MethodInvocationHelper.invokeMethod(MethodInvocationHelper.java:108)
	at org.testng.internal.Invoker.invokeMethod(Invoker.java:661)
	at org.testng.internal.Invoker.invokeTestMethod(Invoker.java:869)
	at org.testng.internal.Invoker.invokeTestMethods(Invoker.java:1193)
	at org.testng.internal.TestMethodWorker.invokeTestMethods(TestMethodWorker.java:126)
	at org.testng.internal.TestMethodWorker.run(TestMethodWorker.java:109)
	at org.testng.TestRunner.privateRun(TestRunner.java:744)
	at org.testng.TestRunner.run(TestRunner.java:602)
	at org.testng.SuiteRunner.runTest(SuiteRunner.java:380)
	at org.testng.SuiteRunner.runSequentially(SuiteRunner.java:375)
	at org.testng.SuiteRunner.privateRun(SuiteRunner.java:340)
	at org.testng.SuiteRunner.run(SuiteRunner.java:289)
	at org.testng.SuiteRunnerWorker.runSuite(SuiteRunnerWorker.java:52)
	at org.testng.SuiteRunnerWorker.run(SuiteRunnerWorker.java:86)
	at org.testng.TestNG.runSuitesSequentially(TestNG.java:1301)
	at org.testng.TestNG.runSuitesLocally(TestNG.java:1226)
	at org.testng.TestNG.runSuites(TestNG.java:1144)
	at org.testng.TestNG.run(TestNG.java:1115)
	at org.apache.maven.surefire.testng.TestNGExecutor.run(TestNGExecutor.java:135)
	at org.apache.maven.surefire.testng.TestNGDirectoryTestSuite.executeSingleClass(TestNGDirectoryTestSuite.java:112)
	at org.apache.maven.surefire.testng.TestNGDirectoryTestSuite.execute(TestNGDirectoryTestSuite.java:99)
	at org.apache.maven.surefire.testng.TestNGProvider.invoke(TestNGProvider.java:146)
	at org.apache.maven.surefire.booter.ForkedBooter.invokeProviderInSameClassLoader(ForkedBooter.java:386)
	at org.apache.maven.surefire.booter.ForkedBooter.runSuitesInProcess(ForkedBooter.java:323)
	at org.apache.maven.surefire.booter.ForkedBooter.main(ForkedBooter.java:143)
</pre></div></td>
<td>13</td>
<td>core.TubiTVTest@4c9e38</td></tr>
<tr>
<td title='core.TubiTVTest.TestCase03_03()'><b>TestCase03_03</b><br>Test class: core.TubiTVTest</td>
<td><div><pre>java.lang.AssertionError: 
Expected: &quot;https://tubitv.com/activate&quot;
     but: was &quot;https://tubitv.com/signup?redirect=/activate&quot;
	at org.hamcrest.MatcherAssert.assertThat(MatcherAssert.java:18)
	at org.hamcrest.MatcherAssert.assertThat(MatcherAssert.java:6)
	at core.TubiTVTest.TestCase03_03(TubiTVTest.java:191)
... Removed 29 stack frames</pre></div><a href='#' onClick='toggleBox("stack-trace1884602472", this, "Click to show all stack frames", "Click to hide stack frames")'>Click to show all stack frames</a>
<div class='stack-trace' id='stack-trace1884602472'><pre>java.lang.AssertionError: 
Expected: &quot;https://tubitv.com/activate&quot;
     but: was &quot;https://tubitv.com/signup?redirect=/activate&quot;
	at org.hamcrest.MatcherAssert.assertThat(MatcherAssert.java:18)
	at org.hamcrest.MatcherAssert.assertThat(MatcherAssert.java:6)
	at core.TubiTVTest.TestCase03_03(TubiTVTest.java:191)
	at sun.reflect.NativeMethodAccessorImpl.invoke0(Native Method)
	at sun.reflect.NativeMethodAccessorImpl.invoke(NativeMethodAccessorImpl.java:62)
	at sun.reflect.DelegatingMethodAccessorImpl.invoke(DelegatingMethodAccessorImpl.java:43)
	at java.lang.reflect.Method.invoke(Method.java:498)
	at org.testng.internal.MethodInvocationHelper.invokeMethod(MethodInvocationHelper.java:108)
	at org.testng.internal.Invoker.invokeMethod(Invoker.java:661)
	at org.testng.internal.Invoker.invokeTestMethod(Invoker.java:869)
	at org.testng.internal.Invoker.invokeTestMethods(Invoker.java:1193)
	at org.testng.internal.TestMethodWorker.invokeTestMethods(TestMethodWorker.java:126)
	at org.testng.internal.TestMethodWorker.run(TestMethodWorker.java:109)
	at org.testng.TestRunner.privateRun(TestRunner.java:744)
	at org.testng.TestRunner.run(TestRunner.java:602)
	at org.testng.SuiteRunner.runTest(SuiteRunner.java:380)
	at org.testng.SuiteRunner.runSequentially(SuiteRunner.java:375)
	at org.testng.SuiteRunner.privateRun(SuiteRunner.java:340)
	at org.testng.SuiteRunner.run(SuiteRunner.java:289)
	at org.testng.SuiteRunnerWorker.runSuite(SuiteRunnerWorker.java:52)
	at org.testng.SuiteRunnerWorker.run(SuiteRunnerWorker.java:86)
	at org.testng.TestNG.runSuitesSequentially(TestNG.java:1301)
	at org.testng.TestNG.runSuitesLocally(TestNG.java:1226)
	at org.testng.TestNG.runSuites(TestNG.java:1144)
	at org.testng.TestNG.run(TestNG.java:1115)
	at org.apache.maven.surefire.testng.TestNGExecutor.run(TestNGExecutor.java:135)
	at org.apache.maven.surefire.testng.TestNGDirectoryTestSuite.executeSingleClass(TestNGDirectoryTestSuite.java:112)
	at org.apache.maven.surefire.testng.TestNGDirectoryTestSuite.execute(TestNGDirectoryTestSuite.java:99)
	at org.apache.maven.surefire.testng.TestNGProvider.invoke(TestNGProvider.java:146)
	at org.apache.maven.surefire.booter.ForkedBooter.invokeProviderInSameClassLoader(ForkedBooter.java:386)
	at org.apache.maven.surefire.booter.ForkedBooter.runSuitesInProcess(ForkedBooter.java:323)
	at org.apache.maven.surefire.booter.ForkedBooter.main(ForkedBooter.java:143)
</pre></div></td>
<td>14</td>
<td>core.TubiTVTest@4c9e38</td></tr>
<tr>
<td title='core.TubiTVTest.TestCase05_02_2()'><b>TestCase05_02_2</b><br>Test class: core.TubiTVTest</td>
<td><div><pre>org.openqa.selenium.TimeoutException: Expected condition failed: waiting for presence of element located by: By.xpath: //h1[@class=&apos;_2I1Kknp0lk&apos;] (tried for 15 second(s) with 500 MILLISECONDS interval)
	at org.openqa.selenium.support.ui.WebDriverWait.timeoutException(WebDriverWait.java:82)
	at org.openqa.selenium.support.ui.FluentWait.until(FluentWait.java:231)
	at core.Main.testg(Main.java:63)
	at core.Testcase05_02_2.TestCase05_02_2(Testcase05_02_2.java:25)
	at core.TubiTVTest.TestCase05_02_2(TubiTVTest.java:242)
Caused by: org.openqa.selenium.NoSuchElementException: Cannot locate an element using By.xpath: //h1[@class=&apos;_2I1Kknp0lk&apos;]
For documentation on this error, please visit: http://seleniumhq.org/exceptions/no_such_element.html
Build info: version: &apos;3.6.0&apos;, revision: &apos;6fbf3ec767&apos;, time: &apos;2017-09-27T15:28:36.4Z&apos;
System info: host: &apos;MacBook-Pro-3.local&apos;, ip: &apos;fe80:0:0:0:401:608a:2476:a1d6%en0&apos;, os.name: &apos;Mac OS X&apos;, os.arch: &apos;x86_64&apos;, os.version: &apos;10.13.1&apos;, java.version: &apos;1.8.0_121&apos;
Driver info: driver.version: unknown
	at org.openqa.selenium.support.ui.ExpectedConditions.lambda$findElement$0(ExpectedConditions.java:882)
	at java.util.Optional.orElseThrow(Optional.java:290)
	at org.openqa.selenium.support.ui.ExpectedConditions.findElement(ExpectedConditions.java:881)
	at org.openqa.selenium.support.ui.ExpectedConditions.access$000(ExpectedConditions.java:43)
	at org.openqa.selenium.support.ui.ExpectedConditions$6.apply(ExpectedConditions.java:182)
	at org.openqa.selenium.support.ui.ExpectedConditions$6.apply(ExpectedConditions.java:179)
	at org.openqa.selenium.support.ui.FluentWait.until(FluentWait.java:208)
	... 32 more
... Removed 29 stack frames</pre></div><a href='#' onClick='toggleBox("stack-trace993671826", this, "Click to show all stack frames", "Click to hide stack frames")'>Click to show all stack frames</a>
<div class='stack-trace' id='stack-trace993671826'><pre>org.openqa.selenium.TimeoutException: Expected condition failed: waiting for presence of element located by: By.xpath: //h1[@class=&apos;_2I1Kknp0lk&apos;] (tried for 15 second(s) with 500 MILLISECONDS interval)
	at org.openqa.selenium.support.ui.WebDriverWait.timeoutException(WebDriverWait.java:82)
	at org.openqa.selenium.support.ui.FluentWait.until(FluentWait.java:231)
	at core.Main.testg(Main.java:63)
	at core.Testcase05_02_2.TestCase05_02_2(Testcase05_02_2.java:25)
	at core.TubiTVTest.TestCase05_02_2(TubiTVTest.java:242)
	at sun.reflect.NativeMethodAccessorImpl.invoke0(Native Method)
	at sun.reflect.NativeMethodAccessorImpl.invoke(NativeMethodAccessorImpl.java:62)
	at sun.reflect.DelegatingMethodAccessorImpl.invoke(DelegatingMethodAccessorImpl.java:43)
	at java.lang.reflect.Method.invoke(Method.java:498)
	at org.testng.internal.MethodInvocationHelper.invokeMethod(MethodInvocationHelper.java:108)
	at org.testng.internal.Invoker.invokeMethod(Invoker.java:661)
	at org.testng.internal.Invoker.invokeTestMethod(Invoker.java:869)
	at org.testng.internal.Invoker.invokeTestMethods(Invoker.java:1193)
	at org.testng.internal.TestMethodWorker.invokeTestMethods(TestMethodWorker.java:126)
	at org.testng.internal.TestMethodWorker.run(TestMethodWorker.java:109)
	at org.testng.TestRunner.privateRun(TestRunner.java:744)
	at org.testng.TestRunner.run(TestRunner.java:602)
	at org.testng.SuiteRunner.runTest(SuiteRunner.java:380)
	at org.testng.SuiteRunner.runSequentially(SuiteRunner.java:375)
	at org.testng.SuiteRunner.privateRun(SuiteRunner.java:340)
	at org.testng.SuiteRunner.run(SuiteRunner.java:289)
	at org.testng.SuiteRunnerWorker.runSuite(SuiteRunnerWorker.java:52)
	at org.testng.SuiteRunnerWorker.run(SuiteRunnerWorker.java:86)
	at org.testng.TestNG.runSuitesSequentially(TestNG.java:1301)
	at org.testng.TestNG.runSuitesLocally(TestNG.java:1226)
	at org.testng.TestNG.runSuites(TestNG.java:1144)
	at org.testng.TestNG.run(TestNG.java:1115)
	at org.apache.maven.surefire.testng.TestNGExecutor.run(TestNGExecutor.java:135)
	at org.apache.maven.surefire.testng.TestNGDirectoryTestSuite.executeSingleClass(TestNGDirectoryTestSuite.java:112)
	at org.apache.maven.surefire.testng.TestNGDirectoryTestSuite.execute(TestNGDirectoryTestSuite.java:99)
	at org.apache.maven.surefire.testng.TestNGProvider.invoke(TestNGProvider.java:146)
	at org.apache.maven.surefire.booter.ForkedBooter.invokeProviderInSameClassLoader(ForkedBooter.java:386)
	at org.apache.maven.surefire.booter.ForkedBooter.runSuitesInProcess(ForkedBooter.java:323)
	at org.apache.maven.surefire.booter.ForkedBooter.main(ForkedBooter.java:143)
Caused by: org.openqa.selenium.NoSuchElementException: Cannot locate an element using By.xpath: //h1[@class=&apos;_2I1Kknp0lk&apos;]
For documentation on this error, please visit: http://seleniumhq.org/exceptions/no_such_element.html
Build info: version: &apos;3.6.0&apos;, revision: &apos;6fbf3ec767&apos;, time: &apos;2017-09-27T15:28:36.4Z&apos;
System info: host: &apos;MacBook-Pro-3.local&apos;, ip: &apos;fe80:0:0:0:401:608a:2476:a1d6%en0&apos;, os.name: &apos;Mac OS X&apos;, os.arch: &apos;x86_64&apos;, os.version: &apos;10.13.1&apos;, java.version: &apos;1.8.0_121&apos;
Driver info: driver.version: unknown
	at org.openqa.selenium.support.ui.ExpectedConditions.lambda$findElement$0(ExpectedConditions.java:882)
	at java.util.Optional.orElseThrow(Optional.java:290)
	at org.openqa.selenium.support.ui.ExpectedConditions.findElement(ExpectedConditions.java:881)
	at org.openqa.selenium.support.ui.ExpectedConditions.access$000(ExpectedConditions.java:43)
	at org.openqa.selenium.support.ui.ExpectedConditions$6.apply(ExpectedConditions.java:182)
	at org.openqa.selenium.support.ui.ExpectedConditions$6.apply(ExpectedConditions.java:179)
	at org.openqa.selenium.support.ui.FluentWait.until(FluentWait.java:208)
	... 32 more
</pre></div></td>
<td>27</td>
<td>core.TubiTVTest@4c9e38</td></tr>
<tr>
<td title='core.TubiTVTest.TestCase05_03()'><b>TestCase05_03</b><br>Test class: core.TubiTVTest</td>
<td><div><pre>java.lang.AssertionError: 
Expected: &quot;Test 7&quot;
     but: was &quot;Born to Fly&quot;
	at org.hamcrest.MatcherAssert.assertThat(MatcherAssert.java:18)
	at org.hamcrest.MatcherAssert.assertThat(MatcherAssert.java:6)
	at core.TubiTVTest.TestCase05_03(TubiTVTest.java:247)
... Removed 29 stack frames</pre></div><a href='#' onClick='toggleBox("stack-trace771840705", this, "Click to show all stack frames", "Click to hide stack frames")'>Click to show all stack frames</a>
<div class='stack-trace' id='stack-trace771840705'><pre>java.lang.AssertionError: 
Expected: &quot;Test 7&quot;
     but: was &quot;Born to Fly&quot;
	at org.hamcrest.MatcherAssert.assertThat(MatcherAssert.java:18)
	at org.hamcrest.MatcherAssert.assertThat(MatcherAssert.java:6)
	at core.TubiTVTest.TestCase05_03(TubiTVTest.java:247)
	at sun.reflect.NativeMethodAccessorImpl.invoke0(Native Method)
	at sun.reflect.NativeMethodAccessorImpl.invoke(NativeMethodAccessorImpl.java:62)
	at sun.reflect.DelegatingMethodAccessorImpl.invoke(DelegatingMethodAccessorImpl.java:43)
	at java.lang.reflect.Method.invoke(Method.java:498)
	at org.testng.internal.MethodInvocationHelper.invokeMethod(MethodInvocationHelper.java:108)
	at org.testng.internal.Invoker.invokeMethod(Invoker.java:661)
	at org.testng.internal.Invoker.invokeTestMethod(Invoker.java:869)
	at org.testng.internal.Invoker.invokeTestMethods(Invoker.java:1193)
	at org.testng.internal.TestMethodWorker.invokeTestMethods(TestMethodWorker.java:126)
	at org.testng.internal.TestMethodWorker.run(TestMethodWorker.java:109)
	at org.testng.TestRunner.privateRun(TestRunner.java:744)
	at org.testng.TestRunner.run(TestRunner.java:602)
	at org.testng.SuiteRunner.runTest(SuiteRunner.java:380)
	at org.testng.SuiteRunner.runSequentially(SuiteRunner.java:375)
	at org.testng.SuiteRunner.privateRun(SuiteRunner.java:340)
	at org.testng.SuiteRunner.run(SuiteRunner.java:289)
	at org.testng.SuiteRunnerWorker.runSuite(SuiteRunnerWorker.java:52)
	at org.testng.SuiteRunnerWorker.run(SuiteRunnerWorker.java:86)
	at org.testng.TestNG.runSuitesSequentially(TestNG.java:1301)
	at org.testng.TestNG.runSuitesLocally(TestNG.java:1226)
	at org.testng.TestNG.runSuites(TestNG.java:1144)
	at org.testng.TestNG.run(TestNG.java:1115)
	at org.apache.maven.surefire.testng.TestNGExecutor.run(TestNGExecutor.java:135)
	at org.apache.maven.surefire.testng.TestNGDirectoryTestSuite.executeSingleClass(TestNGDirectoryTestSuite.java:112)
	at org.apache.maven.surefire.testng.TestNGDirectoryTestSuite.execute(TestNGDirectoryTestSuite.java:99)
	at org.apache.maven.surefire.testng.TestNGProvider.invoke(TestNGProvider.java:146)
	at org.apache.maven.surefire.booter.ForkedBooter.invokeProviderInSameClassLoader(ForkedBooter.java:386)
	at org.apache.maven.surefire.booter.ForkedBooter.runSuitesInProcess(ForkedBooter.java:323)
	at org.apache.maven.surefire.booter.ForkedBooter.main(ForkedBooter.java:143)
</pre></div></td>
<td>12</td>
<td>core.TubiTVTest@4c9e38</td></tr>
<tr>
<td title='core.TubiTVTest.TestCase05_08()'><b>TestCase05_08</b><br>Test class: core.TubiTVTest</td>
<td><div><pre>org.openqa.selenium.ElementNotInteractableException: 
Build info: version: &apos;3.6.0&apos;, revision: &apos;6fbf3ec767&apos;, time: &apos;2017-09-27T15:28:36.4Z&apos;
System info: host: &apos;MacBook-Pro-3.local&apos;, ip: &apos;fe80:0:0:0:401:608a:2476:a1d6%en0&apos;, os.name: &apos;Mac OS X&apos;, os.arch: &apos;x86_64&apos;, os.version: &apos;10.13.1&apos;, java.version: &apos;1.8.0_121&apos;
Driver info: org.openqa.selenium.firefox.FirefoxDriver
Capabilities [{moz:profile=/var/folders/59/rv1j4l2s6lxfp0vlypzcr5c80000gp/T/rust_mozprofile.sTeCvj7SkLaR, rotatable=false, timeouts={implicit=0, pageLoad=300000, script=30000}, pageLoadStrategy=normal, moz:headless=false, platform=MAC, moz:accessibilityChecks=false, acceptInsecureCerts=true, browserVersion=57.0.4, platformVersion=17.2.0, moz:processID=36239, browserName=firefox, javascriptEnabled=true, platformName=MAC, moz:webdriverClick=false}]
Session ID: 5e3f4c3e-8710-e047-88b3-05a16778fce9
	at org.openqa.selenium.remote.http.W3CHttpResponseCodec.createException(W3CHttpResponseCodec.java:185)
	at org.openqa.selenium.remote.http.W3CHttpResponseCodec.decode(W3CHttpResponseCodec.java:120)
	at org.openqa.selenium.remote.http.W3CHttpResponseCodec.decode(W3CHttpResponseCodec.java:49)
	at org.openqa.selenium.remote.HttpCommandExecutor.execute(HttpCommandExecutor.java:164)
	at org.openqa.selenium.remote.service.DriverCommandExecutor.execute(DriverCommandExecutor.java:83)
	at org.openqa.selenium.remote.RemoteWebDriver.execute(RemoteWebDriver.java:586)
	at org.openqa.selenium.remote.RemoteWebElement.execute(RemoteWebElement.java:279)
	at org.openqa.selenium.remote.RemoteWebElement.click(RemoteWebElement.java:83)
	at core.Main.testc(Main.java:49)
	at core.Testcase05_08.TestCase05_08(Testcase05_08.java:23)
	at core.TubiTVTest.TestCase05_08(TubiTVTest.java:274)
... Removed 33 stack frames</pre></div><a href='#' onClick='toggleBox("stack-trace1989843834", this, "Click to show all stack frames", "Click to hide stack frames")'>Click to show all stack frames</a>
<div class='stack-trace' id='stack-trace1989843834'><pre>org.openqa.selenium.ElementNotInteractableException: 
Build info: version: &apos;3.6.0&apos;, revision: &apos;6fbf3ec767&apos;, time: &apos;2017-09-27T15:28:36.4Z&apos;
System info: host: &apos;MacBook-Pro-3.local&apos;, ip: &apos;fe80:0:0:0:401:608a:2476:a1d6%en0&apos;, os.name: &apos;Mac OS X&apos;, os.arch: &apos;x86_64&apos;, os.version: &apos;10.13.1&apos;, java.version: &apos;1.8.0_121&apos;
Driver info: org.openqa.selenium.firefox.FirefoxDriver
Capabilities [{moz:profile=/var/folders/59/rv1j4l2s6lxfp0vlypzcr5c80000gp/T/rust_mozprofile.sTeCvj7SkLaR, rotatable=false, timeouts={implicit=0, pageLoad=300000, script=30000}, pageLoadStrategy=normal, moz:headless=false, platform=MAC, moz:accessibilityChecks=false, acceptInsecureCerts=true, browserVersion=57.0.4, platformVersion=17.2.0, moz:processID=36239, browserName=firefox, javascriptEnabled=true, platformName=MAC, moz:webdriverClick=false}]
Session ID: 5e3f4c3e-8710-e047-88b3-05a16778fce9
	at sun.reflect.NativeConstructorAccessorImpl.newInstance0(Native Method)
	at sun.reflect.NativeConstructorAccessorImpl.newInstance(NativeConstructorAccessorImpl.java:62)
	at sun.reflect.DelegatingConstructorAccessorImpl.newInstance(DelegatingConstructorAccessorImpl.java:45)
	at java.lang.reflect.Constructor.newInstance(Constructor.java:423)
	at org.openqa.selenium.remote.http.W3CHttpResponseCodec.createException(W3CHttpResponseCodec.java:185)
	at org.openqa.selenium.remote.http.W3CHttpResponseCodec.decode(W3CHttpResponseCodec.java:120)
	at org.openqa.selenium.remote.http.W3CHttpResponseCodec.decode(W3CHttpResponseCodec.java:49)
	at org.openqa.selenium.remote.HttpCommandExecutor.execute(HttpCommandExecutor.java:164)
	at org.openqa.selenium.remote.service.DriverCommandExecutor.execute(DriverCommandExecutor.java:83)
	at org.openqa.selenium.remote.RemoteWebDriver.execute(RemoteWebDriver.java:586)
	at org.openqa.selenium.remote.RemoteWebElement.execute(RemoteWebElement.java:279)
	at org.openqa.selenium.remote.RemoteWebElement.click(RemoteWebElement.java:83)
	at core.Main.testc(Main.java:49)
	at core.Testcase05_08.TestCase05_08(Testcase05_08.java:23)
	at core.TubiTVTest.TestCase05_08(TubiTVTest.java:274)
	at sun.reflect.NativeMethodAccessorImpl.invoke0(Native Method)
	at sun.reflect.NativeMethodAccessorImpl.invoke(NativeMethodAccessorImpl.java:62)
	at sun.reflect.DelegatingMethodAccessorImpl.invoke(DelegatingMethodAccessorImpl.java:43)
	at java.lang.reflect.Method.invoke(Method.java:498)
	at org.testng.internal.MethodInvocationHelper.invokeMethod(MethodInvocationHelper.java:108)
	at org.testng.internal.Invoker.invokeMethod(Invoker.java:661)
	at org.testng.internal.Invoker.invokeTestMethod(Invoker.java:869)
	at org.testng.internal.Invoker.invokeTestMethods(Invoker.java:1193)
	at org.testng.internal.TestMethodWorker.invokeTestMethods(TestMethodWorker.java:126)
	at org.testng.internal.TestMethodWorker.run(TestMethodWorker.java:109)
	at org.testng.TestRunner.privateRun(TestRunner.java:744)
	at org.testng.TestRunner.run(TestRunner.java:602)
	at org.testng.SuiteRunner.runTest(SuiteRunner.java:380)
	at org.testng.SuiteRunner.runSequentially(SuiteRunner.java:375)
	at org.testng.SuiteRunner.privateRun(SuiteRunner.java:340)
	at org.testng.SuiteRunner.run(SuiteRunner.java:289)
	at org.testng.SuiteRunnerWorker.runSuite(SuiteRunnerWorker.java:52)
	at org.testng.SuiteRunnerWorker.run(SuiteRunnerWorker.java:86)
	at org.testng.TestNG.runSuitesSequentially(TestNG.java:1301)
	at org.testng.TestNG.runSuitesLocally(TestNG.java:1226)
	at org.testng.TestNG.runSuites(TestNG.java:1144)
	at org.testng.TestNG.run(TestNG.java:1115)
	at org.apache.maven.surefire.testng.TestNGExecutor.run(TestNGExecutor.java:135)
	at org.apache.maven.surefire.testng.TestNGDirectoryTestSuite.executeSingleClass(TestNGDirectoryTestSuite.java:112)
	at org.apache.maven.surefire.testng.TestNGDirectoryTestSuite.execute(TestNGDirectoryTestSuite.java:99)
	at org.apache.maven.surefire.testng.TestNGProvider.invoke(TestNGProvider.java:146)
	at org.apache.maven.surefire.booter.ForkedBooter.invokeProviderInSameClassLoader(ForkedBooter.java:386)
	at org.apache.maven.surefire.booter.ForkedBooter.runSuitesInProcess(ForkedBooter.java:323)
	at org.apache.maven.surefire.booter.ForkedBooter.main(ForkedBooter.java:143)
</pre></div></td>
<td>14</td>
<td>core.TubiTVTest@4c9e38</td></tr>
</table><p>
<table width='100%' border='1' class='invocation-passed'>
<tr><td colspan='4' align='center'><b>PASSED TESTS</b></td></tr>
<tr><td><b>Test method</b></td>
<td width="30%"><b>Exception</b></td>
<td width="10%"><b>Time (seconds)</b></td>
<td><b>Instance</b></td>
</tr>
<tr>
<td title='core.TubiTVTest.TestCase01_02()'><b>TestCase01_02</b><br>Test class: core.TubiTVTest</td>
<td></td>
<td>19</td>
<td>core.TubiTVTest@4c9e38</td></tr>
<tr>
<td title='core.TubiTVTest.TestCase01_03()'><b>TestCase01_03</b><br>Test class: core.TubiTVTest</td>
<td></td>
<td>11</td>
<td>core.TubiTVTest@4c9e38</td></tr>
<tr>
<td title='core.TubiTVTest.TestCase01_04()'><b>TestCase01_04</b><br>Test class: core.TubiTVTest</td>
<td></td>
<td>10</td>
<td>core.TubiTVTest@4c9e38</td></tr>
<tr>
<td title='core.TubiTVTest.TestCase01_05()'><b>TestCase01_05</b><br>Test class: core.TubiTVTest</td>
<td></td>
<td>19</td>
<td>core.TubiTVTest@4c9e38</td></tr>
<tr>
<td title='core.TubiTVTest.TestCase01_06()'><b>TestCase01_06</b><br>Test class: core.TubiTVTest</td>
<td></td>
<td>19</td>
<td>core.TubiTVTest@4c9e38</td></tr>
<tr>
<td title='core.TubiTVTest.TestCase01_07()'><b>TestCase01_07</b><br>Test class: core.TubiTVTest</td>
<td></td>
<td>14</td>
<td>core.TubiTVTest@4c9e38</td></tr>
<tr>
<td title='core.TubiTVTest.TestCase01_08()'><b>TestCase01_08</b><br>Test class: core.TubiTVTest</td>
<td></td>
<td>14</td>
<td>core.TubiTVTest@4c9e38</td></tr>
<tr>
<td title='core.TubiTVTest.TestCase01_09()'><b>TestCase01_09</b><br>Test class: core.TubiTVTest</td>
<td></td>
<td>14</td>
<td>core.TubiTVTest@4c9e38</td></tr>
<tr>
<td title='core.TubiTVTest.TestCase01_10()'><b>TestCase01_10</b><br>Test class: core.TubiTVTest</td>
<td></td>
<td>15</td>
<td>core.TubiTVTest@4c9e38</td></tr>
<tr>
<td title='core.TubiTVTest.TestCase01_11()'><b>TestCase01_11</b><br>Test class: core.TubiTVTest</td>
<td></td>
<td>14</td>
<td>core.TubiTVTest@4c9e38</td></tr>
<tr>
<td title='core.TubiTVTest.TestCase01_12()'><b>TestCase01_12</b><br>Test class: core.TubiTVTest</td>
<td></td>
<td>16</td>
<td>core.TubiTVTest@4c9e38</td></tr>
<tr>
<td title='core.TubiTVTest.TestCase01_13()'><b>TestCase01_13</b><br>Test class: core.TubiTVTest</td>
<td></td>
<td>14</td>
<td>core.TubiTVTest@4c9e38</td></tr>
<tr>
<td title='core.TubiTVTest.TestCase01_14()'><b>TestCase01_14</b><br>Test class: core.TubiTVTest</td>
<td></td>
<td>14</td>
<td>core.TubiTVTest@4c9e38</td></tr>
<tr>
<td title='core.TubiTVTest.TestCase01_15()'><b>TestCase01_15</b><br>Test class: core.TubiTVTest</td>
<td></td>
<td>14</td>
<td>core.TubiTVTest@4c9e38</td></tr>
<tr>
<td title='core.TubiTVTest.TestCase01_16()'><b>TestCase01_16</b><br>Test class: core.TubiTVTest</td>
<td></td>
<td>14</td>
<td>core.TubiTVTest@4c9e38</td></tr>
<tr>
<td title='core.TubiTVTest.TestCase01_17()'><b>TestCase01_17</b><br>Test class: core.TubiTVTest</td>
<td></td>
<td>26</td>
<td>core.TubiTVTest@4c9e38</td></tr>
<tr>
<td title='core.TubiTVTest.TestCase01_18()'><b>TestCase01_18</b><br>Test class: core.TubiTVTest</td>
<td></td>
<td>14</td>
<td>core.TubiTVTest@4c9e38</td></tr>
<tr>
<td title='core.TubiTVTest.TestCase01_19()'><b>TestCase01_19</b><br>Test class: core.TubiTVTest</td>
<td></td>
<td>14</td>
<td>core.TubiTVTest@4c9e38</td></tr>
<tr>
<td title='core.TubiTVTest.TestCase01_21()'><b>TestCase01_21</b><br>Test class: core.TubiTVTest</td>
<td></td>
<td>22</td>
<td>core.TubiTVTest@4c9e38</td></tr>
<tr>
<td title='core.TubiTVTest.TestCase01_22()'><b>TestCase01_22</b><br>Test class: core.TubiTVTest</td>
<td></td>
<td>24</td>
<td>core.TubiTVTest@4c9e38</td></tr>
<tr>
<td title='core.TubiTVTest.TestCase02_01()'><b>TestCase02_01</b><br>Test class: core.TubiTVTest</td>
<td></td>
<td>13</td>
<td>core.TubiTVTest@4c9e38</td></tr>
<tr>
<td title='core.TubiTVTest.TestCase02_02()'><b>TestCase02_02</b><br>Test class: core.TubiTVTest</td>
<td></td>
<td>9</td>
<td>core.TubiTVTest@4c9e38</td></tr>
<tr>
<td title='core.TubiTVTest.TestCase02_03()'><b>TestCase02_03</b><br>Test class: core.TubiTVTest</td>
<td></td>
<td>9</td>
<td>core.TubiTVTest@4c9e38</td></tr>
<tr>
<td title='core.TubiTVTest.TestCase02_04()'><b>TestCase02_04</b><br>Test class: core.TubiTVTest</td>
<td></td>
<td>9</td>
<td>core.TubiTVTest@4c9e38</td></tr>
<tr>
<td title='core.TubiTVTest.TestCase02_06()'><b>TestCase02_06</b><br>Test class: core.TubiTVTest</td>
<td></td>
<td>15</td>
<td>core.TubiTVTest@4c9e38</td></tr>
<tr>
<td title='core.TubiTVTest.TestCase02_07()'><b>TestCase02_07</b><br>Test class: core.TubiTVTest</td>
<td></td>
<td>24</td>
<td>core.TubiTVTest@4c9e38</td></tr>
<tr>
<td title='core.TubiTVTest.TestCase02_08()'><b>TestCase02_08</b><br>Test class: core.TubiTVTest</td>
<td></td>
<td>24</td>
<td>core.TubiTVTest@4c9e38</td></tr>
<tr>
<td title='core.TubiTVTest.TestCase03_01()'><b>TestCase03_01</b><br>Test class: core.TubiTVTest</td>
<td></td>
<td>12</td>
<td>core.TubiTVTest@4c9e38</td></tr>
<tr>
<td title='core.TubiTVTest.TestCase03_02()'><b>TestCase03_02</b><br>Test class: core.TubiTVTest</td>
<td></td>
<td>20</td>
<td>core.TubiTVTest@4c9e38</td></tr>
<tr>
<td title='core.TubiTVTest.TestCase03_04()'><b>TestCase03_04</b><br>Test class: core.TubiTVTest</td>
<td></td>
<td>13</td>
<td>core.TubiTVTest@4c9e38</td></tr>
<tr>
<td title='core.TubiTVTest.TestCase03_05()'><b>TestCase03_05</b><br>Test class: core.TubiTVTest</td>
<td></td>
<td>16</td>
<td>core.TubiTVTest@4c9e38</td></tr>
<tr>
<td title='core.TubiTVTest.TestCase03_05_1()'><b>TestCase03_05_1</b><br>Test class: core.TubiTVTest</td>
<td></td>
<td>15</td>
<td>core.TubiTVTest@4c9e38</td></tr>
<tr>
<td title='core.TubiTVTest.TestCase03_06()'><b>TestCase03_06</b><br>Test class: core.TubiTVTest</td>
<td></td>
<td>13</td>
<td>core.TubiTVTest@4c9e38</td></tr>
<tr>
<td title='core.TubiTVTest.TestCase03_07()'><b>TestCase03_07</b><br>Test class: core.TubiTVTest</td>
<td></td>
<td>13</td>
<td>core.TubiTVTest@4c9e38</td></tr>
<tr>
<td title='core.TubiTVTest.TestCase05_01()'><b>TestCase05_01</b><br>Test class: core.TubiTVTest</td>
<td></td>
<td>11</td>
<td>core.TubiTVTest@4c9e38</td></tr>
<tr>
<td title='core.TubiTVTest.TestCase05_02()'><b>TestCase05_02</b><br>Test class: core.TubiTVTest</td>
<td></td>
<td>12</td>
<td>core.TubiTVTest@4c9e38</td></tr>
<tr>
<td title='core.TubiTVTest.TestCase05_02_1()'><b>TestCase05_02_1</b><br>Test class: core.TubiTVTest</td>
<td></td>
<td>12</td>
<td>core.TubiTVTest@4c9e38</td></tr>
<tr>
<td title='core.TubiTVTest.TestCase05_04()'><b>TestCase05_04</b><br>Test class: core.TubiTVTest</td>
<td></td>
<td>11</td>
<td>core.TubiTVTest@4c9e38</td></tr>
<tr>
<td title='core.TubiTVTest.TestCase05_05()'><b>TestCase05_05</b><br>Test class: core.TubiTVTest</td>
<td></td>
<td>11</td>
<td>core.TubiTVTest@4c9e38</td></tr>
<tr>
<td title='core.TubiTVTest.TestCase05_06()'><b>TestCase05_06</b><br>Test class: core.TubiTVTest</td>
<td></td>
<td>16</td>
<td>core.TubiTVTest@4c9e38</td></tr>
<tr>
<td title='core.TubiTVTest.TestCase05_07()'><b>TestCase05_07</b><br>Test class: core.TubiTVTest</td>
<td></td>
<td>14</td>
<td>core.TubiTVTest@4c9e38</td></tr>
<tr>
<td title='core.TubiTVTest.TestCase05_09()'><b>TestCase05_09</b><br>Test class: core.TubiTVTest</td>
<td></td>
<td>23</td>
<td>core.TubiTVTest@4c9e38</td></tr>
<tr>
<td title='core.TubiTVTest.TestCase05_10()'><b>TestCase05_10</b><br>Test class: core.TubiTVTest</td>
<td></td>
<td>23</td>
<td>core.TubiTVTest@4c9e38</td></tr>
<tr>
<td title='core.TubiTVTest.TestCase06_0()'><b>TestCase06_0</b><br>Test class: core.TubiTVTest</td>
<td></td>
<td>25</td>
<td>core.TubiTVTest@4c9e38</td></tr>
<tr>
<td title='core.TubiTVTest.TestCase06_01()'><b>TestCase06_01</b><br>Test class: core.TubiTVTest</td>
<td></td>
<td>22</td>
<td>core.TubiTVTest@4c9e38</td></tr>
<tr>
<td title='core.TubiTVTest.TestCase06_02()'><b>TestCase06_02</b><br>Test class: core.TubiTVTest</td>
<td></td>
<td>36</td>
<td>core.TubiTVTest@4c9e38</td></tr>
<tr>
<td title='core.TubiTVTest.TestCase06_03()'><b>TestCase06_03</b><br>Test class: core.TubiTVTest</td>
<td></td>
<td>23</td>
<td>core.TubiTVTest@4c9e38</td></tr>
<tr>
<td title='core.TubiTVTest.TestCase06_04()'><b>TestCase06_04</b><br>Test class: core.TubiTVTest</td>
<td></td>
<td>19</td>
<td>core.TubiTVTest@4c9e38</td></tr>
<tr>
<td title='core.TubiTVTest.TestCase06_05()'><b>TestCase06_05</b><br>Test class: core.TubiTVTest</td>
<td></td>
<td>30</td>
<td>core.TubiTVTest@4c9e38</td></tr>
<tr>
<td title='core.TubiTVTest.TestCase06_06()'><b>TestCase06_06</b><br>Test class: core.TubiTVTest</td>
<td></td>
<td>32</td>
<td>core.TubiTVTest@4c9e38</td></tr>
<tr>
<td title='core.TubiTVTest.TestCase06_07()'><b>TestCase06_07</b><br>Test class: core.TubiTVTest</td>
<td></td>
<td>29</td>
<td>core.TubiTVTest@4c9e38</td></tr>
<tr>
<td title='core.TubiTVTest.TestCase06_10()'><b>TestCase06_10</b><br>Test class: core.TubiTVTest</td>
<td></td>
<td>30</td>
<td>core.TubiTVTest@4c9e38</td></tr>
<tr>
<td title='core.TubiTVTest.TestCase06_11()'><b>TestCase06_11</b><br>Test class: core.TubiTVTest</td>
<td></td>
<td>30</td>
<td>core.TubiTVTest@4c9e38</td></tr>
</table><p>
</body>
</html>