<?xml version="1.0" encoding="UTF-8"?>
<!-- Generated by org.testng.reporters.JUnitXMLReporter -->
<testsuite hostname="MacBook-Pro-3.local" ignored="0" name="Surefire test" tests="60" failures="7" timestamp="18 Jan 2018 04:40:40 GMT" time="1082.736" errors="0">
  <testcase name="TestCase01_02" time="19.703" classname="core.TubiTVTest"/>
  <testcase name="TestCase01_02_1" time="25.007" classname="core.TubiTVTest">
    <failure type="java.lang.IndexOutOfBoundsException" message="Index: 1, Size: 1">
      <![CDATA[java.lang.IndexOutOfBoundsException: Index: 1, Size: 1
	at java.util.ArrayList.rangeCheck(ArrayList.java:653)
	at java.util.ArrayList.get(ArrayList.java:429)
	at core.Testcase1_02_1.TestCase1_02_1(Testcase1_02_1.java:55)
	at core.TubiTVTest.TestCase01_02_1(TubiTVTest.java:41)
... Removed 29 stack frames]]>
    </failure>
  </testcase> <!-- TestCase01_02_1 -->
  <testcase name="TestCase01_03" time="11.958" classname="core.TubiTVTest"/>
  <testcase name="TestCase01_04" time="10.682" classname="core.TubiTVTest"/>
  <testcase name="TestCase01_05" time="19.118" classname="core.TubiTVTest"/>
  <testcase name="TestCase01_06" time="19.487" classname="core.TubiTVTest"/>
  <testcase name="TestCase01_07" time="14.935" classname="core.TubiTVTest"/>
  <testcase name="TestCase01_08" time="14.163" classname="core.TubiTVTest"/>
  <testcase name="TestCase01_09" time="14.871" classname="core.TubiTVTest"/>
  <testcase name="TestCase01_10" time="15.346" classname="core.TubiTVTest"/>
  <testcase name="TestCase01_11" time="14.367" classname="core.TubiTVTest"/>
  <testcase name="TestCase01_12" time="16.989" classname="core.TubiTVTest"/>
  <testcase name="TestCase01_13" time="14.906" classname="core.TubiTVTest"/>
  <testcase name="TestCase01_14" time="14.69" classname="core.TubiTVTest"/>
  <testcase name="TestCase01_15" time="14.765" classname="core.TubiTVTest"/>
  <testcase name="TestCase01_16" time="14.21" classname="core.TubiTVTest"/>
  <testcase name="TestCase01_17" time="26.58" classname="core.TubiTVTest"/>
  <testcase name="TestCase01_18" time="14.728" classname="core.TubiTVTest"/>
  <testcase name="TestCase01_19" time="14.505" classname="core.TubiTVTest"/>
  <testcase name="TestCase01_20" time="13.611" classname="core.TubiTVTest">
    <failure type="java.lang.AssertionError" message="
Expected: &amp;quot;You must be 13 years or older&amp;quot;
     but: was &amp;quot;Email has already been used. Please Login or Reset your password&amp;quot;">
      <![CDATA[java.lang.AssertionError: 
Expected: "You must be 13 years or older"
     but: was "Email has already been used. Please Login or Reset your password"
	at org.hamcrest.MatcherAssert.assertThat(MatcherAssert.java:18)
	at org.hamcrest.MatcherAssert.assertThat(MatcherAssert.java:6)
	at core.TubiTVTest.TestCase01_20(TubiTVTest.java:108)
... Removed 29 stack frames]]>
    </failure>
  </testcase> <!-- TestCase01_20 -->
  <testcase name="TestCase01_21" time="22.078" classname="core.TubiTVTest"/>
  <testcase name="TestCase01_22" time="24.349" classname="core.TubiTVTest"/>
  <testcase name="TestCase02_01" time="13.408" classname="core.TubiTVTest"/>
  <testcase name="TestCase02_02" time="9.527" classname="core.TubiTVTest"/>
  <testcase name="TestCase02_03" time="9.401" classname="core.TubiTVTest"/>
  <testcase name="TestCase02_04" time="9.44" classname="core.TubiTVTest"/>
  <testcase name="TestCase02_05" time="13.957" classname="core.TubiTVTest">
    <failure type="java.lang.AssertionError" message="
Expected: &amp;quot;https://tubitv.com/home&amp;quot;
     but: was &amp;quot;https://tubitv.com/login?redirect=/signup&amp;quot;">
      <![CDATA[java.lang.AssertionError: 
Expected: "https://tubitv.com/home"
     but: was "https://tubitv.com/login?redirect=/signup"
	at org.hamcrest.MatcherAssert.assertThat(MatcherAssert.java:18)
	at org.hamcrest.MatcherAssert.assertThat(MatcherAssert.java:6)
	at core.TubiTVTest.TestCase02_05(TubiTVTest.java:151)
... Removed 29 stack frames]]>
    </failure>
  </testcase> <!-- TestCase02_05 -->
  <testcase name="TestCase02_06" time="15.2" classname="core.TubiTVTest"/>
  <testcase name="TestCase02_07" time="24.293" classname="core.TubiTVTest"/>
  <testcase name="TestCase02_08" time="24.194" classname="core.TubiTVTest"/>
  <testcase name="TestCase03_01" time="12.644" classname="core.TubiTVTest"/>
  <testcase name="TestCase03_02" time="20.167" classname="core.TubiTVTest"/>
  <testcase name="TestCase03_03" time="14.053" classname="core.TubiTVTest">
    <failure type="java.lang.AssertionError" message="
Expected: &amp;quot;https://tubitv.com/activate&amp;quot;
     but: was &amp;quot;https://tubitv.com/signup?redirect=/activate&amp;quot;">
      <![CDATA[java.lang.AssertionError: 
Expected: "https://tubitv.com/activate"
     but: was "https://tubitv.com/signup?redirect=/activate"
	at org.hamcrest.MatcherAssert.assertThat(MatcherAssert.java:18)
	at org.hamcrest.MatcherAssert.assertThat(MatcherAssert.java:6)
	at core.TubiTVTest.TestCase03_03(TubiTVTest.java:191)
... Removed 29 stack frames]]>
    </failure>
  </testcase> <!-- TestCase03_03 -->
  <testcase name="TestCase03_04" time="13.445" classname="core.TubiTVTest"/>
  <testcase name="TestCase03_05" time="16.168" classname="core.TubiTVTest"/>
  <testcase name="TestCase03_05_1" time="15.659" classname="core.TubiTVTest"/>
  <testcase name="TestCase03_06" time="13.341" classname="core.TubiTVTest"/>
  <testcase name="TestCase03_07" time="13.137" classname="core.TubiTVTest"/>
  <testcase name="TestCase05_01" time="11.822" classname="core.TubiTVTest"/>
  <testcase name="TestCase05_02" time="12.754" classname="core.TubiTVTest"/>
  <testcase name="TestCase05_02_1" time="12.86" classname="core.TubiTVTest"/>
  <testcase name="TestCase05_02_2" time="27.345" classname="core.TubiTVTest">
    <failure type="org.openqa.selenium.TimeoutException" message="Expected condition failed: waiting for presence of element located by: By.xpath: //h1[@class=&amp;apos;_2I1Kknp0lk&amp;apos;] (tried for 15 second(s) with 500 MILLISECONDS interval)">
      <![CDATA[org.openqa.selenium.TimeoutException: Expected condition failed: waiting for presence of element located by: By.xpath: //h1[@class='_2I1Kknp0lk'] (tried for 15 second(s) with 500 MILLISECONDS interval)
	at org.openqa.selenium.support.ui.WebDriverWait.timeoutException(WebDriverWait.java:82)
	at org.openqa.selenium.support.ui.FluentWait.until(FluentWait.java:231)
	at core.Main.testg(Main.java:63)
	at core.Testcase05_02_2.TestCase05_02_2(Testcase05_02_2.java:25)
	at core.TubiTVTest.TestCase05_02_2(TubiTVTest.java:242)
Caused by: org.openqa.selenium.NoSuchElementException: Cannot locate an element using By.xpath: //h1[@class='_2I1Kknp0lk']
For documentation on this error, please visit: http://seleniumhq.org/exceptions/no_such_element.html
Build info: version: '3.6.0', revision: '6fbf3ec767', time: '2017-09-27T15:28:36.4Z'
System info: host: 'MacBook-Pro-3.local', ip: 'fe80:0:0:0:401:608a:2476:a1d6%en0', os.name: 'Mac OS X', os.arch: 'x86_64', os.version: '10.13.1', java.version: '1.8.0_121'
Driver info: driver.version: unknown
	at org.openqa.selenium.support.ui.ExpectedConditions.lambda$findElement$0(ExpectedConditions.java:882)
	at java.util.Optional.orElseThrow(Optional.java:290)
	at org.openqa.selenium.support.ui.ExpectedConditions.findElement(ExpectedConditions.java:881)
	at org.openqa.selenium.support.ui.ExpectedConditions.access$000(ExpectedConditions.java:43)
	at org.openqa.selenium.support.ui.ExpectedConditions$6.apply(ExpectedConditions.java:182)
	at org.openqa.selenium.support.ui.ExpectedConditions$6.apply(ExpectedConditions.java:179)
	at org.openqa.selenium.support.ui.FluentWait.until(FluentWait.java:208)
	... 32 more
... Removed 29 stack frames]]>
    </failure>
  </testcase> <!-- TestCase05_02_2 -->
  <testcase name="TestCase05_03" time="12.445" classname="core.TubiTVTest">
    <failure type="java.lang.AssertionError" message="
Expected: &amp;quot;Test 7&amp;quot;
     but: was &amp;quot;Born to Fly&amp;quot;">
      <![CDATA[java.lang.AssertionError: 
Expected: "Test 7"
     but: was "Born to Fly"
	at org.hamcrest.MatcherAssert.assertThat(MatcherAssert.java:18)
	at org.hamcrest.MatcherAssert.assertThat(MatcherAssert.java:6)
	at core.TubiTVTest.TestCase05_03(TubiTVTest.java:247)
... Removed 29 stack frames]]>
    </failure>
  </testcase> <!-- TestCase05_03 -->
  <testcase name="TestCase05_04" time="11.732" classname="core.TubiTVTest"/>
  <testcase name="TestCase05_05" time="11.154" classname="core.TubiTVTest"/>
  <testcase name="TestCase05_06" time="16.348" classname="core.TubiTVTest"/>
  <testcase name="TestCase05_07" time="14.981" classname="core.TubiTVTest"/>
  <testcase name="TestCase05_08" time="14.278" classname="core.TubiTVTest">
    <failure type="org.openqa.selenium.ElementNotInteractableException" message="
Build info: version: &amp;apos;3.6.0&amp;apos;, revision: &amp;apos;6fbf3ec767&amp;apos;, time: &amp;apos;2017-09-27T15:28:36.4Z&amp;apos;
System info: host: &amp;apos;MacBook-Pro-3.local&amp;apos;, ip: &amp;apos;fe80:0:0:0:401:608a:2476:a1d6%en0&amp;apos;, os.name: &amp;apos;Mac OS X&amp;apos;, os.arch: &amp;apos;x86_64&amp;apos;, os.version: &amp;apos;10.13.1&amp;apos;, java.version: &amp;apos;1.8.0_121&amp;apos;
Driver info: org.openqa.selenium.firefox.FirefoxDriver
Capabilities [{moz:profile=/var/folders/59/rv1j4l2s6lxfp0vlypzcr5c80000gp/T/rust_mozprofile.sTeCvj7SkLaR, rotatable=false, timeouts={implicit=0, pageLoad=300000, script=30000}, pageLoadStrategy=normal, moz:headless=false, platform=MAC, moz:accessibilityChecks=false, acceptInsecureCerts=true, browserVersion=57.0.4, platformVersion=17.2.0, moz:processID=36239, browserName=firefox, javascriptEnabled=true, platformName=MAC, moz:webdriverClick=false}]
Session ID: 5e3f4c3e-8710-e047-88b3-05a16778fce9">
      <![CDATA[org.openqa.selenium.ElementNotInteractableException: 
Build info: version: '3.6.0', revision: '6fbf3ec767', time: '2017-09-27T15:28:36.4Z'
System info: host: 'MacBook-Pro-3.local', ip: 'fe80:0:0:0:401:608a:2476:a1d6%en0', os.name: 'Mac OS X', os.arch: 'x86_64', os.version: '10.13.1', java.version: '1.8.0_121'
Driver info: org.openqa.selenium.firefox.FirefoxDriver
Capabilities [{moz:profile=/var/folders/59/rv1j4l2s6lxfp0vlypzcr5c80000gp/T/rust_mozprofile.sTeCvj7SkLaR, rotatable=false, timeouts={implicit=0, pageLoad=300000, script=30000}, pageLoadStrategy=normal, moz:headless=false, platform=MAC, moz:accessibilityChecks=false, acceptInsecureCerts=true, browserVersion=57.0.4, platformVersion=17.2.0, moz:processID=36239, browserName=firefox, javascriptEnabled=true, platformName=MAC, moz:webdriverClick=false}]
Session ID: 5e3f4c3e-8710-e047-88b3-05a16778fce9
	at org.openqa.selenium.remote.http.W3CHttpResponseCodec.createException(W3CHttpResponseCodec.java:185)
	at org.openqa.selenium.remote.http.W3CHttpResponseCodec.decode(W3CHttpResponseCodec.java:120)
	at org.openqa.selenium.remote.http.W3CHttpResponseCodec.decode(W3CHttpResponseCodec.java:49)
	at org.openqa.selenium.remote.HttpCommandExecutor.execute(HttpCommandExecutor.java:164)
	at org.openqa.selenium.remote.service.DriverCommandExecutor.execute(DriverCommandExecutor.java:83)
	at org.openqa.selenium.remote.RemoteWebDriver.execute(RemoteWebDriver.java:586)
	at org.openqa.selenium.remote.RemoteWebElement.execute(RemoteWebElement.java:279)
	at org.openqa.selenium.remote.RemoteWebElement.click(RemoteWebElement.java:83)
	at core.Main.testc(Main.java:49)
	at core.Testcase05_08.TestCase05_08(Testcase05_08.java:23)
	at core.TubiTVTest.TestCase05_08(TubiTVTest.java:274)
... Removed 33 stack frames]]>
    </failure>
  </testcase> <!-- TestCase05_08 -->
  <testcase name="TestCase05_09" time="23.647" classname="core.TubiTVTest"/>
  <testcase name="TestCase05_10" time="23.368" classname="core.TubiTVTest"/>
  <testcase name="TestCase06_0" time="25.407" classname="core.TubiTVTest"/>
  <testcase name="TestCase06_01" time="22.876" classname="core.TubiTVTest"/>
  <testcase name="TestCase06_02" time="36.138" classname="core.TubiTVTest"/>
  <testcase name="TestCase06_03" time="23.891" classname="core.TubiTVTest"/>
  <testcase name="TestCase06_04" time="19.583" classname="core.TubiTVTest"/>
  <testcase name="TestCase06_05" time="30.081" classname="core.TubiTVTest"/>
  <testcase name="TestCase06_06" time="32.354" classname="core.TubiTVTest"/>
  <testcase name="TestCase06_07" time="29.512" classname="core.TubiTVTest"/>
  <testcase name="TestCase06_10" time="30.065" classname="core.TubiTVTest"/>
  <testcase name="TestCase06_11" time="30.688" classname="core.TubiTVTest"/>
</testsuite> <!-- Surefire test -->
