<?xml version="1.0" encoding="UTF-8"?>
<testng-results skipped="0" failed="7" ignored="0" total="60" passed="53">
  <reporter-output>
  </reporter-output>
  <suite name="Surefire suite" duration-ms="1082736" started-at="2018-01-18T04:22:37Z" finished-at="2018-01-18T04:40:40Z">
    <groups>
    </groups>
    <test name="Surefire test" duration-ms="1082736" started-at="2018-01-18T04:22:37Z" finished-at="2018-01-18T04:40:40Z">
      <class name="core.TubiTVTest">
        <test-method status="PASS" signature="TestCase01_02()[pri:0, instance:core.TubiTVTest@4c9e38]" name="TestCase01_02" duration-ms="19703" started-at="2018-01-17T20:22:37Z" finished-at="2018-01-17T20:22:57Z">
          <reporter-output>
          </reporter-output>
        </test-method> <!-- TestCase01_02 -->
        <test-method status="FAIL" signature="TestCase01_02_1()[pri:0, instance:core.TubiTVTest@4c9e38]" name="TestCase01_02_1" duration-ms="25007" started-at="2018-01-17T20:22:57Z" finished-at="2018-01-17T20:23:22Z">
          <exception class="java.lang.IndexOutOfBoundsException">
            <message>
              <![CDATA[Index: 1, Size: 1]]>
            </message>
            <full-stacktrace>
              <![CDATA[java.lang.IndexOutOfBoundsException: Index: 1, Size: 1
	at java.util.ArrayList.rangeCheck(ArrayList.java:653)
	at java.util.ArrayList.get(ArrayList.java:429)
	at core.Testcase1_02_1.TestCase1_02_1(Testcase1_02_1.java:55)
	at core.TubiTVTest.TestCase01_02_1(TubiTVTest.java:41)
	at sun.reflect.NativeMethodAccessorImpl.invoke0(Native Method)
	at sun.reflect.NativeMethodAccessorImpl.invoke(NativeMethodAccessorImpl.java:62)
	at sun.reflect.DelegatingMethodAccessorImpl.invoke(DelegatingMethodAccessorImpl.java:43)
	at java.lang.reflect.Method.invoke(Method.java:498)
	at org.testng.internal.MethodInvocationHelper.invokeMethod(MethodInvocationHelper.java:108)
	at org.testng.internal.Invoker.invokeMethod(Invoker.java:661)
	at org.testng.internal.Invoker.invokeTestMethod(Invoker.java:869)
	at org.testng.internal.Invoker.invokeTestMethods(Invoker.java:1193)
	at org.testng.internal.TestMethodWorker.invokeTestMethods(TestMethodWorker.java:126)
	at org.testng.internal.TestMethodWorker.run(TestMethodWorker.java:109)
	at org.testng.TestRunner.privateRun(TestRunner.java:744)
	at org.testng.TestRunner.run(TestRunner.java:602)
	at org.testng.SuiteRunner.runTest(SuiteRunner.java:380)
	at org.testng.SuiteRunner.runSequentially(SuiteRunner.java:375)
	at org.testng.SuiteRunner.privateRun(SuiteRunner.java:340)
	at org.testng.SuiteRunner.run(SuiteRunner.java:289)
	at org.testng.SuiteRunnerWorker.runSuite(SuiteRunnerWorker.java:52)
	at org.testng.SuiteRunnerWorker.run(SuiteRunnerWorker.java:86)
	at org.testng.TestNG.runSuitesSequentially(TestNG.java:1301)
	at org.testng.TestNG.runSuitesLocally(TestNG.java:1226)
	at org.testng.TestNG.runSuites(TestNG.java:1144)
	at org.testng.TestNG.run(TestNG.java:1115)
	at org.apache.maven.surefire.testng.TestNGExecutor.run(TestNGExecutor.java:135)
	at org.apache.maven.surefire.testng.TestNGDirectoryTestSuite.executeSingleClass(TestNGDirectoryTestSuite.java:112)
	at org.apache.maven.surefire.testng.TestNGDirectoryTestSuite.execute(TestNGDirectoryTestSuite.java:99)
	at org.apache.maven.surefire.testng.TestNGProvider.invoke(TestNGProvider.java:146)
	at org.apache.maven.surefire.booter.ForkedBooter.invokeProviderInSameClassLoader(ForkedBooter.java:386)
	at org.apache.maven.surefire.booter.ForkedBooter.runSuitesInProcess(ForkedBooter.java:323)
	at org.apache.maven.surefire.booter.ForkedBooter.main(ForkedBooter.java:143)
]]>
            </full-stacktrace>
          </exception> <!-- java.lang.IndexOutOfBoundsException -->
          <reporter-output>
          </reporter-output>
        </test-method> <!-- TestCase01_02_1 -->
        <test-method status="PASS" signature="TestCase01_03()[pri:0, instance:core.TubiTVTest@4c9e38]" name="TestCase01_03" duration-ms="11958" started-at="2018-01-17T20:23:22Z" finished-at="2018-01-17T20:23:34Z">
          <reporter-output>
          </reporter-output>
        </test-method> <!-- TestCase01_03 -->
        <test-method status="PASS" signature="TestCase01_04()[pri:0, instance:core.TubiTVTest@4c9e38]" name="TestCase01_04" duration-ms="10682" started-at="2018-01-17T20:23:34Z" finished-at="2018-01-17T20:23:45Z">
          <reporter-output>
          </reporter-output>
        </test-method> <!-- TestCase01_04 -->
        <test-method status="PASS" signature="TestCase01_05()[pri:0, instance:core.TubiTVTest@4c9e38]" name="TestCase01_05" duration-ms="19118" started-at="2018-01-17T20:23:45Z" finished-at="2018-01-17T20:24:04Z">
          <reporter-output>
          </reporter-output>
        </test-method> <!-- TestCase01_05 -->
        <test-method status="PASS" signature="TestCase01_06()[pri:0, instance:core.TubiTVTest@4c9e38]" name="TestCase01_06" duration-ms="19487" started-at="2018-01-17T20:24:04Z" finished-at="2018-01-17T20:24:23Z">
          <reporter-output>
          </reporter-output>
        </test-method> <!-- TestCase01_06 -->
        <test-method status="PASS" signature="TestCase01_07()[pri:0, instance:core.TubiTVTest@4c9e38]" name="TestCase01_07" duration-ms="14935" started-at="2018-01-17T20:24:23Z" finished-at="2018-01-17T20:24:38Z">
          <reporter-output>
          </reporter-output>
        </test-method> <!-- TestCase01_07 -->
        <test-method status="PASS" signature="TestCase01_08()[pri:0, instance:core.TubiTVTest@4c9e38]" name="TestCase01_08" duration-ms="14163" started-at="2018-01-17T20:24:38Z" finished-at="2018-01-17T20:24:52Z">
          <reporter-output>
          </reporter-output>
        </test-method> <!-- TestCase01_08 -->
        <test-method status="PASS" signature="TestCase01_09()[pri:0, instance:core.TubiTVTest@4c9e38]" name="TestCase01_09" duration-ms="14871" started-at="2018-01-17T20:24:52Z" finished-at="2018-01-17T20:25:07Z">
          <reporter-output>
          </reporter-output>
        </test-method> <!-- TestCase01_09 -->
        <test-method status="PASS" signature="TestCase01_10()[pri:0, instance:core.TubiTVTest@4c9e38]" name="TestCase01_10" duration-ms="15346" started-at="2018-01-17T20:25:07Z" finished-at="2018-01-17T20:25:23Z">
          <reporter-output>
          </reporter-output>
        </test-method> <!-- TestCase01_10 -->
        <test-method status="PASS" signature="TestCase01_11()[pri:0, instance:core.TubiTVTest@4c9e38]" name="TestCase01_11" duration-ms="14367" started-at="2018-01-17T20:25:23Z" finished-at="2018-01-17T20:25:37Z">
          <reporter-output>
          </reporter-output>
        </test-method> <!-- TestCase01_11 -->
        <test-method status="PASS" signature="TestCase01_12()[pri:0, instance:core.TubiTVTest@4c9e38]" name="TestCase01_12" duration-ms="16989" started-at="2018-01-17T20:25:37Z" finished-at="2018-01-17T20:25:54Z">
          <reporter-output>
          </reporter-output>
        </test-method> <!-- TestCase01_12 -->
        <test-method status="PASS" signature="TestCase01_13()[pri:0, instance:core.TubiTVTest@4c9e38]" name="TestCase01_13" duration-ms="14906" started-at="2018-01-17T20:25:54Z" finished-at="2018-01-17T20:26:09Z">
          <reporter-output>
          </reporter-output>
        </test-method> <!-- TestCase01_13 -->
        <test-method status="PASS" signature="TestCase01_14()[pri:0, instance:core.TubiTVTest@4c9e38]" name="TestCase01_14" duration-ms="14690" started-at="2018-01-17T20:26:09Z" finished-at="2018-01-17T20:26:24Z">
          <reporter-output>
          </reporter-output>
        </test-method> <!-- TestCase01_14 -->
        <test-method status="PASS" signature="TestCase01_15()[pri:0, instance:core.TubiTVTest@4c9e38]" name="TestCase01_15" duration-ms="14765" started-at="2018-01-17T20:26:24Z" finished-at="2018-01-17T20:26:38Z">
          <reporter-output>
          </reporter-output>
        </test-method> <!-- TestCase01_15 -->
        <test-method status="PASS" signature="TestCase01_16()[pri:0, instance:core.TubiTVTest@4c9e38]" name="TestCase01_16" duration-ms="14210" started-at="2018-01-17T20:26:38Z" finished-at="2018-01-17T20:26:53Z">
          <reporter-output>
          </reporter-output>
        </test-method> <!-- TestCase01_16 -->
        <test-method status="PASS" signature="TestCase01_17()[pri:0, instance:core.TubiTVTest@4c9e38]" name="TestCase01_17" duration-ms="26580" started-at="2018-01-17T20:26:53Z" finished-at="2018-01-17T20:27:19Z">
          <reporter-output>
          </reporter-output>
        </test-method> <!-- TestCase01_17 -->
        <test-method status="PASS" signature="TestCase01_18()[pri:0, instance:core.TubiTVTest@4c9e38]" name="TestCase01_18" duration-ms="14728" started-at="2018-01-17T20:27:19Z" finished-at="2018-01-17T20:27:34Z">
          <reporter-output>
          </reporter-output>
        </test-method> <!-- TestCase01_18 -->
        <test-method status="PASS" signature="TestCase01_19()[pri:0, instance:core.TubiTVTest@4c9e38]" name="TestCase01_19" duration-ms="14505" started-at="2018-01-17T20:27:34Z" finished-at="2018-01-17T20:27:48Z">
          <reporter-output>
          </reporter-output>
        </test-method> <!-- TestCase01_19 -->
        <test-method status="FAIL" signature="TestCase01_20()[pri:0, instance:core.TubiTVTest@4c9e38]" name="TestCase01_20" duration-ms="13611" started-at="2018-01-17T20:27:48Z" finished-at="2018-01-17T20:28:02Z">
          <exception class="java.lang.AssertionError">
            <message>
              <![CDATA[
Expected: "You must be 13 years or older"
     but: was "Email has already been used. Please Login or Reset your password"]]>
            </message>
            <full-stacktrace>
              <![CDATA[java.lang.AssertionError: 
Expected: "You must be 13 years or older"
     but: was "Email has already been used. Please Login or Reset your password"
	at org.hamcrest.MatcherAssert.assertThat(MatcherAssert.java:18)
	at org.hamcrest.MatcherAssert.assertThat(MatcherAssert.java:6)
	at core.TubiTVTest.TestCase01_20(TubiTVTest.java:108)
	at sun.reflect.NativeMethodAccessorImpl.invoke0(Native Method)
	at sun.reflect.NativeMethodAccessorImpl.invoke(NativeMethodAccessorImpl.java:62)
	at sun.reflect.DelegatingMethodAccessorImpl.invoke(DelegatingMethodAccessorImpl.java:43)
	at java.lang.reflect.Method.invoke(Method.java:498)
	at org.testng.internal.MethodInvocationHelper.invokeMethod(MethodInvocationHelper.java:108)
	at org.testng.internal.Invoker.invokeMethod(Invoker.java:661)
	at org.testng.internal.Invoker.invokeTestMethod(Invoker.java:869)
	at org.testng.internal.Invoker.invokeTestMethods(Invoker.java:1193)
	at org.testng.internal.TestMethodWorker.invokeTestMethods(TestMethodWorker.java:126)
	at org.testng.internal.TestMethodWorker.run(TestMethodWorker.java:109)
	at org.testng.TestRunner.privateRun(TestRunner.java:744)
	at org.testng.TestRunner.run(TestRunner.java:602)
	at org.testng.SuiteRunner.runTest(SuiteRunner.java:380)
	at org.testng.SuiteRunner.runSequentially(SuiteRunner.java:375)
	at org.testng.SuiteRunner.privateRun(SuiteRunner.java:340)
	at org.testng.SuiteRunner.run(SuiteRunner.java:289)
	at org.testng.SuiteRunnerWorker.runSuite(SuiteRunnerWorker.java:52)
	at org.testng.SuiteRunnerWorker.run(SuiteRunnerWorker.java:86)
	at org.testng.TestNG.runSuitesSequentially(TestNG.java:1301)
	at org.testng.TestNG.runSuitesLocally(TestNG.java:1226)
	at org.testng.TestNG.runSuites(TestNG.java:1144)
	at org.testng.TestNG.run(TestNG.java:1115)
	at org.apache.maven.surefire.testng.TestNGExecutor.run(TestNGExecutor.java:135)
	at org.apache.maven.surefire.testng.TestNGDirectoryTestSuite.executeSingleClass(TestNGDirectoryTestSuite.java:112)
	at org.apache.maven.surefire.testng.TestNGDirectoryTestSuite.execute(TestNGDirectoryTestSuite.java:99)
	at org.apache.maven.surefire.testng.TestNGProvider.invoke(TestNGProvider.java:146)
	at org.apache.maven.surefire.booter.ForkedBooter.invokeProviderInSameClassLoader(ForkedBooter.java:386)
	at org.apache.maven.surefire.booter.ForkedBooter.runSuitesInProcess(ForkedBooter.java:323)
	at org.apache.maven.surefire.booter.ForkedBooter.main(ForkedBooter.java:143)
]]>
            </full-stacktrace>
          </exception> <!-- java.lang.AssertionError -->
          <reporter-output>
          </reporter-output>
        </test-method> <!-- TestCase01_20 -->
        <test-method status="PASS" signature="TestCase01_21()[pri:0, instance:core.TubiTVTest@4c9e38]" name="TestCase01_21" duration-ms="22078" started-at="2018-01-17T20:28:02Z" finished-at="2018-01-17T20:28:24Z">
          <reporter-output>
          </reporter-output>
        </test-method> <!-- TestCase01_21 -->
        <test-method status="PASS" signature="TestCase01_22()[pri:0, instance:core.TubiTVTest@4c9e38]" name="TestCase01_22" duration-ms="24349" started-at="2018-01-17T20:28:24Z" finished-at="2018-01-17T20:28:48Z">
          <reporter-output>
          </reporter-output>
        </test-method> <!-- TestCase01_22 -->
        <test-method status="PASS" signature="TestCase02_01()[pri:0, instance:core.TubiTVTest@4c9e38]" name="TestCase02_01" duration-ms="13408" started-at="2018-01-17T20:28:48Z" finished-at="2018-01-17T20:29:02Z">
          <reporter-output>
          </reporter-output>
        </test-method> <!-- TestCase02_01 -->
        <test-method status="PASS" signature="TestCase02_02()[pri:0, instance:core.TubiTVTest@4c9e38]" name="TestCase02_02" duration-ms="9527" started-at="2018-01-17T20:29:02Z" finished-at="2018-01-17T20:29:11Z">
          <reporter-output>
          </reporter-output>
        </test-method> <!-- TestCase02_02 -->
        <test-method status="PASS" signature="TestCase02_03()[pri:0, instance:core.TubiTVTest@4c9e38]" name="TestCase02_03" duration-ms="9401" started-at="2018-01-17T20:29:11Z" finished-at="2018-01-17T20:29:21Z">
          <reporter-output>
          </reporter-output>
        </test-method> <!-- TestCase02_03 -->
        <test-method status="PASS" signature="TestCase02_04()[pri:0, instance:core.TubiTVTest@4c9e38]" name="TestCase02_04" duration-ms="9440" started-at="2018-01-17T20:29:21Z" finished-at="2018-01-17T20:29:30Z">
          <reporter-output>
          </reporter-output>
        </test-method> <!-- TestCase02_04 -->
        <test-method status="FAIL" signature="TestCase02_05()[pri:0, instance:core.TubiTVTest@4c9e38]" name="TestCase02_05" duration-ms="13957" started-at="2018-01-17T20:29:30Z" finished-at="2018-01-17T20:29:44Z">
          <exception class="java.lang.AssertionError">
            <message>
              <![CDATA[
Expected: "https://tubitv.com/home"
     but: was "https://tubitv.com/login?redirect=/signup"]]>
            </message>
            <full-stacktrace>
              <![CDATA[java.lang.AssertionError: 
Expected: "https://tubitv.com/home"
     but: was "https://tubitv.com/login?redirect=/signup"
	at org.hamcrest.MatcherAssert.assertThat(MatcherAssert.java:18)
	at org.hamcrest.MatcherAssert.assertThat(MatcherAssert.java:6)
	at core.TubiTVTest.TestCase02_05(TubiTVTest.java:151)
	at sun.reflect.NativeMethodAccessorImpl.invoke0(Native Method)
	at sun.reflect.NativeMethodAccessorImpl.invoke(NativeMethodAccessorImpl.java:62)
	at sun.reflect.DelegatingMethodAccessorImpl.invoke(DelegatingMethodAccessorImpl.java:43)
	at java.lang.reflect.Method.invoke(Method.java:498)
	at org.testng.internal.MethodInvocationHelper.invokeMethod(MethodInvocationHelper.java:108)
	at org.testng.internal.Invoker.invokeMethod(Invoker.java:661)
	at org.testng.internal.Invoker.invokeTestMethod(Invoker.java:869)
	at org.testng.internal.Invoker.invokeTestMethods(Invoker.java:1193)
	at org.testng.internal.TestMethodWorker.invokeTestMethods(TestMethodWorker.java:126)
	at org.testng.internal.TestMethodWorker.run(TestMethodWorker.java:109)
	at org.testng.TestRunner.privateRun(TestRunner.java:744)
	at org.testng.TestRunner.run(TestRunner.java:602)
	at org.testng.SuiteRunner.runTest(SuiteRunner.java:380)
	at org.testng.SuiteRunner.runSequentially(SuiteRunner.java:375)
	at org.testng.SuiteRunner.privateRun(SuiteRunner.java:340)
	at org.testng.SuiteRunner.run(SuiteRunner.java:289)
	at org.testng.SuiteRunnerWorker.runSuite(SuiteRunnerWorker.java:52)
	at org.testng.SuiteRunnerWorker.run(SuiteRunnerWorker.java:86)
	at org.testng.TestNG.runSuitesSequentially(TestNG.java:1301)
	at org.testng.TestNG.runSuitesLocally(TestNG.java:1226)
	at org.testng.TestNG.runSuites(TestNG.java:1144)
	at org.testng.TestNG.run(TestNG.java:1115)
	at org.apache.maven.surefire.testng.TestNGExecutor.run(TestNGExecutor.java:135)
	at org.apache.maven.surefire.testng.TestNGDirectoryTestSuite.executeSingleClass(TestNGDirectoryTestSuite.java:112)
	at org.apache.maven.surefire.testng.TestNGDirectoryTestSuite.execute(TestNGDirectoryTestSuite.java:99)
	at org.apache.maven.surefire.testng.TestNGProvider.invoke(TestNGProvider.java:146)
	at org.apache.maven.surefire.booter.ForkedBooter.invokeProviderInSameClassLoader(ForkedBooter.java:386)
	at org.apache.maven.surefire.booter.ForkedBooter.runSuitesInProcess(ForkedBooter.java:323)
	at org.apache.maven.surefire.booter.ForkedBooter.main(ForkedBooter.java:143)
]]>
            </full-stacktrace>
          </exception> <!-- java.lang.AssertionError -->
          <reporter-output>
          </reporter-output>
        </test-method> <!-- TestCase02_05 -->
        <test-method status="PASS" signature="TestCase02_06()[pri:0, instance:core.TubiTVTest@4c9e38]" name="TestCase02_06" duration-ms="15200" started-at="2018-01-17T20:29:44Z" finished-at="2018-01-17T20:29:59Z">
          <reporter-output>
          </reporter-output>
        </test-method> <!-- TestCase02_06 -->
        <test-method status="PASS" signature="TestCase02_07()[pri:0, instance:core.TubiTVTest@4c9e38]" name="TestCase02_07" duration-ms="24293" started-at="2018-01-17T20:29:59Z" finished-at="2018-01-17T20:30:24Z">
          <reporter-output>
          </reporter-output>
        </test-method> <!-- TestCase02_07 -->
        <test-method status="PASS" signature="TestCase02_08()[pri:0, instance:core.TubiTVTest@4c9e38]" name="TestCase02_08" duration-ms="24194" started-at="2018-01-17T20:30:24Z" finished-at="2018-01-17T20:30:48Z">
          <reporter-output>
          </reporter-output>
        </test-method> <!-- TestCase02_08 -->
        <test-method status="PASS" signature="TestCase03_01()[pri:0, instance:core.TubiTVTest@4c9e38]" name="TestCase03_01" duration-ms="12644" started-at="2018-01-17T20:30:48Z" finished-at="2018-01-17T20:31:01Z">
          <reporter-output>
          </reporter-output>
        </test-method> <!-- TestCase03_01 -->
        <test-method status="PASS" signature="TestCase03_02()[pri:0, instance:core.TubiTVTest@4c9e38]" name="TestCase03_02" duration-ms="20167" started-at="2018-01-17T20:31:01Z" finished-at="2018-01-17T20:31:21Z">
          <reporter-output>
          </reporter-output>
        </test-method> <!-- TestCase03_02 -->
        <test-method status="FAIL" signature="TestCase03_03()[pri:0, instance:core.TubiTVTest@4c9e38]" name="TestCase03_03" duration-ms="14053" started-at="2018-01-17T20:31:21Z" finished-at="2018-01-17T20:31:35Z">
          <exception class="java.lang.AssertionError">
            <message>
              <![CDATA[
Expected: "https://tubitv.com/activate"
     but: was "https://tubitv.com/signup?redirect=/activate"]]>
            </message>
            <full-stacktrace>
              <![CDATA[java.lang.AssertionError: 
Expected: "https://tubitv.com/activate"
     but: was "https://tubitv.com/signup?redirect=/activate"
	at org.hamcrest.MatcherAssert.assertThat(MatcherAssert.java:18)
	at org.hamcrest.MatcherAssert.assertThat(MatcherAssert.java:6)
	at core.TubiTVTest.TestCase03_03(TubiTVTest.java:191)
	at sun.reflect.NativeMethodAccessorImpl.invoke0(Native Method)
	at sun.reflect.NativeMethodAccessorImpl.invoke(NativeMethodAccessorImpl.java:62)
	at sun.reflect.DelegatingMethodAccessorImpl.invoke(DelegatingMethodAccessorImpl.java:43)
	at java.lang.reflect.Method.invoke(Method.java:498)
	at org.testng.internal.MethodInvocationHelper.invokeMethod(MethodInvocationHelper.java:108)
	at org.testng.internal.Invoker.invokeMethod(Invoker.java:661)
	at org.testng.internal.Invoker.invokeTestMethod(Invoker.java:869)
	at org.testng.internal.Invoker.invokeTestMethods(Invoker.java:1193)
	at org.testng.internal.TestMethodWorker.invokeTestMethods(TestMethodWorker.java:126)
	at org.testng.internal.TestMethodWorker.run(TestMethodWorker.java:109)
	at org.testng.TestRunner.privateRun(TestRunner.java:744)
	at org.testng.TestRunner.run(TestRunner.java:602)
	at org.testng.SuiteRunner.runTest(SuiteRunner.java:380)
	at org.testng.SuiteRunner.runSequentially(SuiteRunner.java:375)
	at org.testng.SuiteRunner.privateRun(SuiteRunner.java:340)
	at org.testng.SuiteRunner.run(SuiteRunner.java:289)
	at org.testng.SuiteRunnerWorker.runSuite(SuiteRunnerWorker.java:52)
	at org.testng.SuiteRunnerWorker.run(SuiteRunnerWorker.java:86)
	at org.testng.TestNG.runSuitesSequentially(TestNG.java:1301)
	at org.testng.TestNG.runSuitesLocally(TestNG.java:1226)
	at org.testng.TestNG.runSuites(TestNG.java:1144)
	at org.testng.TestNG.run(TestNG.java:1115)
	at org.apache.maven.surefire.testng.TestNGExecutor.run(TestNGExecutor.java:135)
	at org.apache.maven.surefire.testng.TestNGDirectoryTestSuite.executeSingleClass(TestNGDirectoryTestSuite.java:112)
	at org.apache.maven.surefire.testng.TestNGDirectoryTestSuite.execute(TestNGDirectoryTestSuite.java:99)
	at org.apache.maven.surefire.testng.TestNGProvider.invoke(TestNGProvider.java:146)
	at org.apache.maven.surefire.booter.ForkedBooter.invokeProviderInSameClassLoader(ForkedBooter.java:386)
	at org.apache.maven.surefire.booter.ForkedBooter.runSuitesInProcess(ForkedBooter.java:323)
	at org.apache.maven.surefire.booter.ForkedBooter.main(ForkedBooter.java:143)
]]>
            </full-stacktrace>
          </exception> <!-- java.lang.AssertionError -->
          <reporter-output>
          </reporter-output>
        </test-method> <!-- TestCase03_03 -->
        <test-method status="PASS" signature="TestCase03_04()[pri:0, instance:core.TubiTVTest@4c9e38]" name="TestCase03_04" duration-ms="13445" started-at="2018-01-17T20:31:35Z" finished-at="2018-01-17T20:31:48Z">
          <reporter-output>
          </reporter-output>
        </test-method> <!-- TestCase03_04 -->
        <test-method status="PASS" signature="TestCase03_05()[pri:0, instance:core.TubiTVTest@4c9e38]" name="TestCase03_05" duration-ms="16168" started-at="2018-01-17T20:31:48Z" finished-at="2018-01-17T20:32:04Z">
          <reporter-output>
          </reporter-output>
        </test-method> <!-- TestCase03_05 -->
        <test-method status="PASS" signature="TestCase03_05_1()[pri:0, instance:core.TubiTVTest@4c9e38]" name="TestCase03_05_1" duration-ms="15659" started-at="2018-01-17T20:32:04Z" finished-at="2018-01-17T20:32:20Z">
          <reporter-output>
          </reporter-output>
        </test-method> <!-- TestCase03_05_1 -->
        <test-method status="PASS" signature="TestCase03_06()[pri:0, instance:core.TubiTVTest@4c9e38]" name="TestCase03_06" duration-ms="13341" started-at="2018-01-17T20:32:20Z" finished-at="2018-01-17T20:32:33Z">
          <reporter-output>
          </reporter-output>
        </test-method> <!-- TestCase03_06 -->
        <test-method status="PASS" signature="TestCase03_07()[pri:0, instance:core.TubiTVTest@4c9e38]" name="TestCase03_07" duration-ms="13137" started-at="2018-01-17T20:32:33Z" finished-at="2018-01-17T20:32:46Z">
          <reporter-output>
          </reporter-output>
        </test-method> <!-- TestCase03_07 -->
        <test-method status="PASS" signature="TestCase05_01()[pri:0, instance:core.TubiTVTest@4c9e38]" name="TestCase05_01" duration-ms="11822" started-at="2018-01-17T20:32:46Z" finished-at="2018-01-17T20:32:58Z">
          <reporter-output>
          </reporter-output>
        </test-method> <!-- TestCase05_01 -->
        <test-method status="PASS" signature="TestCase05_02()[pri:0, instance:core.TubiTVTest@4c9e38]" name="TestCase05_02" duration-ms="12754" started-at="2018-01-17T20:32:58Z" finished-at="2018-01-17T20:33:11Z">
          <reporter-output>
          </reporter-output>
        </test-method> <!-- TestCase05_02 -->
        <test-method status="PASS" signature="TestCase05_02_1()[pri:0, instance:core.TubiTVTest@4c9e38]" name="TestCase05_02_1" duration-ms="12860" started-at="2018-01-17T20:33:11Z" finished-at="2018-01-17T20:33:24Z">
          <reporter-output>
          </reporter-output>
        </test-method> <!-- TestCase05_02_1 -->
        <test-method status="FAIL" signature="TestCase05_02_2()[pri:0, instance:core.TubiTVTest@4c9e38]" name="TestCase05_02_2" duration-ms="27345" started-at="2018-01-17T20:33:24Z" finished-at="2018-01-17T20:33:51Z">
          <exception class="org.openqa.selenium.TimeoutException">
            <message>
              <![CDATA[Expected condition failed: waiting for presence of element located by: By.xpath: //h1[@class='_2I1Kknp0lk'] (tried for 15 second(s) with 500 MILLISECONDS interval)]]>
            </message>
            <full-stacktrace>
              <![CDATA[org.openqa.selenium.TimeoutException: Expected condition failed: waiting for presence of element located by: By.xpath: //h1[@class='_2I1Kknp0lk'] (tried for 15 second(s) with 500 MILLISECONDS interval)
	at org.openqa.selenium.support.ui.WebDriverWait.timeoutException(WebDriverWait.java:82)
	at org.openqa.selenium.support.ui.FluentWait.until(FluentWait.java:231)
	at core.Main.testg(Main.java:63)
	at core.Testcase05_02_2.TestCase05_02_2(Testcase05_02_2.java:25)
	at core.TubiTVTest.TestCase05_02_2(TubiTVTest.java:242)
	at sun.reflect.NativeMethodAccessorImpl.invoke0(Native Method)
	at sun.reflect.NativeMethodAccessorImpl.invoke(NativeMethodAccessorImpl.java:62)
	at sun.reflect.DelegatingMethodAccessorImpl.invoke(DelegatingMethodAccessorImpl.java:43)
	at java.lang.reflect.Method.invoke(Method.java:498)
	at org.testng.internal.MethodInvocationHelper.invokeMethod(MethodInvocationHelper.java:108)
	at org.testng.internal.Invoker.invokeMethod(Invoker.java:661)
	at org.testng.internal.Invoker.invokeTestMethod(Invoker.java:869)
	at org.testng.internal.Invoker.invokeTestMethods(Invoker.java:1193)
	at org.testng.internal.TestMethodWorker.invokeTestMethods(TestMethodWorker.java:126)
	at org.testng.internal.TestMethodWorker.run(TestMethodWorker.java:109)
	at org.testng.TestRunner.privateRun(TestRunner.java:744)
	at org.testng.TestRunner.run(TestRunner.java:602)
	at org.testng.SuiteRunner.runTest(SuiteRunner.java:380)
	at org.testng.SuiteRunner.runSequentially(SuiteRunner.java:375)
	at org.testng.SuiteRunner.privateRun(SuiteRunner.java:340)
	at org.testng.SuiteRunner.run(SuiteRunner.java:289)
	at org.testng.SuiteRunnerWorker.runSuite(SuiteRunnerWorker.java:52)
	at org.testng.SuiteRunnerWorker.run(SuiteRunnerWorker.java:86)
	at org.testng.TestNG.runSuitesSequentially(TestNG.java:1301)
	at org.testng.TestNG.runSuitesLocally(TestNG.java:1226)
	at org.testng.TestNG.runSuites(TestNG.java:1144)
	at org.testng.TestNG.run(TestNG.java:1115)
	at org.apache.maven.surefire.testng.TestNGExecutor.run(TestNGExecutor.java:135)
	at org.apache.maven.surefire.testng.TestNGDirectoryTestSuite.executeSingleClass(TestNGDirectoryTestSuite.java:112)
	at org.apache.maven.surefire.testng.TestNGDirectoryTestSuite.execute(TestNGDirectoryTestSuite.java:99)
	at org.apache.maven.surefire.testng.TestNGProvider.invoke(TestNGProvider.java:146)
	at org.apache.maven.surefire.booter.ForkedBooter.invokeProviderInSameClassLoader(ForkedBooter.java:386)
	at org.apache.maven.surefire.booter.ForkedBooter.runSuitesInProcess(ForkedBooter.java:323)
	at org.apache.maven.surefire.booter.ForkedBooter.main(ForkedBooter.java:143)
Caused by: org.openqa.selenium.NoSuchElementException: Cannot locate an element using By.xpath: //h1[@class='_2I1Kknp0lk']
For documentation on this error, please visit: http://seleniumhq.org/exceptions/no_such_element.html
Build info: version: '3.6.0', revision: '6fbf3ec767', time: '2017-09-27T15:28:36.4Z'
System info: host: 'MacBook-Pro-3.local', ip: 'fe80:0:0:0:401:608a:2476:a1d6%en0', os.name: 'Mac OS X', os.arch: 'x86_64', os.version: '10.13.1', java.version: '1.8.0_121'
Driver info: driver.version: unknown
	at org.openqa.selenium.support.ui.ExpectedConditions.lambda$findElement$0(ExpectedConditions.java:882)
	at java.util.Optional.orElseThrow(Optional.java:290)
	at org.openqa.selenium.support.ui.ExpectedConditions.findElement(ExpectedConditions.java:881)
	at org.openqa.selenium.support.ui.ExpectedConditions.access$000(ExpectedConditions.java:43)
	at org.openqa.selenium.support.ui.ExpectedConditions$6.apply(ExpectedConditions.java:182)
	at org.openqa.selenium.support.ui.ExpectedConditions$6.apply(ExpectedConditions.java:179)
	at org.openqa.selenium.support.ui.FluentWait.until(FluentWait.java:208)
	... 32 more
]]>
            </full-stacktrace>
          </exception> <!-- org.openqa.selenium.TimeoutException -->
          <reporter-output>
          </reporter-output>
        </test-method> <!-- TestCase05_02_2 -->
        <test-method status="FAIL" signature="TestCase05_03()[pri:0, instance:core.TubiTVTest@4c9e38]" name="TestCase05_03" duration-ms="12445" started-at="2018-01-17T20:33:51Z" finished-at="2018-01-17T20:34:04Z">
          <exception class="java.lang.AssertionError">
            <message>
              <![CDATA[
Expected: "Test 7"
     but: was "Born to Fly"]]>
            </message>
            <full-stacktrace>
              <![CDATA[java.lang.AssertionError: 
Expected: "Test 7"
     but: was "Born to Fly"
	at org.hamcrest.MatcherAssert.assertThat(MatcherAssert.java:18)
	at org.hamcrest.MatcherAssert.assertThat(MatcherAssert.java:6)
	at core.TubiTVTest.TestCase05_03(TubiTVTest.java:247)
	at sun.reflect.NativeMethodAccessorImpl.invoke0(Native Method)
	at sun.reflect.NativeMethodAccessorImpl.invoke(NativeMethodAccessorImpl.java:62)
	at sun.reflect.DelegatingMethodAccessorImpl.invoke(DelegatingMethodAccessorImpl.java:43)
	at java.lang.reflect.Method.invoke(Method.java:498)
	at org.testng.internal.MethodInvocationHelper.invokeMethod(MethodInvocationHelper.java:108)
	at org.testng.internal.Invoker.invokeMethod(Invoker.java:661)
	at org.testng.internal.Invoker.invokeTestMethod(Invoker.java:869)
	at org.testng.internal.Invoker.invokeTestMethods(Invoker.java:1193)
	at org.testng.internal.TestMethodWorker.invokeTestMethods(TestMethodWorker.java:126)
	at org.testng.internal.TestMethodWorker.run(TestMethodWorker.java:109)
	at org.testng.TestRunner.privateRun(TestRunner.java:744)
	at org.testng.TestRunner.run(TestRunner.java:602)
	at org.testng.SuiteRunner.runTest(SuiteRunner.java:380)
	at org.testng.SuiteRunner.runSequentially(SuiteRunner.java:375)
	at org.testng.SuiteRunner.privateRun(SuiteRunner.java:340)
	at org.testng.SuiteRunner.run(SuiteRunner.java:289)
	at org.testng.SuiteRunnerWorker.runSuite(SuiteRunnerWorker.java:52)
	at org.testng.SuiteRunnerWorker.run(SuiteRunnerWorker.java:86)
	at org.testng.TestNG.runSuitesSequentially(TestNG.java:1301)
	at org.testng.TestNG.runSuitesLocally(TestNG.java:1226)
	at org.testng.TestNG.runSuites(TestNG.java:1144)
	at org.testng.TestNG.run(TestNG.java:1115)
	at org.apache.maven.surefire.testng.TestNGExecutor.run(TestNGExecutor.java:135)
	at org.apache.maven.surefire.testng.TestNGDirectoryTestSuite.executeSingleClass(TestNGDirectoryTestSuite.java:112)
	at org.apache.maven.surefire.testng.TestNGDirectoryTestSuite.execute(TestNGDirectoryTestSuite.java:99)
	at org.apache.maven.surefire.testng.TestNGProvider.invoke(TestNGProvider.java:146)
	at org.apache.maven.surefire.booter.ForkedBooter.invokeProviderInSameClassLoader(ForkedBooter.java:386)
	at org.apache.maven.surefire.booter.ForkedBooter.runSuitesInProcess(ForkedBooter.java:323)
	at org.apache.maven.surefire.booter.ForkedBooter.main(ForkedBooter.java:143)
]]>
            </full-stacktrace>
          </exception> <!-- java.lang.AssertionError -->
          <reporter-output>
          </reporter-output>
        </test-method> <!-- TestCase05_03 -->
        <test-method status="PASS" signature="TestCase05_04()[pri:0, instance:core.TubiTVTest@4c9e38]" name="TestCase05_04" duration-ms="11732" started-at="2018-01-17T20:34:04Z" finished-at="2018-01-17T20:34:15Z">
          <reporter-output>
          </reporter-output>
        </test-method> <!-- TestCase05_04 -->
        <test-method status="PASS" signature="TestCase05_05()[pri:0, instance:core.TubiTVTest@4c9e38]" name="TestCase05_05" duration-ms="11154" started-at="2018-01-17T20:34:15Z" finished-at="2018-01-17T20:34:27Z">
          <reporter-output>
          </reporter-output>
        </test-method> <!-- TestCase05_05 -->
        <test-method status="PASS" signature="TestCase05_06()[pri:0, instance:core.TubiTVTest@4c9e38]" name="TestCase05_06" duration-ms="16348" started-at="2018-01-17T20:34:27Z" finished-at="2018-01-17T20:34:43Z">
          <reporter-output>
          </reporter-output>
        </test-method> <!-- TestCase05_06 -->
        <test-method status="PASS" signature="TestCase05_07()[pri:0, instance:core.TubiTVTest@4c9e38]" name="TestCase05_07" duration-ms="14981" started-at="2018-01-17T20:34:43Z" finished-at="2018-01-17T20:34:58Z">
          <reporter-output>
          </reporter-output>
        </test-method> <!-- TestCase05_07 -->
        <test-method status="FAIL" signature="TestCase05_08()[pri:0, instance:core.TubiTVTest@4c9e38]" name="TestCase05_08" duration-ms="14278" started-at="2018-01-17T20:34:58Z" finished-at="2018-01-17T20:35:12Z">
          <exception class="org.openqa.selenium.ElementNotInteractableException">
            <message>
              <![CDATA[
Build info: version: '3.6.0', revision: '6fbf3ec767', time: '2017-09-27T15:28:36.4Z'
System info: host: 'MacBook-Pro-3.local', ip: 'fe80:0:0:0:401:608a:2476:a1d6%en0', os.name: 'Mac OS X', os.arch: 'x86_64', os.version: '10.13.1', java.version: '1.8.0_121'
Driver info: org.openqa.selenium.firefox.FirefoxDriver
Capabilities [{moz:profile=/var/folders/59/rv1j4l2s6lxfp0vlypzcr5c80000gp/T/rust_mozprofile.sTeCvj7SkLaR, rotatable=false, timeouts={implicit=0, pageLoad=300000, script=30000}, pageLoadStrategy=normal, moz:headless=false, platform=MAC, moz:accessibilityChecks=false, acceptInsecureCerts=true, browserVersion=57.0.4, platformVersion=17.2.0, moz:processID=36239, browserName=firefox, javascriptEnabled=true, platformName=MAC, moz:webdriverClick=false}]
Session ID: 5e3f4c3e-8710-e047-88b3-05a16778fce9]]>
            </message>
            <full-stacktrace>
              <![CDATA[org.openqa.selenium.ElementNotInteractableException: 
Build info: version: '3.6.0', revision: '6fbf3ec767', time: '2017-09-27T15:28:36.4Z'
System info: host: 'MacBook-Pro-3.local', ip: 'fe80:0:0:0:401:608a:2476:a1d6%en0', os.name: 'Mac OS X', os.arch: 'x86_64', os.version: '10.13.1', java.version: '1.8.0_121'
Driver info: org.openqa.selenium.firefox.FirefoxDriver
Capabilities [{moz:profile=/var/folders/59/rv1j4l2s6lxfp0vlypzcr5c80000gp/T/rust_mozprofile.sTeCvj7SkLaR, rotatable=false, timeouts={implicit=0, pageLoad=300000, script=30000}, pageLoadStrategy=normal, moz:headless=false, platform=MAC, moz:accessibilityChecks=false, acceptInsecureCerts=true, browserVersion=57.0.4, platformVersion=17.2.0, moz:processID=36239, browserName=firefox, javascriptEnabled=true, platformName=MAC, moz:webdriverClick=false}]
Session ID: 5e3f4c3e-8710-e047-88b3-05a16778fce9
	at sun.reflect.NativeConstructorAccessorImpl.newInstance0(Native Method)
	at sun.reflect.NativeConstructorAccessorImpl.newInstance(NativeConstructorAccessorImpl.java:62)
	at sun.reflect.DelegatingConstructorAccessorImpl.newInstance(DelegatingConstructorAccessorImpl.java:45)
	at java.lang.reflect.Constructor.newInstance(Constructor.java:423)
	at org.openqa.selenium.remote.http.W3CHttpResponseCodec.createException(W3CHttpResponseCodec.java:185)
	at org.openqa.selenium.remote.http.W3CHttpResponseCodec.decode(W3CHttpResponseCodec.java:120)
	at org.openqa.selenium.remote.http.W3CHttpResponseCodec.decode(W3CHttpResponseCodec.java:49)
	at org.openqa.selenium.remote.HttpCommandExecutor.execute(HttpCommandExecutor.java:164)
	at org.openqa.selenium.remote.service.DriverCommandExecutor.execute(DriverCommandExecutor.java:83)
	at org.openqa.selenium.remote.RemoteWebDriver.execute(RemoteWebDriver.java:586)
	at org.openqa.selenium.remote.RemoteWebElement.execute(RemoteWebElement.java:279)
	at org.openqa.selenium.remote.RemoteWebElement.click(RemoteWebElement.java:83)
	at core.Main.testc(Main.java:49)
	at core.Testcase05_08.TestCase05_08(Testcase05_08.java:23)
	at core.TubiTVTest.TestCase05_08(TubiTVTest.java:274)
	at sun.reflect.NativeMethodAccessorImpl.invoke0(Native Method)
	at sun.reflect.NativeMethodAccessorImpl.invoke(NativeMethodAccessorImpl.java:62)
	at sun.reflect.DelegatingMethodAccessorImpl.invoke(DelegatingMethodAccessorImpl.java:43)
	at java.lang.reflect.Method.invoke(Method.java:498)
	at org.testng.internal.MethodInvocationHelper.invokeMethod(MethodInvocationHelper.java:108)
	at org.testng.internal.Invoker.invokeMethod(Invoker.java:661)
	at org.testng.internal.Invoker.invokeTestMethod(Invoker.java:869)
	at org.testng.internal.Invoker.invokeTestMethods(Invoker.java:1193)
	at org.testng.internal.TestMethodWorker.invokeTestMethods(TestMethodWorker.java:126)
	at org.testng.internal.TestMethodWorker.run(TestMethodWorker.java:109)
	at org.testng.TestRunner.privateRun(TestRunner.java:744)
	at org.testng.TestRunner.run(TestRunner.java:602)
	at org.testng.SuiteRunner.runTest(SuiteRunner.java:380)
	at org.testng.SuiteRunner.runSequentially(SuiteRunner.java:375)
	at org.testng.SuiteRunner.privateRun(SuiteRunner.java:340)
	at org.testng.SuiteRunner.run(SuiteRunner.java:289)
	at org.testng.SuiteRunnerWorker.runSuite(SuiteRunnerWorker.java:52)
	at org.testng.SuiteRunnerWorker.run(SuiteRunnerWorker.java:86)
	at org.testng.TestNG.runSuitesSequentially(TestNG.java:1301)
	at org.testng.TestNG.runSuitesLocally(TestNG.java:1226)
	at org.testng.TestNG.runSuites(TestNG.java:1144)
	at org.testng.TestNG.run(TestNG.java:1115)
	at org.apache.maven.surefire.testng.TestNGExecutor.run(TestNGExecutor.java:135)
	at org.apache.maven.surefire.testng.TestNGDirectoryTestSuite.executeSingleClass(TestNGDirectoryTestSuite.java:112)
	at org.apache.maven.surefire.testng.TestNGDirectoryTestSuite.execute(TestNGDirectoryTestSuite.java:99)
	at org.apache.maven.surefire.testng.TestNGProvider.invoke(TestNGProvider.java:146)
	at org.apache.maven.surefire.booter.ForkedBooter.invokeProviderInSameClassLoader(ForkedBooter.java:386)
	at org.apache.maven.surefire.booter.ForkedBooter.runSuitesInProcess(ForkedBooter.java:323)
	at org.apache.maven.surefire.booter.ForkedBooter.main(ForkedBooter.java:143)
]]>
            </full-stacktrace>
          </exception> <!-- org.openqa.selenium.ElementNotInteractableException -->
          <reporter-output>
          </reporter-output>
        </test-method> <!-- TestCase05_08 -->
        <test-method status="PASS" signature="TestCase05_09()[pri:0, instance:core.TubiTVTest@4c9e38]" name="TestCase05_09" duration-ms="23647" started-at="2018-01-17T20:35:12Z" finished-at="2018-01-17T20:35:36Z">
          <reporter-output>
          </reporter-output>
        </test-method> <!-- TestCase05_09 -->
        <test-method status="PASS" signature="TestCase05_10()[pri:0, instance:core.TubiTVTest@4c9e38]" name="TestCase05_10" duration-ms="23368" started-at="2018-01-17T20:35:36Z" finished-at="2018-01-17T20:35:59Z">
          <reporter-output>
          </reporter-output>
        </test-method> <!-- TestCase05_10 -->
        <test-method status="PASS" signature="TestCase06_0()[pri:0, instance:core.TubiTVTest@4c9e38]" name="TestCase06_0" duration-ms="25407" started-at="2018-01-17T20:35:59Z" finished-at="2018-01-17T20:36:25Z">
          <reporter-output>
          </reporter-output>
        </test-method> <!-- TestCase06_0 -->
        <test-method status="PASS" signature="TestCase06_01()[pri:0, instance:core.TubiTVTest@4c9e38]" name="TestCase06_01" duration-ms="22876" started-at="2018-01-17T20:36:25Z" finished-at="2018-01-17T20:36:48Z">
          <reporter-output>
          </reporter-output>
        </test-method> <!-- TestCase06_01 -->
        <test-method status="PASS" signature="TestCase06_02()[pri:0, instance:core.TubiTVTest@4c9e38]" name="TestCase06_02" duration-ms="36138" started-at="2018-01-17T20:36:48Z" finished-at="2018-01-17T20:37:24Z">
          <reporter-output>
          </reporter-output>
        </test-method> <!-- TestCase06_02 -->
        <test-method status="PASS" signature="TestCase06_03()[pri:0, instance:core.TubiTVTest@4c9e38]" name="TestCase06_03" duration-ms="23891" started-at="2018-01-17T20:37:24Z" finished-at="2018-01-17T20:37:48Z">
          <reporter-output>
          </reporter-output>
        </test-method> <!-- TestCase06_03 -->
        <test-method status="PASS" signature="TestCase06_04()[pri:0, instance:core.TubiTVTest@4c9e38]" name="TestCase06_04" duration-ms="19583" started-at="2018-01-17T20:37:48Z" finished-at="2018-01-17T20:38:07Z">
          <reporter-output>
          </reporter-output>
        </test-method> <!-- TestCase06_04 -->
        <test-method status="PASS" signature="TestCase06_05()[pri:0, instance:core.TubiTVTest@4c9e38]" name="TestCase06_05" duration-ms="30081" started-at="2018-01-17T20:38:07Z" finished-at="2018-01-17T20:38:37Z">
          <reporter-output>
          </reporter-output>
        </test-method> <!-- TestCase06_05 -->
        <test-method status="PASS" signature="TestCase06_06()[pri:0, instance:core.TubiTVTest@4c9e38]" name="TestCase06_06" duration-ms="32354" started-at="2018-01-17T20:38:37Z" finished-at="2018-01-17T20:39:10Z">
          <reporter-output>
          </reporter-output>
        </test-method> <!-- TestCase06_06 -->
        <test-method status="PASS" signature="TestCase06_07()[pri:0, instance:core.TubiTVTest@4c9e38]" name="TestCase06_07" duration-ms="29512" started-at="2018-01-17T20:39:10Z" finished-at="2018-01-17T20:39:39Z">
          <reporter-output>
          </reporter-output>
        </test-method> <!-- TestCase06_07 -->
        <test-method status="PASS" signature="TestCase06_10()[pri:0, instance:core.TubiTVTest@4c9e38]" name="TestCase06_10" duration-ms="30065" started-at="2018-01-17T20:39:39Z" finished-at="2018-01-17T20:40:09Z">
          <reporter-output>
          </reporter-output>
        </test-method> <!-- TestCase06_10 -->
        <test-method status="PASS" signature="TestCase06_11()[pri:0, instance:core.TubiTVTest@4c9e38]" name="TestCase06_11" duration-ms="30688" started-at="2018-01-17T20:40:09Z" finished-at="2018-01-17T20:40:40Z">
          <reporter-output>
          </reporter-output>
        </test-method> <!-- TestCase06_11 -->
      </class> <!-- core.TubiTVTest -->
    </test> <!-- Surefire test -->
  </suite> <!-- Surefire suite -->
</testng-results>
