<!DOCTYPE html PUBLIC "-//W3C//DTD XHTML 1.1//EN" "http://www.w3.org/TR/xhtml11/DTD/xhtml11.dtd">
<html xmlns="http://www.w3.org/1999/xhtml"><head><title>TestNG Report</title><style type="text/css">table {margin-bottom:10px;border-collapse:collapse;empty-cells:show}th,td {border:1px solid #009;padding:.25em .5em}th {vertical-align:bottom}td {vertical-align:top}table a {font-weight:bold}.stripe td {background-color: #E6EBF9}.num {text-align:right}.passedodd td {background-color: #3F3}.passedeven td {background-color: #0A0}.skippedodd td {background-color: #DDD}.skippedeven td {background-color: #CCC}.failedodd td,.attn {background-color: #F33}.failedeven td,.stripe .attn {background-color: #D00}.stacktrace {white-space:pre;font-family:monospace}.totop {font-size:85%;text-align:center;border-bottom:2px solid #000}</style></head><body><table><tr><th>Test</th><th># Passed</th><th># Skipped</th><th># Failed</th><th>Time (ms)</th><th>Included Groups</th><th>Excluded Groups</th></tr><tr><th colspan="7">Default suite</th></tr><tr><td><a href="#t0">Default test</a></td><td class="num">38</td><td class="num">0</td><td class="num attn">6</td><td class="num">714,346</td><td></td><td></td></tr></table><table id='summary'><thead><tr><th>Class</th><th>Method</th><th>Start</th><th>Time (ms)</th></tr></thead><tbody><tr><th colspan="4">Default suite</th></tr></tbody><tbody id="t0"><tr><th colspan="4">Default test &#8212; failed</th></tr><tr class="failedeven"><td rowspan="6">core.TubiTVTest</td><td><a href="#m0">TestCase01_20</a></td><td rowspan="1">1515208400364</td><td rowspan="1">15580</td></tr><tr class="failedeven"><td><a href="#m1">TestCase01_21</a></td><td rowspan="1">1515208415977</td><td rowspan="1">27674</td></tr><tr class="failedeven"><td><a href="#m2">TestCase01_22</a></td><td rowspan="1">1515208443656</td><td rowspan="1">26573</td></tr><tr class="failedeven"><td><a href="#m3">TestCase02_07</a></td><td rowspan="1">1515208550199</td><td rowspan="1">30404</td></tr><tr class="failedeven"><td><a href="#m4">TestCase02_08</a></td><td rowspan="1">1515208580605</td><td rowspan="1">27321</td></tr><tr class="failedeven"><td><a href="#m5">TestCase05_03</a></td><td rowspan="1">1515208754775</td><td rowspan="1">13991</td></tr><tr><th colspan="4">Default test &#8212; passed</th></tr><tr class="passedeven"><td rowspan="38">core.TubiTVTest</td><td><a href="#m6">TestCase01_01</a></td><td rowspan="1">1515208104058</td><td rowspan="1">11551</td></tr><tr class="passedeven"><td><a href="#m7">TestCase01_02</a></td><td rowspan="1">1515208115618</td><td rowspan="1">16253</td></tr><tr class="passedeven"><td><a href="#m8">TestCase01_03</a></td><td rowspan="1">1515208131883</td><td rowspan="1">10730</td></tr><tr class="passedeven"><td><a href="#m9">TestCase01_04</a></td><td rowspan="1">1515208142616</td><td rowspan="1">10369</td></tr><tr class="passedeven"><td><a href="#m10">TestCase01_05</a></td><td rowspan="1">1515208152995</td><td rowspan="1">17643</td></tr><tr class="passedeven"><td><a href="#m11">TestCase01_06</a></td><td rowspan="1">1515208170640</td><td rowspan="1">20015</td></tr><tr class="passedeven"><td><a href="#m12">TestCase01_07</a></td><td rowspan="1">1515208190657</td><td rowspan="1">15250</td></tr><tr class="passedeven"><td><a href="#m13">TestCase01_08</a></td><td rowspan="1">1515208205909</td><td rowspan="1">16210</td></tr><tr class="passedeven"><td><a href="#m14">TestCase01_09</a></td><td rowspan="1">1515208222120</td><td rowspan="1">15266</td></tr><tr class="passedeven"><td><a href="#m15">TestCase01_10</a></td><td rowspan="1">1515208237388</td><td rowspan="1">15149</td></tr><tr class="passedeven"><td><a href="#m16">TestCase01_11</a></td><td rowspan="1">1515208252539</td><td rowspan="1">16102</td></tr><tr class="passedeven"><td><a href="#m17">TestCase01_12</a></td><td rowspan="1">1515208268643</td><td rowspan="1">15937</td></tr><tr class="passedeven"><td><a href="#m18">TestCase01_13</a></td><td rowspan="1">1515208284582</td><td rowspan="1">16288</td></tr><tr class="passedeven"><td><a href="#m19">TestCase01_14</a></td><td rowspan="1">1515208300881</td><td rowspan="1">15497</td></tr><tr class="passedeven"><td><a href="#m20">TestCase01_15</a></td><td rowspan="1">1515208316380</td><td rowspan="1">16235</td></tr><tr class="passedeven"><td><a href="#m21">TestCase01_16</a></td><td rowspan="1">1515208332617</td><td rowspan="1">13695</td></tr><tr class="passedeven"><td><a href="#m22">TestCase01_17</a></td><td rowspan="1">1515208346313</td><td rowspan="1">22661</td></tr><tr class="passedeven"><td><a href="#m23">TestCase01_18</a></td><td rowspan="1">1515208368983</td><td rowspan="1">16135</td></tr><tr class="passedeven"><td><a href="#m24">TestCase01_19</a></td><td rowspan="1">1515208385119</td><td rowspan="1">15243</td></tr><tr class="passedeven"><td><a href="#m25">TestCase02_01</a></td><td rowspan="1">1515208470231</td><td rowspan="1">14881</td></tr><tr class="passedeven"><td><a href="#m26">TestCase02_02</a></td><td rowspan="1">1515208485128</td><td rowspan="1">10821</td></tr><tr class="passedeven"><td><a href="#m27">TestCase02_03</a></td><td rowspan="1">1515208495951</td><td rowspan="1">11362</td></tr><tr class="passedeven"><td><a href="#m28">TestCase02_04</a></td><td rowspan="1">1515208507315</td><td rowspan="1">11483</td></tr><tr class="passedeven"><td><a href="#m29">TestCase02_05</a></td><td rowspan="1">1515208518799</td><td rowspan="1">14397</td></tr><tr class="passedeven"><td><a href="#m30">TestCase02_06</a></td><td rowspan="1">1515208533198</td><td rowspan="1">16996</td></tr><tr class="passedeven"><td><a href="#m31">TestCase03_01</a></td><td rowspan="1">1515208607928</td><td rowspan="1">13043</td></tr><tr class="passedeven"><td><a href="#m32">TestCase03_02</a></td><td rowspan="1">1515208620974</td><td rowspan="1">19875</td></tr><tr class="passedeven"><td><a href="#m33">TestCase03_03</a></td><td rowspan="1">1515208640852</td><td rowspan="1">13391</td></tr><tr class="passedeven"><td><a href="#m34">TestCase03_04</a></td><td rowspan="1">1515208654245</td><td rowspan="1">13014</td></tr><tr class="passedeven"><td><a href="#m35">TestCase03_05</a></td><td rowspan="1">1515208667260</td><td rowspan="1">16923</td></tr><tr class="passedeven"><td><a href="#m36">TestCase03_05_1</a></td><td rowspan="1">1515208684186</td><td rowspan="1">14747</td></tr><tr class="passedeven"><td><a href="#m37">TestCase03_06</a></td><td rowspan="1">1515208698934</td><td rowspan="1">13414</td></tr><tr class="passedeven"><td><a href="#m38">TestCase03_07</a></td><td rowspan="1">1515208712350</td><td rowspan="1">14720</td></tr><tr class="passedeven"><td><a href="#m39">TestCase05_01</a></td><td rowspan="1">1515208727071</td><td rowspan="1">14167</td></tr><tr class="passedeven"><td><a href="#m40">TestCase05_02</a></td><td rowspan="1">1515208741240</td><td rowspan="1">13534</td></tr><tr class="passedeven"><td><a href="#m41">TestCase05_04</a></td><td rowspan="1">1515208768768</td><td rowspan="1">12317</td></tr><tr class="passedeven"><td><a href="#m42">TestCase05_05</a></td><td rowspan="1">1515208781087</td><td rowspan="1">12169</td></tr><tr class="passedeven"><td><a href="#m43">TestCase06_0</a></td><td rowspan="1">1515208793258</td><td rowspan="1">25033</td></tr></tbody></table><h2>Default test</h2><h3 id="m0">core.TubiTVTest#TestCase01_20</h3><table class="result"><tr><th>Exception</th></tr><tr><td><div class="stacktrace">java.lang.AssertionError: 
Expected: &quot;You must be 13 years or older&quot;
     but: was &quot;&quot;
	at org.hamcrest.MatcherAssert.assertThat(MatcherAssert.java:18)
	at org.hamcrest.MatcherAssert.assertThat(MatcherAssert.java:6)
	at core.TubiTVTest.TestCase01_20(TubiTVTest.java:98)
	at sun.reflect.NativeMethodAccessorImpl.invoke0(Native Method)
	at sun.reflect.NativeMethodAccessorImpl.invoke(NativeMethodAccessorImpl.java:62)
	at sun.reflect.DelegatingMethodAccessorImpl.invoke(DelegatingMethodAccessorImpl.java:43)
	at java.lang.reflect.Method.invoke(Method.java:498)
	at org.testng.internal.MethodInvocationHelper.invokeMethod(MethodInvocationHelper.java:108)
	at org.testng.internal.Invoker.invokeMethod(Invoker.java:661)
	at org.testng.internal.Invoker.invokeTestMethod(Invoker.java:869)
	at org.testng.internal.Invoker.invokeTestMethods(Invoker.java:1193)
	at org.testng.internal.TestMethodWorker.invokeTestMethods(TestMethodWorker.java:126)
	at org.testng.internal.TestMethodWorker.run(TestMethodWorker.java:109)
	at org.testng.TestRunner.privateRun(TestRunner.java:744)
	at org.testng.TestRunner.run(TestRunner.java:602)
	at org.testng.SuiteRunner.runTest(SuiteRunner.java:380)
	at org.testng.SuiteRunner.runSequentially(SuiteRunner.java:375)
	at org.testng.SuiteRunner.privateRun(SuiteRunner.java:340)
	at org.testng.SuiteRunner.run(SuiteRunner.java:289)
	at org.testng.SuiteRunnerWorker.runSuite(SuiteRunnerWorker.java:52)
	at org.testng.SuiteRunnerWorker.run(SuiteRunnerWorker.java:86)
	at org.testng.TestNG.runSuitesSequentially(TestNG.java:1301)
	at org.testng.TestNG.runSuitesLocally(TestNG.java:1226)
	at org.testng.TestNG.runSuites(TestNG.java:1144)
	at org.testng.TestNG.run(TestNG.java:1115)
	at org.testng.remote.AbstractRemoteTestNG.run(AbstractRemoteTestNG.java:114)
	at org.testng.remote.RemoteTestNG.initAndRun(RemoteTestNG.java:251)
	at org.testng.remote.RemoteTestNG.main(RemoteTestNG.java:77)
</div></td></tr></table><p class="totop"><a href="#summary">back to summary</a></p><h3 id="m1">core.TubiTVTest#TestCase01_21</h3><table class="result"><tr><th>Exception</th></tr><tr><td><div class="stacktrace">org.openqa.selenium.TimeoutException: Expected condition failed: waiting for presence of element located by: By.xpath: /html/body/div[5]/div[2]/div/div/form/div/div[1]/div[2]/div[1]/div[1]/button (tried for 15 second(s) with 500 MILLISECONDS interval)
	at org.openqa.selenium.support.ui.WebDriverWait.timeoutException(WebDriverWait.java:82)
	at org.openqa.selenium.support.ui.FluentWait.until(FluentWait.java:231)
	at core.Main.testc(Main.java:35)
	at core.Main.TestCase01_21(Main.java:752)
	at core.TubiTVTest.TestCase01_21(TubiTVTest.java:103)
	at sun.reflect.NativeMethodAccessorImpl.invoke0(Native Method)
	at sun.reflect.NativeMethodAccessorImpl.invoke(NativeMethodAccessorImpl.java:62)
	at sun.reflect.DelegatingMethodAccessorImpl.invoke(DelegatingMethodAccessorImpl.java:43)
	at java.lang.reflect.Method.invoke(Method.java:498)
	at org.testng.internal.MethodInvocationHelper.invokeMethod(MethodInvocationHelper.java:108)
	at org.testng.internal.Invoker.invokeMethod(Invoker.java:661)
	at org.testng.internal.Invoker.invokeTestMethod(Invoker.java:869)
	at org.testng.internal.Invoker.invokeTestMethods(Invoker.java:1193)
	at org.testng.internal.TestMethodWorker.invokeTestMethods(TestMethodWorker.java:126)
	at org.testng.internal.TestMethodWorker.run(TestMethodWorker.java:109)
	at org.testng.TestRunner.privateRun(TestRunner.java:744)
	at org.testng.TestRunner.run(TestRunner.java:602)
	at org.testng.SuiteRunner.runTest(SuiteRunner.java:380)
	at org.testng.SuiteRunner.runSequentially(SuiteRunner.java:375)
	at org.testng.SuiteRunner.privateRun(SuiteRunner.java:340)
	at org.testng.SuiteRunner.run(SuiteRunner.java:289)
	at org.testng.SuiteRunnerWorker.runSuite(SuiteRunnerWorker.java:52)
	at org.testng.SuiteRunnerWorker.run(SuiteRunnerWorker.java:86)
	at org.testng.TestNG.runSuitesSequentially(TestNG.java:1301)
	at org.testng.TestNG.runSuitesLocally(TestNG.java:1226)
	at org.testng.TestNG.runSuites(TestNG.java:1144)
	at org.testng.TestNG.run(TestNG.java:1115)
	at org.testng.remote.AbstractRemoteTestNG.run(AbstractRemoteTestNG.java:114)
	at org.testng.remote.RemoteTestNG.initAndRun(RemoteTestNG.java:251)
	at org.testng.remote.RemoteTestNG.main(RemoteTestNG.java:77)
Caused by: org.openqa.selenium.NoSuchElementException: Cannot locate an element using By.xpath: /html/body/div[5]/div[2]/div/div/form/div/div[1]/div[2]/div[1]/div[1]/button
For documentation on this error, please visit: http://seleniumhq.org/exceptions/no_such_element.html
Build info: version: &apos;3.6.0&apos;, revision: &apos;6fbf3ec767&apos;, time: &apos;2017-09-27T15:28:36.4Z&apos;
System info: host: &apos;MacBook-Pro-3.hsd1.ca.comcast.net&apos;, ip: &apos;fe80:0:0:0:4b4:2a71:cf7d:dfc9%en0&apos;, os.name: &apos;Mac OS X&apos;, os.arch: &apos;x86_64&apos;, os.version: &apos;10.13.1&apos;, java.version: &apos;1.8.0_121&apos;
Driver info: driver.version: unknown
	at org.openqa.selenium.support.ui.ExpectedConditions.lambda$findElement$0(ExpectedConditions.java:882)
	at java.util.Optional.orElseThrow(Optional.java:290)
	at org.openqa.selenium.support.ui.ExpectedConditions.findElement(ExpectedConditions.java:881)
	at org.openqa.selenium.support.ui.ExpectedConditions.access$000(ExpectedConditions.java:43)
	at org.openqa.selenium.support.ui.ExpectedConditions$6.apply(ExpectedConditions.java:182)
	at org.openqa.selenium.support.ui.ExpectedConditions$6.apply(ExpectedConditions.java:179)
	at org.openqa.selenium.support.ui.FluentWait.until(FluentWait.java:208)
	... 28 more
</div></td></tr></table><p class="totop"><a href="#summary">back to summary</a></p><h3 id="m2">core.TubiTVTest#TestCase01_22</h3><table class="result"><tr><th>Exception</th></tr><tr><td><div class="stacktrace">org.openqa.selenium.TimeoutException: Expected condition failed: waiting for presence of element located by: By.xpath: /html/body/div[5]/div[2]/div/div/form/div/div[1]/div[2]/div[1]/div[1]/button (tried for 15 second(s) with 500 MILLISECONDS interval)
	at org.openqa.selenium.support.ui.WebDriverWait.timeoutException(WebDriverWait.java:82)
	at org.openqa.selenium.support.ui.FluentWait.until(FluentWait.java:231)
	at core.Main.testc(Main.java:35)
	at core.Main.TestCase01_22(Main.java:772)
	at core.TubiTVTest.TestCase01_22(TubiTVTest.java:107)
	at sun.reflect.NativeMethodAccessorImpl.invoke0(Native Method)
	at sun.reflect.NativeMethodAccessorImpl.invoke(NativeMethodAccessorImpl.java:62)
	at sun.reflect.DelegatingMethodAccessorImpl.invoke(DelegatingMethodAccessorImpl.java:43)
	at java.lang.reflect.Method.invoke(Method.java:498)
	at org.testng.internal.MethodInvocationHelper.invokeMethod(MethodInvocationHelper.java:108)
	at org.testng.internal.Invoker.invokeMethod(Invoker.java:661)
	at org.testng.internal.Invoker.invokeTestMethod(Invoker.java:869)
	at org.testng.internal.Invoker.invokeTestMethods(Invoker.java:1193)
	at org.testng.internal.TestMethodWorker.invokeTestMethods(TestMethodWorker.java:126)
	at org.testng.internal.TestMethodWorker.run(TestMethodWorker.java:109)
	at org.testng.TestRunner.privateRun(TestRunner.java:744)
	at org.testng.TestRunner.run(TestRunner.java:602)
	at org.testng.SuiteRunner.runTest(SuiteRunner.java:380)
	at org.testng.SuiteRunner.runSequentially(SuiteRunner.java:375)
	at org.testng.SuiteRunner.privateRun(SuiteRunner.java:340)
	at org.testng.SuiteRunner.run(SuiteRunner.java:289)
	at org.testng.SuiteRunnerWorker.runSuite(SuiteRunnerWorker.java:52)
	at org.testng.SuiteRunnerWorker.run(SuiteRunnerWorker.java:86)
	at org.testng.TestNG.runSuitesSequentially(TestNG.java:1301)
	at org.testng.TestNG.runSuitesLocally(TestNG.java:1226)
	at org.testng.TestNG.runSuites(TestNG.java:1144)
	at org.testng.TestNG.run(TestNG.java:1115)
	at org.testng.remote.AbstractRemoteTestNG.run(AbstractRemoteTestNG.java:114)
	at org.testng.remote.RemoteTestNG.initAndRun(RemoteTestNG.java:251)
	at org.testng.remote.RemoteTestNG.main(RemoteTestNG.java:77)
Caused by: org.openqa.selenium.NoSuchElementException: Cannot locate an element using By.xpath: /html/body/div[5]/div[2]/div/div/form/div/div[1]/div[2]/div[1]/div[1]/button
For documentation on this error, please visit: http://seleniumhq.org/exceptions/no_such_element.html
Build info: version: &apos;3.6.0&apos;, revision: &apos;6fbf3ec767&apos;, time: &apos;2017-09-27T15:28:36.4Z&apos;
System info: host: &apos;MacBook-Pro-3.hsd1.ca.comcast.net&apos;, ip: &apos;fe80:0:0:0:4b4:2a71:cf7d:dfc9%en0&apos;, os.name: &apos;Mac OS X&apos;, os.arch: &apos;x86_64&apos;, os.version: &apos;10.13.1&apos;, java.version: &apos;1.8.0_121&apos;
Driver info: driver.version: unknown
	at org.openqa.selenium.support.ui.ExpectedConditions.lambda$findElement$0(ExpectedConditions.java:882)
	at java.util.Optional.orElseThrow(Optional.java:290)
	at org.openqa.selenium.support.ui.ExpectedConditions.findElement(ExpectedConditions.java:881)
	at org.openqa.selenium.support.ui.ExpectedConditions.access$000(ExpectedConditions.java:43)
	at org.openqa.selenium.support.ui.ExpectedConditions$6.apply(ExpectedConditions.java:182)
	at org.openqa.selenium.support.ui.ExpectedConditions$6.apply(ExpectedConditions.java:179)
	at org.openqa.selenium.support.ui.FluentWait.until(FluentWait.java:208)
	... 28 more
</div></td></tr></table><p class="totop"><a href="#summary">back to summary</a></p><h3 id="m3">core.TubiTVTest#TestCase02_07</h3><table class="result"><tr><th>Exception</th></tr><tr><td><div class="stacktrace">org.openqa.selenium.TimeoutException: Expected condition failed: waiting for presence of element located by: By.xpath: /html/body/div[5]/div[2]/div/div/form/div/div[1]/div[2]/div[1]/div[1]/button (tried for 15 second(s) with 500 MILLISECONDS interval)
	at org.openqa.selenium.support.ui.WebDriverWait.timeoutException(WebDriverWait.java:82)
	at org.openqa.selenium.support.ui.FluentWait.until(FluentWait.java:231)
	at core.Main.testc(Main.java:35)
	at core.Main.TestCase02_07(Main.java:927)
	at core.TubiTVTest.TestCase02_07(TubiTVTest.java:143)
	at sun.reflect.NativeMethodAccessorImpl.invoke0(Native Method)
	at sun.reflect.NativeMethodAccessorImpl.invoke(NativeMethodAccessorImpl.java:62)
	at sun.reflect.DelegatingMethodAccessorImpl.invoke(DelegatingMethodAccessorImpl.java:43)
	at java.lang.reflect.Method.invoke(Method.java:498)
	at org.testng.internal.MethodInvocationHelper.invokeMethod(MethodInvocationHelper.java:108)
	at org.testng.internal.Invoker.invokeMethod(Invoker.java:661)
	at org.testng.internal.Invoker.invokeTestMethod(Invoker.java:869)
	at org.testng.internal.Invoker.invokeTestMethods(Invoker.java:1193)
	at org.testng.internal.TestMethodWorker.invokeTestMethods(TestMethodWorker.java:126)
	at org.testng.internal.TestMethodWorker.run(TestMethodWorker.java:109)
	at org.testng.TestRunner.privateRun(TestRunner.java:744)
	at org.testng.TestRunner.run(TestRunner.java:602)
	at org.testng.SuiteRunner.runTest(SuiteRunner.java:380)
	at org.testng.SuiteRunner.runSequentially(SuiteRunner.java:375)
	at org.testng.SuiteRunner.privateRun(SuiteRunner.java:340)
	at org.testng.SuiteRunner.run(SuiteRunner.java:289)
	at org.testng.SuiteRunnerWorker.runSuite(SuiteRunnerWorker.java:52)
	at org.testng.SuiteRunnerWorker.run(SuiteRunnerWorker.java:86)
	at org.testng.TestNG.runSuitesSequentially(TestNG.java:1301)
	at org.testng.TestNG.runSuitesLocally(TestNG.java:1226)
	at org.testng.TestNG.runSuites(TestNG.java:1144)
	at org.testng.TestNG.run(TestNG.java:1115)
	at org.testng.remote.AbstractRemoteTestNG.run(AbstractRemoteTestNG.java:114)
	at org.testng.remote.RemoteTestNG.initAndRun(RemoteTestNG.java:251)
	at org.testng.remote.RemoteTestNG.main(RemoteTestNG.java:77)
Caused by: org.openqa.selenium.NoSuchElementException: Cannot locate an element using By.xpath: /html/body/div[5]/div[2]/div/div/form/div/div[1]/div[2]/div[1]/div[1]/button
For documentation on this error, please visit: http://seleniumhq.org/exceptions/no_such_element.html
Build info: version: &apos;3.6.0&apos;, revision: &apos;6fbf3ec767&apos;, time: &apos;2017-09-27T15:28:36.4Z&apos;
System info: host: &apos;MacBook-Pro-3.hsd1.ca.comcast.net&apos;, ip: &apos;fe80:0:0:0:4b4:2a71:cf7d:dfc9%en0&apos;, os.name: &apos;Mac OS X&apos;, os.arch: &apos;x86_64&apos;, os.version: &apos;10.13.1&apos;, java.version: &apos;1.8.0_121&apos;
Driver info: driver.version: unknown
	at org.openqa.selenium.support.ui.ExpectedConditions.lambda$findElement$0(ExpectedConditions.java:882)
	at java.util.Optional.orElseThrow(Optional.java:290)
	at org.openqa.selenium.support.ui.ExpectedConditions.findElement(ExpectedConditions.java:881)
	at org.openqa.selenium.support.ui.ExpectedConditions.access$000(ExpectedConditions.java:43)
	at org.openqa.selenium.support.ui.ExpectedConditions$6.apply(ExpectedConditions.java:182)
	at org.openqa.selenium.support.ui.ExpectedConditions$6.apply(ExpectedConditions.java:179)
	at org.openqa.selenium.support.ui.FluentWait.until(FluentWait.java:208)
	... 28 more
</div></td></tr></table><p class="totop"><a href="#summary">back to summary</a></p><h3 id="m4">core.TubiTVTest#TestCase02_08</h3><table class="result"><tr><th>Exception</th></tr><tr><td><div class="stacktrace">org.openqa.selenium.TimeoutException: Expected condition failed: waiting for presence of element located by: By.xpath: /html/body/div[5]/div[2]/div/div/form/div/div[1]/div[2]/div[1]/div[1]/button (tried for 15 second(s) with 500 MILLISECONDS interval)
	at org.openqa.selenium.support.ui.WebDriverWait.timeoutException(WebDriverWait.java:82)
	at org.openqa.selenium.support.ui.FluentWait.until(FluentWait.java:231)
	at core.Main.testc(Main.java:35)
	at core.Main.TestCase02_08(Main.java:949)
	at core.TubiTVTest.TestCase02_08(TubiTVTest.java:148)
	at sun.reflect.NativeMethodAccessorImpl.invoke0(Native Method)
	at sun.reflect.NativeMethodAccessorImpl.invoke(NativeMethodAccessorImpl.java:62)
	at sun.reflect.DelegatingMethodAccessorImpl.invoke(DelegatingMethodAccessorImpl.java:43)
	at java.lang.reflect.Method.invoke(Method.java:498)
	at org.testng.internal.MethodInvocationHelper.invokeMethod(MethodInvocationHelper.java:108)
	at org.testng.internal.Invoker.invokeMethod(Invoker.java:661)
	at org.testng.internal.Invoker.invokeTestMethod(Invoker.java:869)
	at org.testng.internal.Invoker.invokeTestMethods(Invoker.java:1193)
	at org.testng.internal.TestMethodWorker.invokeTestMethods(TestMethodWorker.java:126)
	at org.testng.internal.TestMethodWorker.run(TestMethodWorker.java:109)
	at org.testng.TestRunner.privateRun(TestRunner.java:744)
	at org.testng.TestRunner.run(TestRunner.java:602)
	at org.testng.SuiteRunner.runTest(SuiteRunner.java:380)
	at org.testng.SuiteRunner.runSequentially(SuiteRunner.java:375)
	at org.testng.SuiteRunner.privateRun(SuiteRunner.java:340)
	at org.testng.SuiteRunner.run(SuiteRunner.java:289)
	at org.testng.SuiteRunnerWorker.runSuite(SuiteRunnerWorker.java:52)
	at org.testng.SuiteRunnerWorker.run(SuiteRunnerWorker.java:86)
	at org.testng.TestNG.runSuitesSequentially(TestNG.java:1301)
	at org.testng.TestNG.runSuitesLocally(TestNG.java:1226)
	at org.testng.TestNG.runSuites(TestNG.java:1144)
	at org.testng.TestNG.run(TestNG.java:1115)
	at org.testng.remote.AbstractRemoteTestNG.run(AbstractRemoteTestNG.java:114)
	at org.testng.remote.RemoteTestNG.initAndRun(RemoteTestNG.java:251)
	at org.testng.remote.RemoteTestNG.main(RemoteTestNG.java:77)
Caused by: org.openqa.selenium.NoSuchElementException: Cannot locate an element using By.xpath: /html/body/div[5]/div[2]/div/div/form/div/div[1]/div[2]/div[1]/div[1]/button
For documentation on this error, please visit: http://seleniumhq.org/exceptions/no_such_element.html
Build info: version: &apos;3.6.0&apos;, revision: &apos;6fbf3ec767&apos;, time: &apos;2017-09-27T15:28:36.4Z&apos;
System info: host: &apos;MacBook-Pro-3.hsd1.ca.comcast.net&apos;, ip: &apos;fe80:0:0:0:4b4:2a71:cf7d:dfc9%en0&apos;, os.name: &apos;Mac OS X&apos;, os.arch: &apos;x86_64&apos;, os.version: &apos;10.13.1&apos;, java.version: &apos;1.8.0_121&apos;
Driver info: driver.version: unknown
	at org.openqa.selenium.support.ui.ExpectedConditions.lambda$findElement$0(ExpectedConditions.java:882)
	at java.util.Optional.orElseThrow(Optional.java:290)
	at org.openqa.selenium.support.ui.ExpectedConditions.findElement(ExpectedConditions.java:881)
	at org.openqa.selenium.support.ui.ExpectedConditions.access$000(ExpectedConditions.java:43)
	at org.openqa.selenium.support.ui.ExpectedConditions$6.apply(ExpectedConditions.java:182)
	at org.openqa.selenium.support.ui.ExpectedConditions$6.apply(ExpectedConditions.java:179)
	at org.openqa.selenium.support.ui.FluentWait.until(FluentWait.java:208)
	... 28 more
</div></td></tr></table><p class="totop"><a href="#summary">back to summary</a></p><h3 id="m5">core.TubiTVTest#TestCase05_03</h3><table class="result"><tr><th>Exception</th></tr><tr><td><div class="stacktrace">java.lang.AssertionError: 
Expected: &quot;Test 7&quot;
     but: was &quot;Born to Fly&quot;
	at org.hamcrest.MatcherAssert.assertThat(MatcherAssert.java:18)
	at org.hamcrest.MatcherAssert.assertThat(MatcherAssert.java:6)
	at core.TubiTVTest.TestCase05_03(TubiTVTest.java:202)
	at sun.reflect.NativeMethodAccessorImpl.invoke0(Native Method)
	at sun.reflect.NativeMethodAccessorImpl.invoke(NativeMethodAccessorImpl.java:62)
	at sun.reflect.DelegatingMethodAccessorImpl.invoke(DelegatingMethodAccessorImpl.java:43)
	at java.lang.reflect.Method.invoke(Method.java:498)
	at org.testng.internal.MethodInvocationHelper.invokeMethod(MethodInvocationHelper.java:108)
	at org.testng.internal.Invoker.invokeMethod(Invoker.java:661)
	at org.testng.internal.Invoker.invokeTestMethod(Invoker.java:869)
	at org.testng.internal.Invoker.invokeTestMethods(Invoker.java:1193)
	at org.testng.internal.TestMethodWorker.invokeTestMethods(TestMethodWorker.java:126)
	at org.testng.internal.TestMethodWorker.run(TestMethodWorker.java:109)
	at org.testng.TestRunner.privateRun(TestRunner.java:744)
	at org.testng.TestRunner.run(TestRunner.java:602)
	at org.testng.SuiteRunner.runTest(SuiteRunner.java:380)
	at org.testng.SuiteRunner.runSequentially(SuiteRunner.java:375)
	at org.testng.SuiteRunner.privateRun(SuiteRunner.java:340)
	at org.testng.SuiteRunner.run(SuiteRunner.java:289)
	at org.testng.SuiteRunnerWorker.runSuite(SuiteRunnerWorker.java:52)
	at org.testng.SuiteRunnerWorker.run(SuiteRunnerWorker.java:86)
	at org.testng.TestNG.runSuitesSequentially(TestNG.java:1301)
	at org.testng.TestNG.runSuitesLocally(TestNG.java:1226)
	at org.testng.TestNG.runSuites(TestNG.java:1144)
	at org.testng.TestNG.run(TestNG.java:1115)
	at org.testng.remote.AbstractRemoteTestNG.run(AbstractRemoteTestNG.java:114)
	at org.testng.remote.RemoteTestNG.initAndRun(RemoteTestNG.java:251)
	at org.testng.remote.RemoteTestNG.main(RemoteTestNG.java:77)
</div></td></tr></table><p class="totop"><a href="#summary">back to summary</a></p><h3 id="m6">core.TubiTVTest#TestCase01_01</h3><table class="result"></table><p class="totop"><a href="#summary">back to summary</a></p><h3 id="m7">core.TubiTVTest#TestCase01_02</h3><table class="result"></table><p class="totop"><a href="#summary">back to summary</a></p><h3 id="m8">core.TubiTVTest#TestCase01_03</h3><table class="result"></table><p class="totop"><a href="#summary">back to summary</a></p><h3 id="m9">core.TubiTVTest#TestCase01_04</h3><table class="result"></table><p class="totop"><a href="#summary">back to summary</a></p><h3 id="m10">core.TubiTVTest#TestCase01_05</h3><table class="result"></table><p class="totop"><a href="#summary">back to summary</a></p><h3 id="m11">core.TubiTVTest#TestCase01_06</h3><table class="result"></table><p class="totop"><a href="#summary">back to summary</a></p><h3 id="m12">core.TubiTVTest#TestCase01_07</h3><table class="result"></table><p class="totop"><a href="#summary">back to summary</a></p><h3 id="m13">core.TubiTVTest#TestCase01_08</h3><table class="result"></table><p class="totop"><a href="#summary">back to summary</a></p><h3 id="m14">core.TubiTVTest#TestCase01_09</h3><table class="result"></table><p class="totop"><a href="#summary">back to summary</a></p><h3 id="m15">core.TubiTVTest#TestCase01_10</h3><table class="result"></table><p class="totop"><a href="#summary">back to summary</a></p><h3 id="m16">core.TubiTVTest#TestCase01_11</h3><table class="result"></table><p class="totop"><a href="#summary">back to summary</a></p><h3 id="m17">core.TubiTVTest#TestCase01_12</h3><table class="result"></table><p class="totop"><a href="#summary">back to summary</a></p><h3 id="m18">core.TubiTVTest#TestCase01_13</h3><table class="result"></table><p class="totop"><a href="#summary">back to summary</a></p><h3 id="m19">core.TubiTVTest#TestCase01_14</h3><table class="result"></table><p class="totop"><a href="#summary">back to summary</a></p><h3 id="m20">core.TubiTVTest#TestCase01_15</h3><table class="result"></table><p class="totop"><a href="#summary">back to summary</a></p><h3 id="m21">core.TubiTVTest#TestCase01_16</h3><table class="result"></table><p class="totop"><a href="#summary">back to summary</a></p><h3 id="m22">core.TubiTVTest#TestCase01_17</h3><table class="result"></table><p class="totop"><a href="#summary">back to summary</a></p><h3 id="m23">core.TubiTVTest#TestCase01_18</h3><table class="result"></table><p class="totop"><a href="#summary">back to summary</a></p><h3 id="m24">core.TubiTVTest#TestCase01_19</h3><table class="result"></table><p class="totop"><a href="#summary">back to summary</a></p><h3 id="m25">core.TubiTVTest#TestCase02_01</h3><table class="result"></table><p class="totop"><a href="#summary">back to summary</a></p><h3 id="m26">core.TubiTVTest#TestCase02_02</h3><table class="result"></table><p class="totop"><a href="#summary">back to summary</a></p><h3 id="m27">core.TubiTVTest#TestCase02_03</h3><table class="result"></table><p class="totop"><a href="#summary">back to summary</a></p><h3 id="m28">core.TubiTVTest#TestCase02_04</h3><table class="result"></table><p class="totop"><a href="#summary">back to summary</a></p><h3 id="m29">core.TubiTVTest#TestCase02_05</h3><table class="result"></table><p class="totop"><a href="#summary">back to summary</a></p><h3 id="m30">core.TubiTVTest#TestCase02_06</h3><table class="result"></table><p class="totop"><a href="#summary">back to summary</a></p><h3 id="m31">core.TubiTVTest#TestCase03_01</h3><table class="result"></table><p class="totop"><a href="#summary">back to summary</a></p><h3 id="m32">core.TubiTVTest#TestCase03_02</h3><table class="result"></table><p class="totop"><a href="#summary">back to summary</a></p><h3 id="m33">core.TubiTVTest#TestCase03_03</h3><table class="result"></table><p class="totop"><a href="#summary">back to summary</a></p><h3 id="m34">core.TubiTVTest#TestCase03_04</h3><table class="result"></table><p class="totop"><a href="#summary">back to summary</a></p><h3 id="m35">core.TubiTVTest#TestCase03_05</h3><table class="result"></table><p class="totop"><a href="#summary">back to summary</a></p><h3 id="m36">core.TubiTVTest#TestCase03_05_1</h3><table class="result"></table><p class="totop"><a href="#summary">back to summary</a></p><h3 id="m37">core.TubiTVTest#TestCase03_06</h3><table class="result"></table><p class="totop"><a href="#summary">back to summary</a></p><h3 id="m38">core.TubiTVTest#TestCase03_07</h3><table class="result"></table><p class="totop"><a href="#summary">back to summary</a></p><h3 id="m39">core.TubiTVTest#TestCase05_01</h3><table class="result"></table><p class="totop"><a href="#summary">back to summary</a></p><h3 id="m40">core.TubiTVTest#TestCase05_02</h3><table class="result"></table><p class="totop"><a href="#summary">back to summary</a></p><h3 id="m41">core.TubiTVTest#TestCase05_04</h3><table class="result"></table><p class="totop"><a href="#summary">back to summary</a></p><h3 id="m42">core.TubiTVTest#TestCase05_05</h3><table class="result"></table><p class="totop"><a href="#summary">back to summary</a></p><h3 id="m43">core.TubiTVTest#TestCase06_0</h3><table class="result"></table><p class="totop"><a href="#summary">back to summary</a></p></body></html>