<?xml version="1.0" encoding="UTF-8"?>
<testng-results skipped="0" failed="6" ignored="0" total="44" passed="38">
  <reporter-output>
  </reporter-output>
  <suite name="Default suite" duration-ms="714346" started-at="2018-01-06T03:08:23Z" finished-at="2018-01-06T03:20:18Z">
    <groups>
    </groups>
    <test name="Default test" duration-ms="714346" started-at="2018-01-06T03:08:23Z" finished-at="2018-01-06T03:20:18Z">
      <class name="core.TubiTVTest">
        <test-method status="PASS" signature="TestCase01_01()[pri:0, instance:core.TubiTVTest@5ff2b8ca]" name="TestCase01_01" duration-ms="11551" started-at="2018-01-05T19:08:24Z" finished-at="2018-01-05T19:08:35Z">
          <reporter-output>
          </reporter-output>
        </test-method> <!-- TestCase01_01 -->
        <test-method status="PASS" signature="TestCase01_02()[pri:0, instance:core.TubiTVTest@5ff2b8ca]" name="TestCase01_02" duration-ms="16253" started-at="2018-01-05T19:08:35Z" finished-at="2018-01-05T19:08:51Z">
          <reporter-output>
          </reporter-output>
        </test-method> <!-- TestCase01_02 -->
        <test-method status="PASS" signature="TestCase01_03()[pri:0, instance:core.TubiTVTest@5ff2b8ca]" name="TestCase01_03" duration-ms="10730" started-at="2018-01-05T19:08:51Z" finished-at="2018-01-05T19:09:02Z">
          <reporter-output>
          </reporter-output>
        </test-method> <!-- TestCase01_03 -->
        <test-method status="PASS" signature="TestCase01_04()[pri:0, instance:core.TubiTVTest@5ff2b8ca]" name="TestCase01_04" duration-ms="10369" started-at="2018-01-05T19:09:02Z" finished-at="2018-01-05T19:09:12Z">
          <reporter-output>
          </reporter-output>
        </test-method> <!-- TestCase01_04 -->
        <test-method status="PASS" signature="TestCase01_05()[pri:0, instance:core.TubiTVTest@5ff2b8ca]" name="TestCase01_05" duration-ms="17643" started-at="2018-01-05T19:09:12Z" finished-at="2018-01-05T19:09:30Z">
          <reporter-output>
          </reporter-output>
        </test-method> <!-- TestCase01_05 -->
        <test-method status="PASS" signature="TestCase01_06()[pri:0, instance:core.TubiTVTest@5ff2b8ca]" name="TestCase01_06" duration-ms="20015" started-at="2018-01-05T19:09:30Z" finished-at="2018-01-05T19:09:50Z">
          <reporter-output>
          </reporter-output>
        </test-method> <!-- TestCase01_06 -->
        <test-method status="PASS" signature="TestCase01_07()[pri:0, instance:core.TubiTVTest@5ff2b8ca]" name="TestCase01_07" duration-ms="15250" started-at="2018-01-05T19:09:50Z" finished-at="2018-01-05T19:10:05Z">
          <reporter-output>
          </reporter-output>
        </test-method> <!-- TestCase01_07 -->
        <test-method status="PASS" signature="TestCase01_08()[pri:0, instance:core.TubiTVTest@5ff2b8ca]" name="TestCase01_08" duration-ms="16210" started-at="2018-01-05T19:10:05Z" finished-at="2018-01-05T19:10:22Z">
          <reporter-output>
          </reporter-output>
        </test-method> <!-- TestCase01_08 -->
        <test-method status="PASS" signature="TestCase01_09()[pri:0, instance:core.TubiTVTest@5ff2b8ca]" name="TestCase01_09" duration-ms="15266" started-at="2018-01-05T19:10:22Z" finished-at="2018-01-05T19:10:37Z">
          <reporter-output>
          </reporter-output>
        </test-method> <!-- TestCase01_09 -->
        <test-method status="PASS" signature="TestCase01_10()[pri:0, instance:core.TubiTVTest@5ff2b8ca]" name="TestCase01_10" duration-ms="15149" started-at="2018-01-05T19:10:37Z" finished-at="2018-01-05T19:10:52Z">
          <reporter-output>
          </reporter-output>
        </test-method> <!-- TestCase01_10 -->
        <test-method status="PASS" signature="TestCase01_11()[pri:0, instance:core.TubiTVTest@5ff2b8ca]" name="TestCase01_11" duration-ms="16102" started-at="2018-01-05T19:10:52Z" finished-at="2018-01-05T19:11:08Z">
          <reporter-output>
          </reporter-output>
        </test-method> <!-- TestCase01_11 -->
        <test-method status="PASS" signature="TestCase01_12()[pri:0, instance:core.TubiTVTest@5ff2b8ca]" name="TestCase01_12" duration-ms="15937" started-at="2018-01-05T19:11:08Z" finished-at="2018-01-05T19:11:24Z">
          <reporter-output>
          </reporter-output>
        </test-method> <!-- TestCase01_12 -->
        <test-method status="PASS" signature="TestCase01_13()[pri:0, instance:core.TubiTVTest@5ff2b8ca]" name="TestCase01_13" duration-ms="16288" started-at="2018-01-05T19:11:24Z" finished-at="2018-01-05T19:11:40Z">
          <reporter-output>
          </reporter-output>
        </test-method> <!-- TestCase01_13 -->
        <test-method status="PASS" signature="TestCase01_14()[pri:0, instance:core.TubiTVTest@5ff2b8ca]" name="TestCase01_14" duration-ms="15497" started-at="2018-01-05T19:11:40Z" finished-at="2018-01-05T19:11:56Z">
          <reporter-output>
          </reporter-output>
        </test-method> <!-- TestCase01_14 -->
        <test-method status="PASS" signature="TestCase01_15()[pri:0, instance:core.TubiTVTest@5ff2b8ca]" name="TestCase01_15" duration-ms="16235" started-at="2018-01-05T19:11:56Z" finished-at="2018-01-05T19:12:12Z">
          <reporter-output>
          </reporter-output>
        </test-method> <!-- TestCase01_15 -->
        <test-method status="PASS" signature="TestCase01_16()[pri:0, instance:core.TubiTVTest@5ff2b8ca]" name="TestCase01_16" duration-ms="13695" started-at="2018-01-05T19:12:12Z" finished-at="2018-01-05T19:12:26Z">
          <reporter-output>
          </reporter-output>
        </test-method> <!-- TestCase01_16 -->
        <test-method status="PASS" signature="TestCase01_17()[pri:0, instance:core.TubiTVTest@5ff2b8ca]" name="TestCase01_17" duration-ms="22661" started-at="2018-01-05T19:12:26Z" finished-at="2018-01-05T19:12:48Z">
          <reporter-output>
          </reporter-output>
        </test-method> <!-- TestCase01_17 -->
        <test-method status="PASS" signature="TestCase01_18()[pri:0, instance:core.TubiTVTest@5ff2b8ca]" name="TestCase01_18" duration-ms="16135" started-at="2018-01-05T19:12:48Z" finished-at="2018-01-05T19:13:05Z">
          <reporter-output>
          </reporter-output>
        </test-method> <!-- TestCase01_18 -->
        <test-method status="PASS" signature="TestCase01_19()[pri:0, instance:core.TubiTVTest@5ff2b8ca]" name="TestCase01_19" duration-ms="15243" started-at="2018-01-05T19:13:05Z" finished-at="2018-01-05T19:13:20Z">
          <reporter-output>
          </reporter-output>
        </test-method> <!-- TestCase01_19 -->
        <test-method status="FAIL" signature="TestCase01_20()[pri:0, instance:core.TubiTVTest@5ff2b8ca]" name="TestCase01_20" duration-ms="15580" started-at="2018-01-05T19:13:20Z" finished-at="2018-01-05T19:13:35Z">
          <exception class="java.lang.AssertionError">
            <message>
              <![CDATA[
Expected: "You must be 13 years or older"
     but: was ""]]>
            </message>
            <full-stacktrace>
              <![CDATA[java.lang.AssertionError: 
Expected: "You must be 13 years or older"
     but: was ""
	at org.hamcrest.MatcherAssert.assertThat(MatcherAssert.java:18)
	at org.hamcrest.MatcherAssert.assertThat(MatcherAssert.java:6)
	at core.TubiTVTest.TestCase01_20(TubiTVTest.java:98)
	at sun.reflect.NativeMethodAccessorImpl.invoke0(Native Method)
	at sun.reflect.NativeMethodAccessorImpl.invoke(NativeMethodAccessorImpl.java:62)
	at sun.reflect.DelegatingMethodAccessorImpl.invoke(DelegatingMethodAccessorImpl.java:43)
	at java.lang.reflect.Method.invoke(Method.java:498)
	at org.testng.internal.MethodInvocationHelper.invokeMethod(MethodInvocationHelper.java:108)
	at org.testng.internal.Invoker.invokeMethod(Invoker.java:661)
	at org.testng.internal.Invoker.invokeTestMethod(Invoker.java:869)
	at org.testng.internal.Invoker.invokeTestMethods(Invoker.java:1193)
	at org.testng.internal.TestMethodWorker.invokeTestMethods(TestMethodWorker.java:126)
	at org.testng.internal.TestMethodWorker.run(TestMethodWorker.java:109)
	at org.testng.TestRunner.privateRun(TestRunner.java:744)
	at org.testng.TestRunner.run(TestRunner.java:602)
	at org.testng.SuiteRunner.runTest(SuiteRunner.java:380)
	at org.testng.SuiteRunner.runSequentially(SuiteRunner.java:375)
	at org.testng.SuiteRunner.privateRun(SuiteRunner.java:340)
	at org.testng.SuiteRunner.run(SuiteRunner.java:289)
	at org.testng.SuiteRunnerWorker.runSuite(SuiteRunnerWorker.java:52)
	at org.testng.SuiteRunnerWorker.run(SuiteRunnerWorker.java:86)
	at org.testng.TestNG.runSuitesSequentially(TestNG.java:1301)
	at org.testng.TestNG.runSuitesLocally(TestNG.java:1226)
	at org.testng.TestNG.runSuites(TestNG.java:1144)
	at org.testng.TestNG.run(TestNG.java:1115)
	at org.testng.remote.AbstractRemoteTestNG.run(AbstractRemoteTestNG.java:114)
	at org.testng.remote.RemoteTestNG.initAndRun(RemoteTestNG.java:251)
	at org.testng.remote.RemoteTestNG.main(RemoteTestNG.java:77)
]]>
            </full-stacktrace>
          </exception> <!-- java.lang.AssertionError -->
          <reporter-output>
          </reporter-output>
        </test-method> <!-- TestCase01_20 -->
        <test-method status="FAIL" signature="TestCase01_21()[pri:0, instance:core.TubiTVTest@5ff2b8ca]" name="TestCase01_21" duration-ms="27674" started-at="2018-01-05T19:13:35Z" finished-at="2018-01-05T19:14:03Z">
          <exception class="org.openqa.selenium.TimeoutException">
            <message>
              <![CDATA[Expected condition failed: waiting for presence of element located by: By.xpath: /html/body/div[5]/div[2]/div/div/form/div/div[1]/div[2]/div[1]/div[1]/button (tried for 15 second(s) with 500 MILLISECONDS interval)]]>
            </message>
            <full-stacktrace>
              <![CDATA[org.openqa.selenium.TimeoutException: Expected condition failed: waiting for presence of element located by: By.xpath: /html/body/div[5]/div[2]/div/div/form/div/div[1]/div[2]/div[1]/div[1]/button (tried for 15 second(s) with 500 MILLISECONDS interval)
	at org.openqa.selenium.support.ui.WebDriverWait.timeoutException(WebDriverWait.java:82)
	at org.openqa.selenium.support.ui.FluentWait.until(FluentWait.java:231)
	at core.Main.testc(Main.java:35)
	at core.Main.TestCase01_21(Main.java:752)
	at core.TubiTVTest.TestCase01_21(TubiTVTest.java:103)
	at sun.reflect.NativeMethodAccessorImpl.invoke0(Native Method)
	at sun.reflect.NativeMethodAccessorImpl.invoke(NativeMethodAccessorImpl.java:62)
	at sun.reflect.DelegatingMethodAccessorImpl.invoke(DelegatingMethodAccessorImpl.java:43)
	at java.lang.reflect.Method.invoke(Method.java:498)
	at org.testng.internal.MethodInvocationHelper.invokeMethod(MethodInvocationHelper.java:108)
	at org.testng.internal.Invoker.invokeMethod(Invoker.java:661)
	at org.testng.internal.Invoker.invokeTestMethod(Invoker.java:869)
	at org.testng.internal.Invoker.invokeTestMethods(Invoker.java:1193)
	at org.testng.internal.TestMethodWorker.invokeTestMethods(TestMethodWorker.java:126)
	at org.testng.internal.TestMethodWorker.run(TestMethodWorker.java:109)
	at org.testng.TestRunner.privateRun(TestRunner.java:744)
	at org.testng.TestRunner.run(TestRunner.java:602)
	at org.testng.SuiteRunner.runTest(SuiteRunner.java:380)
	at org.testng.SuiteRunner.runSequentially(SuiteRunner.java:375)
	at org.testng.SuiteRunner.privateRun(SuiteRunner.java:340)
	at org.testng.SuiteRunner.run(SuiteRunner.java:289)
	at org.testng.SuiteRunnerWorker.runSuite(SuiteRunnerWorker.java:52)
	at org.testng.SuiteRunnerWorker.run(SuiteRunnerWorker.java:86)
	at org.testng.TestNG.runSuitesSequentially(TestNG.java:1301)
	at org.testng.TestNG.runSuitesLocally(TestNG.java:1226)
	at org.testng.TestNG.runSuites(TestNG.java:1144)
	at org.testng.TestNG.run(TestNG.java:1115)
	at org.testng.remote.AbstractRemoteTestNG.run(AbstractRemoteTestNG.java:114)
	at org.testng.remote.RemoteTestNG.initAndRun(RemoteTestNG.java:251)
	at org.testng.remote.RemoteTestNG.main(RemoteTestNG.java:77)
Caused by: org.openqa.selenium.NoSuchElementException: Cannot locate an element using By.xpath: /html/body/div[5]/div[2]/div/div/form/div/div[1]/div[2]/div[1]/div[1]/button
For documentation on this error, please visit: http://seleniumhq.org/exceptions/no_such_element.html
Build info: version: '3.6.0', revision: '6fbf3ec767', time: '2017-09-27T15:28:36.4Z'
System info: host: 'MacBook-Pro-3.hsd1.ca.comcast.net', ip: 'fe80:0:0:0:4b4:2a71:cf7d:dfc9%en0', os.name: 'Mac OS X', os.arch: 'x86_64', os.version: '10.13.1', java.version: '1.8.0_121'
Driver info: driver.version: unknown
	at org.openqa.selenium.support.ui.ExpectedConditions.lambda$findElement$0(ExpectedConditions.java:882)
	at java.util.Optional.orElseThrow(Optional.java:290)
	at org.openqa.selenium.support.ui.ExpectedConditions.findElement(ExpectedConditions.java:881)
	at org.openqa.selenium.support.ui.ExpectedConditions.access$000(ExpectedConditions.java:43)
	at org.openqa.selenium.support.ui.ExpectedConditions$6.apply(ExpectedConditions.java:182)
	at org.openqa.selenium.support.ui.ExpectedConditions$6.apply(ExpectedConditions.java:179)
	at org.openqa.selenium.support.ui.FluentWait.until(FluentWait.java:208)
	... 28 more
]]>
            </full-stacktrace>
          </exception> <!-- org.openqa.selenium.TimeoutException -->
          <reporter-output>
          </reporter-output>
        </test-method> <!-- TestCase01_21 -->
        <test-method status="FAIL" signature="TestCase01_22()[pri:0, instance:core.TubiTVTest@5ff2b8ca]" name="TestCase01_22" duration-ms="26573" started-at="2018-01-05T19:14:03Z" finished-at="2018-01-05T19:14:30Z">
          <exception class="org.openqa.selenium.TimeoutException">
            <message>
              <![CDATA[Expected condition failed: waiting for presence of element located by: By.xpath: /html/body/div[5]/div[2]/div/div/form/div/div[1]/div[2]/div[1]/div[1]/button (tried for 15 second(s) with 500 MILLISECONDS interval)]]>
            </message>
            <full-stacktrace>
              <![CDATA[org.openqa.selenium.TimeoutException: Expected condition failed: waiting for presence of element located by: By.xpath: /html/body/div[5]/div[2]/div/div/form/div/div[1]/div[2]/div[1]/div[1]/button (tried for 15 second(s) with 500 MILLISECONDS interval)
	at org.openqa.selenium.support.ui.WebDriverWait.timeoutException(WebDriverWait.java:82)
	at org.openqa.selenium.support.ui.FluentWait.until(FluentWait.java:231)
	at core.Main.testc(Main.java:35)
	at core.Main.TestCase01_22(Main.java:772)
	at core.TubiTVTest.TestCase01_22(TubiTVTest.java:107)
	at sun.reflect.NativeMethodAccessorImpl.invoke0(Native Method)
	at sun.reflect.NativeMethodAccessorImpl.invoke(NativeMethodAccessorImpl.java:62)
	at sun.reflect.DelegatingMethodAccessorImpl.invoke(DelegatingMethodAccessorImpl.java:43)
	at java.lang.reflect.Method.invoke(Method.java:498)
	at org.testng.internal.MethodInvocationHelper.invokeMethod(MethodInvocationHelper.java:108)
	at org.testng.internal.Invoker.invokeMethod(Invoker.java:661)
	at org.testng.internal.Invoker.invokeTestMethod(Invoker.java:869)
	at org.testng.internal.Invoker.invokeTestMethods(Invoker.java:1193)
	at org.testng.internal.TestMethodWorker.invokeTestMethods(TestMethodWorker.java:126)
	at org.testng.internal.TestMethodWorker.run(TestMethodWorker.java:109)
	at org.testng.TestRunner.privateRun(TestRunner.java:744)
	at org.testng.TestRunner.run(TestRunner.java:602)
	at org.testng.SuiteRunner.runTest(SuiteRunner.java:380)
	at org.testng.SuiteRunner.runSequentially(SuiteRunner.java:375)
	at org.testng.SuiteRunner.privateRun(SuiteRunner.java:340)
	at org.testng.SuiteRunner.run(SuiteRunner.java:289)
	at org.testng.SuiteRunnerWorker.runSuite(SuiteRunnerWorker.java:52)
	at org.testng.SuiteRunnerWorker.run(SuiteRunnerWorker.java:86)
	at org.testng.TestNG.runSuitesSequentially(TestNG.java:1301)
	at org.testng.TestNG.runSuitesLocally(TestNG.java:1226)
	at org.testng.TestNG.runSuites(TestNG.java:1144)
	at org.testng.TestNG.run(TestNG.java:1115)
	at org.testng.remote.AbstractRemoteTestNG.run(AbstractRemoteTestNG.java:114)
	at org.testng.remote.RemoteTestNG.initAndRun(RemoteTestNG.java:251)
	at org.testng.remote.RemoteTestNG.main(RemoteTestNG.java:77)
Caused by: org.openqa.selenium.NoSuchElementException: Cannot locate an element using By.xpath: /html/body/div[5]/div[2]/div/div/form/div/div[1]/div[2]/div[1]/div[1]/button
For documentation on this error, please visit: http://seleniumhq.org/exceptions/no_such_element.html
Build info: version: '3.6.0', revision: '6fbf3ec767', time: '2017-09-27T15:28:36.4Z'
System info: host: 'MacBook-Pro-3.hsd1.ca.comcast.net', ip: 'fe80:0:0:0:4b4:2a71:cf7d:dfc9%en0', os.name: 'Mac OS X', os.arch: 'x86_64', os.version: '10.13.1', java.version: '1.8.0_121'
Driver info: driver.version: unknown
	at org.openqa.selenium.support.ui.ExpectedConditions.lambda$findElement$0(ExpectedConditions.java:882)
	at java.util.Optional.orElseThrow(Optional.java:290)
	at org.openqa.selenium.support.ui.ExpectedConditions.findElement(ExpectedConditions.java:881)
	at org.openqa.selenium.support.ui.ExpectedConditions.access$000(ExpectedConditions.java:43)
	at org.openqa.selenium.support.ui.ExpectedConditions$6.apply(ExpectedConditions.java:182)
	at org.openqa.selenium.support.ui.ExpectedConditions$6.apply(ExpectedConditions.java:179)
	at org.openqa.selenium.support.ui.FluentWait.until(FluentWait.java:208)
	... 28 more
]]>
            </full-stacktrace>
          </exception> <!-- org.openqa.selenium.TimeoutException -->
          <reporter-output>
          </reporter-output>
        </test-method> <!-- TestCase01_22 -->
        <test-method status="PASS" signature="TestCase02_01()[pri:0, instance:core.TubiTVTest@5ff2b8ca]" name="TestCase02_01" duration-ms="14881" started-at="2018-01-05T19:14:30Z" finished-at="2018-01-05T19:14:45Z">
          <reporter-output>
          </reporter-output>
        </test-method> <!-- TestCase02_01 -->
        <test-method status="PASS" signature="TestCase02_02()[pri:0, instance:core.TubiTVTest@5ff2b8ca]" name="TestCase02_02" duration-ms="10821" started-at="2018-01-05T19:14:45Z" finished-at="2018-01-05T19:14:55Z">
          <reporter-output>
          </reporter-output>
        </test-method> <!-- TestCase02_02 -->
        <test-method status="PASS" signature="TestCase02_03()[pri:0, instance:core.TubiTVTest@5ff2b8ca]" name="TestCase02_03" duration-ms="11362" started-at="2018-01-05T19:14:55Z" finished-at="2018-01-05T19:15:07Z">
          <reporter-output>
          </reporter-output>
        </test-method> <!-- TestCase02_03 -->
        <test-method status="PASS" signature="TestCase02_04()[pri:0, instance:core.TubiTVTest@5ff2b8ca]" name="TestCase02_04" duration-ms="11483" started-at="2018-01-05T19:15:07Z" finished-at="2018-01-05T19:15:18Z">
          <reporter-output>
          </reporter-output>
        </test-method> <!-- TestCase02_04 -->
        <test-method status="PASS" signature="TestCase02_05()[pri:0, instance:core.TubiTVTest@5ff2b8ca]" name="TestCase02_05" duration-ms="14397" started-at="2018-01-05T19:15:18Z" finished-at="2018-01-05T19:15:33Z">
          <reporter-output>
          </reporter-output>
        </test-method> <!-- TestCase02_05 -->
        <test-method status="PASS" signature="TestCase02_06()[pri:0, instance:core.TubiTVTest@5ff2b8ca]" name="TestCase02_06" duration-ms="16996" started-at="2018-01-05T19:15:33Z" finished-at="2018-01-05T19:15:50Z">
          <reporter-output>
          </reporter-output>
        </test-method> <!-- TestCase02_06 -->
        <test-method status="FAIL" signature="TestCase02_07()[pri:0, instance:core.TubiTVTest@5ff2b8ca]" name="TestCase02_07" duration-ms="30404" started-at="2018-01-05T19:15:50Z" finished-at="2018-01-05T19:16:20Z">
          <exception class="org.openqa.selenium.TimeoutException">
            <message>
              <![CDATA[Expected condition failed: waiting for presence of element located by: By.xpath: /html/body/div[5]/div[2]/div/div/form/div/div[1]/div[2]/div[1]/div[1]/button (tried for 15 second(s) with 500 MILLISECONDS interval)]]>
            </message>
            <full-stacktrace>
              <![CDATA[org.openqa.selenium.TimeoutException: Expected condition failed: waiting for presence of element located by: By.xpath: /html/body/div[5]/div[2]/div/div/form/div/div[1]/div[2]/div[1]/div[1]/button (tried for 15 second(s) with 500 MILLISECONDS interval)
	at org.openqa.selenium.support.ui.WebDriverWait.timeoutException(WebDriverWait.java:82)
	at org.openqa.selenium.support.ui.FluentWait.until(FluentWait.java:231)
	at core.Main.testc(Main.java:35)
	at core.Main.TestCase02_07(Main.java:927)
	at core.TubiTVTest.TestCase02_07(TubiTVTest.java:143)
	at sun.reflect.NativeMethodAccessorImpl.invoke0(Native Method)
	at sun.reflect.NativeMethodAccessorImpl.invoke(NativeMethodAccessorImpl.java:62)
	at sun.reflect.DelegatingMethodAccessorImpl.invoke(DelegatingMethodAccessorImpl.java:43)
	at java.lang.reflect.Method.invoke(Method.java:498)
	at org.testng.internal.MethodInvocationHelper.invokeMethod(MethodInvocationHelper.java:108)
	at org.testng.internal.Invoker.invokeMethod(Invoker.java:661)
	at org.testng.internal.Invoker.invokeTestMethod(Invoker.java:869)
	at org.testng.internal.Invoker.invokeTestMethods(Invoker.java:1193)
	at org.testng.internal.TestMethodWorker.invokeTestMethods(TestMethodWorker.java:126)
	at org.testng.internal.TestMethodWorker.run(TestMethodWorker.java:109)
	at org.testng.TestRunner.privateRun(TestRunner.java:744)
	at org.testng.TestRunner.run(TestRunner.java:602)
	at org.testng.SuiteRunner.runTest(SuiteRunner.java:380)
	at org.testng.SuiteRunner.runSequentially(SuiteRunner.java:375)
	at org.testng.SuiteRunner.privateRun(SuiteRunner.java:340)
	at org.testng.SuiteRunner.run(SuiteRunner.java:289)
	at org.testng.SuiteRunnerWorker.runSuite(SuiteRunnerWorker.java:52)
	at org.testng.SuiteRunnerWorker.run(SuiteRunnerWorker.java:86)
	at org.testng.TestNG.runSuitesSequentially(TestNG.java:1301)
	at org.testng.TestNG.runSuitesLocally(TestNG.java:1226)
	at org.testng.TestNG.runSuites(TestNG.java:1144)
	at org.testng.TestNG.run(TestNG.java:1115)
	at org.testng.remote.AbstractRemoteTestNG.run(AbstractRemoteTestNG.java:114)
	at org.testng.remote.RemoteTestNG.initAndRun(RemoteTestNG.java:251)
	at org.testng.remote.RemoteTestNG.main(RemoteTestNG.java:77)
Caused by: org.openqa.selenium.NoSuchElementException: Cannot locate an element using By.xpath: /html/body/div[5]/div[2]/div/div/form/div/div[1]/div[2]/div[1]/div[1]/button
For documentation on this error, please visit: http://seleniumhq.org/exceptions/no_such_element.html
Build info: version: '3.6.0', revision: '6fbf3ec767', time: '2017-09-27T15:28:36.4Z'
System info: host: 'MacBook-Pro-3.hsd1.ca.comcast.net', ip: 'fe80:0:0:0:4b4:2a71:cf7d:dfc9%en0', os.name: 'Mac OS X', os.arch: 'x86_64', os.version: '10.13.1', java.version: '1.8.0_121'
Driver info: driver.version: unknown
	at org.openqa.selenium.support.ui.ExpectedConditions.lambda$findElement$0(ExpectedConditions.java:882)
	at java.util.Optional.orElseThrow(Optional.java:290)
	at org.openqa.selenium.support.ui.ExpectedConditions.findElement(ExpectedConditions.java:881)
	at org.openqa.selenium.support.ui.ExpectedConditions.access$000(ExpectedConditions.java:43)
	at org.openqa.selenium.support.ui.ExpectedConditions$6.apply(ExpectedConditions.java:182)
	at org.openqa.selenium.support.ui.ExpectedConditions$6.apply(ExpectedConditions.java:179)
	at org.openqa.selenium.support.ui.FluentWait.until(FluentWait.java:208)
	... 28 more
]]>
            </full-stacktrace>
          </exception> <!-- org.openqa.selenium.TimeoutException -->
          <reporter-output>
          </reporter-output>
        </test-method> <!-- TestCase02_07 -->
        <test-method status="FAIL" signature="TestCase02_08()[pri:0, instance:core.TubiTVTest@5ff2b8ca]" name="TestCase02_08" duration-ms="27321" started-at="2018-01-05T19:16:20Z" finished-at="2018-01-05T19:16:47Z">
          <exception class="org.openqa.selenium.TimeoutException">
            <message>
              <![CDATA[Expected condition failed: waiting for presence of element located by: By.xpath: /html/body/div[5]/div[2]/div/div/form/div/div[1]/div[2]/div[1]/div[1]/button (tried for 15 second(s) with 500 MILLISECONDS interval)]]>
            </message>
            <full-stacktrace>
              <![CDATA[org.openqa.selenium.TimeoutException: Expected condition failed: waiting for presence of element located by: By.xpath: /html/body/div[5]/div[2]/div/div/form/div/div[1]/div[2]/div[1]/div[1]/button (tried for 15 second(s) with 500 MILLISECONDS interval)
	at org.openqa.selenium.support.ui.WebDriverWait.timeoutException(WebDriverWait.java:82)
	at org.openqa.selenium.support.ui.FluentWait.until(FluentWait.java:231)
	at core.Main.testc(Main.java:35)
	at core.Main.TestCase02_08(Main.java:949)
	at core.TubiTVTest.TestCase02_08(TubiTVTest.java:148)
	at sun.reflect.NativeMethodAccessorImpl.invoke0(Native Method)
	at sun.reflect.NativeMethodAccessorImpl.invoke(NativeMethodAccessorImpl.java:62)
	at sun.reflect.DelegatingMethodAccessorImpl.invoke(DelegatingMethodAccessorImpl.java:43)
	at java.lang.reflect.Method.invoke(Method.java:498)
	at org.testng.internal.MethodInvocationHelper.invokeMethod(MethodInvocationHelper.java:108)
	at org.testng.internal.Invoker.invokeMethod(Invoker.java:661)
	at org.testng.internal.Invoker.invokeTestMethod(Invoker.java:869)
	at org.testng.internal.Invoker.invokeTestMethods(Invoker.java:1193)
	at org.testng.internal.TestMethodWorker.invokeTestMethods(TestMethodWorker.java:126)
	at org.testng.internal.TestMethodWorker.run(TestMethodWorker.java:109)
	at org.testng.TestRunner.privateRun(TestRunner.java:744)
	at org.testng.TestRunner.run(TestRunner.java:602)
	at org.testng.SuiteRunner.runTest(SuiteRunner.java:380)
	at org.testng.SuiteRunner.runSequentially(SuiteRunner.java:375)
	at org.testng.SuiteRunner.privateRun(SuiteRunner.java:340)
	at org.testng.SuiteRunner.run(SuiteRunner.java:289)
	at org.testng.SuiteRunnerWorker.runSuite(SuiteRunnerWorker.java:52)
	at org.testng.SuiteRunnerWorker.run(SuiteRunnerWorker.java:86)
	at org.testng.TestNG.runSuitesSequentially(TestNG.java:1301)
	at org.testng.TestNG.runSuitesLocally(TestNG.java:1226)
	at org.testng.TestNG.runSuites(TestNG.java:1144)
	at org.testng.TestNG.run(TestNG.java:1115)
	at org.testng.remote.AbstractRemoteTestNG.run(AbstractRemoteTestNG.java:114)
	at org.testng.remote.RemoteTestNG.initAndRun(RemoteTestNG.java:251)
	at org.testng.remote.RemoteTestNG.main(RemoteTestNG.java:77)
Caused by: org.openqa.selenium.NoSuchElementException: Cannot locate an element using By.xpath: /html/body/div[5]/div[2]/div/div/form/div/div[1]/div[2]/div[1]/div[1]/button
For documentation on this error, please visit: http://seleniumhq.org/exceptions/no_such_element.html
Build info: version: '3.6.0', revision: '6fbf3ec767', time: '2017-09-27T15:28:36.4Z'
System info: host: 'MacBook-Pro-3.hsd1.ca.comcast.net', ip: 'fe80:0:0:0:4b4:2a71:cf7d:dfc9%en0', os.name: 'Mac OS X', os.arch: 'x86_64', os.version: '10.13.1', java.version: '1.8.0_121'
Driver info: driver.version: unknown
	at org.openqa.selenium.support.ui.ExpectedConditions.lambda$findElement$0(ExpectedConditions.java:882)
	at java.util.Optional.orElseThrow(Optional.java:290)
	at org.openqa.selenium.support.ui.ExpectedConditions.findElement(ExpectedConditions.java:881)
	at org.openqa.selenium.support.ui.ExpectedConditions.access$000(ExpectedConditions.java:43)
	at org.openqa.selenium.support.ui.ExpectedConditions$6.apply(ExpectedConditions.java:182)
	at org.openqa.selenium.support.ui.ExpectedConditions$6.apply(ExpectedConditions.java:179)
	at org.openqa.selenium.support.ui.FluentWait.until(FluentWait.java:208)
	... 28 more
]]>
            </full-stacktrace>
          </exception> <!-- org.openqa.selenium.TimeoutException -->
          <reporter-output>
          </reporter-output>
        </test-method> <!-- TestCase02_08 -->
        <test-method status="PASS" signature="TestCase03_01()[pri:0, instance:core.TubiTVTest@5ff2b8ca]" name="TestCase03_01" duration-ms="13043" started-at="2018-01-05T19:16:47Z" finished-at="2018-01-05T19:17:00Z">
          <reporter-output>
          </reporter-output>
        </test-method> <!-- TestCase03_01 -->
        <test-method status="PASS" signature="TestCase03_02()[pri:0, instance:core.TubiTVTest@5ff2b8ca]" name="TestCase03_02" duration-ms="19875" started-at="2018-01-05T19:17:00Z" finished-at="2018-01-05T19:17:20Z">
          <reporter-output>
          </reporter-output>
        </test-method> <!-- TestCase03_02 -->
        <test-method status="PASS" signature="TestCase03_03()[pri:0, instance:core.TubiTVTest@5ff2b8ca]" name="TestCase03_03" duration-ms="13391" started-at="2018-01-05T19:17:20Z" finished-at="2018-01-05T19:17:34Z">
          <reporter-output>
          </reporter-output>
        </test-method> <!-- TestCase03_03 -->
        <test-method status="PASS" signature="TestCase03_04()[pri:0, instance:core.TubiTVTest@5ff2b8ca]" name="TestCase03_04" duration-ms="13014" started-at="2018-01-05T19:17:34Z" finished-at="2018-01-05T19:17:47Z">
          <reporter-output>
          </reporter-output>
        </test-method> <!-- TestCase03_04 -->
        <test-method status="PASS" signature="TestCase03_05()[pri:0, instance:core.TubiTVTest@5ff2b8ca]" name="TestCase03_05" duration-ms="16923" started-at="2018-01-05T19:17:47Z" finished-at="2018-01-05T19:18:04Z">
          <reporter-output>
          </reporter-output>
        </test-method> <!-- TestCase03_05 -->
        <test-method status="PASS" signature="TestCase03_05_1()[pri:0, instance:core.TubiTVTest@5ff2b8ca]" name="TestCase03_05_1" duration-ms="14747" started-at="2018-01-05T19:18:04Z" finished-at="2018-01-05T19:18:18Z">
          <reporter-output>
          </reporter-output>
        </test-method> <!-- TestCase03_05_1 -->
        <test-method status="PASS" signature="TestCase03_06()[pri:0, instance:core.TubiTVTest@5ff2b8ca]" name="TestCase03_06" duration-ms="13414" started-at="2018-01-05T19:18:18Z" finished-at="2018-01-05T19:18:32Z">
          <reporter-output>
          </reporter-output>
        </test-method> <!-- TestCase03_06 -->
        <test-method status="PASS" signature="TestCase03_07()[pri:0, instance:core.TubiTVTest@5ff2b8ca]" name="TestCase03_07" duration-ms="14720" started-at="2018-01-05T19:18:32Z" finished-at="2018-01-05T19:18:47Z">
          <reporter-output>
          </reporter-output>
        </test-method> <!-- TestCase03_07 -->
        <test-method status="PASS" signature="TestCase05_01()[pri:0, instance:core.TubiTVTest@5ff2b8ca]" name="TestCase05_01" duration-ms="14167" started-at="2018-01-05T19:18:47Z" finished-at="2018-01-05T19:19:01Z">
          <reporter-output>
          </reporter-output>
        </test-method> <!-- TestCase05_01 -->
        <test-method status="PASS" signature="TestCase05_02()[pri:0, instance:core.TubiTVTest@5ff2b8ca]" name="TestCase05_02" duration-ms="13534" started-at="2018-01-05T19:19:01Z" finished-at="2018-01-05T19:19:14Z">
          <reporter-output>
          </reporter-output>
        </test-method> <!-- TestCase05_02 -->
        <test-method status="FAIL" signature="TestCase05_03()[pri:0, instance:core.TubiTVTest@5ff2b8ca]" name="TestCase05_03" duration-ms="13991" started-at="2018-01-05T19:19:14Z" finished-at="2018-01-05T19:19:28Z">
          <exception class="java.lang.AssertionError">
            <message>
              <![CDATA[
Expected: "Test 7"
     but: was "Born to Fly"]]>
            </message>
            <full-stacktrace>
              <![CDATA[java.lang.AssertionError: 
Expected: "Test 7"
     but: was "Born to Fly"
	at org.hamcrest.MatcherAssert.assertThat(MatcherAssert.java:18)
	at org.hamcrest.MatcherAssert.assertThat(MatcherAssert.java:6)
	at core.TubiTVTest.TestCase05_03(TubiTVTest.java:202)
	at sun.reflect.NativeMethodAccessorImpl.invoke0(Native Method)
	at sun.reflect.NativeMethodAccessorImpl.invoke(NativeMethodAccessorImpl.java:62)
	at sun.reflect.DelegatingMethodAccessorImpl.invoke(DelegatingMethodAccessorImpl.java:43)
	at java.lang.reflect.Method.invoke(Method.java:498)
	at org.testng.internal.MethodInvocationHelper.invokeMethod(MethodInvocationHelper.java:108)
	at org.testng.internal.Invoker.invokeMethod(Invoker.java:661)
	at org.testng.internal.Invoker.invokeTestMethod(Invoker.java:869)
	at org.testng.internal.Invoker.invokeTestMethods(Invoker.java:1193)
	at org.testng.internal.TestMethodWorker.invokeTestMethods(TestMethodWorker.java:126)
	at org.testng.internal.TestMethodWorker.run(TestMethodWorker.java:109)
	at org.testng.TestRunner.privateRun(TestRunner.java:744)
	at org.testng.TestRunner.run(TestRunner.java:602)
	at org.testng.SuiteRunner.runTest(SuiteRunner.java:380)
	at org.testng.SuiteRunner.runSequentially(SuiteRunner.java:375)
	at org.testng.SuiteRunner.privateRun(SuiteRunner.java:340)
	at org.testng.SuiteRunner.run(SuiteRunner.java:289)
	at org.testng.SuiteRunnerWorker.runSuite(SuiteRunnerWorker.java:52)
	at org.testng.SuiteRunnerWorker.run(SuiteRunnerWorker.java:86)
	at org.testng.TestNG.runSuitesSequentially(TestNG.java:1301)
	at org.testng.TestNG.runSuitesLocally(TestNG.java:1226)
	at org.testng.TestNG.runSuites(TestNG.java:1144)
	at org.testng.TestNG.run(TestNG.java:1115)
	at org.testng.remote.AbstractRemoteTestNG.run(AbstractRemoteTestNG.java:114)
	at org.testng.remote.RemoteTestNG.initAndRun(RemoteTestNG.java:251)
	at org.testng.remote.RemoteTestNG.main(RemoteTestNG.java:77)
]]>
            </full-stacktrace>
          </exception> <!-- java.lang.AssertionError -->
          <reporter-output>
          </reporter-output>
        </test-method> <!-- TestCase05_03 -->
        <test-method status="PASS" signature="TestCase05_04()[pri:0, instance:core.TubiTVTest@5ff2b8ca]" name="TestCase05_04" duration-ms="12317" started-at="2018-01-05T19:19:28Z" finished-at="2018-01-05T19:19:41Z">
          <reporter-output>
          </reporter-output>
        </test-method> <!-- TestCase05_04 -->
        <test-method status="PASS" signature="TestCase05_05()[pri:0, instance:core.TubiTVTest@5ff2b8ca]" name="TestCase05_05" duration-ms="12169" started-at="2018-01-05T19:19:41Z" finished-at="2018-01-05T19:19:53Z">
          <reporter-output>
          </reporter-output>
        </test-method> <!-- TestCase05_05 -->
        <test-method status="PASS" signature="TestCase06_0()[pri:0, instance:core.TubiTVTest@5ff2b8ca]" name="TestCase06_0" duration-ms="25033" started-at="2018-01-05T19:19:53Z" finished-at="2018-01-05T19:20:18Z">
          <reporter-output>
          </reporter-output>
        </test-method> <!-- TestCase06_0 -->
      </class> <!-- core.TubiTVTest -->
    </test> <!-- Default test -->
  </suite> <!-- Default suite -->
</testng-results>
